11 22 11
58 10 12
15 38 14
x
x
31 0 10
10 29 21
x
10 4 0
35 7 0
x
53 0 11
59 0 42
56 4 0
57 41 17
22 24 33
x
51 37 17
49 24 40
x
54 21 22
49 20 30
9 26 40
22 40 36
14 9 13
28 32 4
7 27 6
8 29 27
18 0 21
10 28 18
x
54 34 29
3 38 12
x
29 27 1
16 19 32
x
50 29 42
59 37 13
46 9 12
34 30 34
47 0 19
19 25 30
x
x
49 7 24
32 21 43
36 5 31
54 18 1
x
1 27 25
19 37 38
13 37 38
38 1 5
22 30 0
40 16 2
8 15 5
13 32 11
38 28 30
27 31 29
39 19 38
10 0 30
x
28 38 21
x
39 0 39
x
x
37 4 13
x
10 27 13
24 39 43
52 30 31
x
48 22 31
x
17 5 9
29 17 30
1 13 3
16 36 13
x
47 13 31
54 27 10
15 14 30
41 8 40
7 22 43
25 6 7
x
53 6 32
x
41 28 29
39 11 6
8 11 33
x
59 6 30
47 5 28
28 15 34
10 26 42
x
50 26 5
8 39 3
44 8 5
58 11 21
x
27 0 10
x
1 11 33
14 30 23
28 14 40
52 18 39
28 13 18
30 27 41
2 34 11
8 13 41
20 7 8
45 9 35
x
58 1 39
x
x
55 26 28
59 1 3
8 36 42
x
x
x
40 40 36
50 1 6
7 26 32
x
x
28 23 5
47 11 38
10 15 28
30 32 3
x
15 24 5
16 14 1
x
22 37 29
x
30 6 39
11 32 8
43 29 43
48 19 32
17 22 20
37 0 2
x
35 25 4
8 33 36
x
8 30 37
37 9 32
47 33 39
5 30 17
x
x
47 26 20
27 8 9
5 34 25
x
x
53 18 25
55 4 43
46 12 6
38 6 38
x
7 13 2
x
38 11 23
24 9 33
5 2 15
24 31 10
21 27 13
56 8 8
31 38 6
14 31 36
7 10 19
53 25 28
11 6 24
9 4 26
10 40 29
37 37 9
50 33 22
11 31 3
48 3 1
46 23 3
x
25 14 19
33 4 43
x
2 13 10
5 4 21
x
34 5 2
x
x
26 20 11
50 13 39
9 9 33
27 4 41
7 35 40
0 25 36
38 16 19
10 19 42
2 3 0
53 40 8
x
25 13 5
43 9 35
51 24 9
2 21 13
x
x
x
x
21 25 15
0 21 8
20 33 17
16 20 40
44 2 9
53 26 36
21 7 18
45 28 21
17 15 37
24 27 21
55 12 15
x
37 29 8
48 17 0
x
0 0 15
58 2 4
58 3 31
36 17 27
x
44 26 30
33 10 15
1 7 4
14 25 30
x
16 0 4
32 38 5
47 31 14
11 30 27
31 6 24
21 16 19
58 4 5
53 38 34
59 9 32
53 34 12
26 3 40
43 4 39
14 35 18
10 32 3
54 38 12
x
1 21 23
21 34 32
9 14 31
27 23 35
x
x
x
9 12 35
42 18 29
x
55 16 23
58 5 41
42 21 10
0 33 21
11 29 12
52 19 3
x
x
27 32 20
9 35 25
48 11 33
x
5 31 19
4 13 31
30 34 31
46 0 20
x
27 2 2
x
9 20 10
x
43 40 41
x
55 34 5
44 34 12
x
42 9 0
11 28 32
19 1 41
32 18 23
33 7 19
27 14 43
x
x
38 41 1
0 26 1
18 24 39
58 6 32
x
25 0 8
18 26 19
46 35 17
x
47 3 40
57 23 9
58 20 0
x
43 10 20
27 20 31
7 20 30
54 11 34
36 22 41
42 7 2
58 7 14
6 8 17
51 28 41
41 24 8
28 10 6
22 35 41
x
46 1 23
54 25 41
11 27 5
10 36 12
20 3 34
45 38 15
15 32 8
x
51 18 7
19 0 1
56 13 21
10 30 43
27 10 33
x
7 40 23
41 32 15
41 2 17
0 40 35
43 23 14
34 13 14
x
x
51 22 5
42 12 7
59 12 14
28 36 19
x
4 8 22
58 8 16
x
x
x
x
x
x
42 15 15
41 5 21
14 7 43
0 19 31
49 13 15
48 25 29
11 25 16
x
56 0 37
0 15 17
x
39 31 12
x
58 9 8
22 9 35
46 3 31
x
46 4 32
x
4 23 43
x
35 10 40
30 11 9
13 7 27
28 3 4
53 27 22
22 33 9
46 27 11
22 32 8
43 14 23
x
23 35 42
22 14 27
6 40 29
36 26 39
59 28 39
56 30 42
32 35 40
46 7 18
17 7 42
9 41 19
x
53 14 30
x
7 8 34
58 12 23
36 0 14
x
x
x
19 27 28
x
32 28 29
x
45 34 1
14 0 1
28 16 22
48 5 38
x
6 31 12
40 25 24
5 18 11
x
28 20 28
20 15 2
46 5 37
58 28 36
25 22 16
17 33 23
30 0 19
x
45 14 0
0 31 20
x
x
17 13 36
17 37 35
57 14 1
22 31 40
x
x
5 37 39
23 7 14
x
x
43 37 42
x
34 25 27
31 16 28
25 36 6
x
20 11 9
8 20 26
33 1 7
x
x
x
6 23 14
35 16 22
25 32 41
31 18 34
31 23 0
8 9 10
6 18 15
x
x
x
18 19 10
x
x
x
x
x
x
28 2 12
41 14 0
35 19 3
10 9 11
49 4 12
17 2 3
42 24 38
30 1 37
x
26 27 29
17 0 10
x
x
x
x
46 2 43
21 1 17
18 30 40
x
x
59 26 4
x
x
16 10 26
22 29 7
21 29 9
18 15 6
57 22 17
13 15 34
27 37 14
13 19 8
34 38 6
18 11 36
37 12 11
24 15 9
54 23 39
46 16 41
10 3 6
6 13 16
57 32 38
23 12 5
25 9 34
x
42 27 13
52 24 36
11 10 1
1 17 6
x
39 20 3
54 4 20
x
x
x
26 30 28
46 31 16
13 23 3
55 28 32
40 0 43
11 24 17
19 11 16
55 20 19
21 26 43
x
x
33 41 16
9 1 23
57 17 35
34 18 35
47 1 22
33 18 4
45 17 7
10 13 38
11 23 4
52 28 42
45 0 26
15 7 33
22 0 37
7 6 35
33 21 23
51 12 23
x
x
58 18 37
42 30 28
x
43 28 17
16 2 18
x
48 0 37
6 3 4
1 24 24
36 11 6
10 17 2
31 27 35
53 28 41
24 36 0
51 15 37
3 32 37
3 27 36
x
54 3 36
19 7 43
53 29 39
x
34 41 1
1 33 27
x
56 25 30
12 38 14
41 25 42
15 30 34
57 30 22
47 35 19
53 10 22
47 34 12
37 2 40
53 30 27
23 2 1
46 33 29
54 8 31
1 39 29
7 4 1
47 9 13
x
33 0 30
37 21 28
35 1 28
51 4 20
59 18 41
13 11 42
4 0 10
52 15 1
53 31 14
x
51 7 43
51 29 21
52 25 15
28 0 13
x
4 34 30
51 11 40
11 21 38
9 18 37
57 1 26
46 6 30
42 36 40
33 34 32
x
x
56 35 7
7 1 28
58 0 16
33 29 17
15 35 12
57 0 35
11 20 41
4 38 41
x
49 39 3
32 34 7
24 12 2
x
47 32 27
21 5 25
18 39 11
38 21 12
11 4 9
x
25 26 17
33 35 25
18 3 32
x
x
28 4 16
x
28 26 3
x
x
45 13 30
58 24 20
x
11 19 7
41 29 32
15 0 24
x
26 15 25
59 36 22
x
23 36 10
35 13 24
11 18 28
28 28 6
x
59 34 27
58 30 43
x
28 30 12
39 5 26
4 28 34
59 21 24
0 41 34
30 16 26
31 41 4
x
28 5 19
x
7 2 9
14 2 32
x
42 39 6
25 16 15
37 18 33
29 32 39
x
x
11 17 29
x
30 21 30
43 36 21
x
x
58 32 18
11 16 14
28 6 21
0 8 18
10 23 21
40 4 20
20 27 4
48 13 11
x
38 30 7
16 32 21
5 0 13
x
10 21 13
x
28 7 36
7 36 24
x
x
x
41 36 35
x
11 39 39
x
8 0 13
35 39 21
11 26 15
40 39 5
x
x
x
x
x
x
x
55 8 33
58 36 29
x
x
7 34 0
8 3 8
x
45 5 33
52 9 4
49 28 13
28 8 7
32 0 36
49 23 2
7 41 38
40 33 25
47 30 37
x
57 10 28
49 16 41
47 29 32
55 38 6
x
28 9 3
27 17 36
40 31 7
27 25 27
18 33 7
x
58 38 40
16 28 43
22 34 2
16 24 0
7 32 32
x
32 23 33
1 3 2
20 23 15
27 16 2
24 6 35
x
x
14 38 17
13 0 21
48 15 7
x
32 7 18
x
22 4 12
59 15 27
21 37 20
23 38 26
x
47 7 24
x
29 37 37
28 40 7
53 3 29
31 22 21
37 3 16
43 0 37
31 9 22
x
49 34 28
47 37 4
x
7 33 25
x
x
45 27 18
x
38 35 17
x
39 27 10
46 40 10
x
44 15 36
47 28 43
20 38 22
x
19 17 0
51 32 16
4 3 23
x
50 9 36
x
x
31 13 16
39 33 30
2 10 30
39 39 16
53 22 0
x
57 20 40
47 27 23
17 27 22
5 24 38
7 18 20
3 40 29
x
x
35 4 18
36 30 18
20 19 42
54 0 40
x
3 5 40
x
58 34 11
x
x
54 33 26
34 21 8
20 0 13
12 36 33
3 18 28
43 18 27
x
28 11 9
x
11 0 43
0 4 16
23 30 23
53 11 33
x
x
44 3 8
47 16 9
26 34 3
59 31 36
5 15 26
25 38 13
12 22 29
2 17 12
1 36 28
36 32 36
12 39 37
22 36 2
6 0 21
x
15 13 11
19 15 25
11 12 34
56 40 14
x
58 26 33
41 18 34
46 10 36
39 36 18
52 6 26
x
6 34 7
46 14 42
43 32 32
34 0 33
50 23 10
7 37 39
35 22 26
x
21 9 16
55 32 27
58 22 19
23 19 24
19 20 29
7 38 31
x
5 22 9
21 18 31
47 21 25
32 2 13
7 39 22
23 18 34
14 19 15
16 41 6
28 12 28
x
x
45 21 34
49 0 14
24 18 18
53 17 27
37 23 43
6 29 11
21 11 22
27 6 29
x
19 10 5
2 38 9
53 36 6
x
23 0 28
15 5 2
x
46 19 2
x
58 14 31
40 10 31
x
x
x
x
x
37 28 0
x
33 25 42
0 13 32
44 38 19
50 40 16
40 7 37
42 0 4
18 7 37
11 2 36
x
2 30 14
x
58 16 15
52 38 35
12 17 2
19 34 3
38 0 20
x
12 0 5
30 40 2
29 12 32
59 7 7
56 24 2
10 11 41
x
50 0 35
21 0 29
50 22 25
x
14 28 35
17 17 31
12 7 7
21 13 21
21 30 4
21 32 3
22 20 30
57 36 16
48 34 20
x
x
42 1 1
26 0 36
36 37 42
42 3 11
29 7 24
23 24 39
17 9 27
15 19 39
x
12 30 16
x
x
26 38 12
3 11 20
12 12 28
x
32 10 1
x
29 2 23
42 5 3
58 41 6
7 0 28
10 34 27
55 0 11
4 18 32
23 27 6
31 32 32
41 41 38
x
50 37 18
39 1 41
8 27 27
x
37 32 29
x
35 30 36
x
x
53 32 10
44 30 31
26 9 38
24 23 4
50 18 27
20 32 27
x
50 5 8
27 36 22
56 18 24
3 22 33
x
1 0 19
9 30 22
59 22 2
10 31 5
12 27 9
2 0 7
x
0 36 5
36 6 3
44 22 16
x
34 33 38
34 9 11
19 32 14
41 0 23
48 37 19
x
39 23 4
3 0 14
x
51 1 19
20 40 18
x
35 33 20
x
24 0 42
44 18 18
10 38 32
16 6 25
x
x
2 26 37
48 31 23
40 1 33
2 27 22
32 15 12
13 27 4
3 1 42
5 21 16
x
28 34 16
34 1 16
40 20 1
x
11 34 14
x
40 14 19
13 3 12
29 22 26
46 8 16
52 33 2
8 21 18
x
49 41 9
14 11 6
12 2 41
39 13 22
x
52 0 18
35 0 2
48 28 43
x
14 14 19
41 11 28
29 0 0
3 14 24
28 18 18
37 11 37
5 12 27
1 30 26
11 35 20
x
26 7 22
51 0 14
x
x
x
42 33 33
57 39 18
21 3 11
57 4 25
x
36 23 21
33 15 12
5 7 35
