x
x
x
31 22 12
93 4 123
x
26 12 137
76 19 62
85 34 163
x
74 0 2
57 11 173
13 4 16
32 37 134
62 0 23
119 3 151
113 22 53
59 36 170
77 13 27
72 35 125
88 7 90
73 5 70
79 34 115
x
105 32 4
28 18 110
109 4 9
55 18 98
5 25 13
99 6 156
64 16 16
72 16 158
19 6 133
44 34 79
24 20 77
93 19 167
88 22 153
58 3 42
56 1 152
x
12 3 99
113 6 151
34 25 5
119 2 105
x
3 19 25
x
16 10 56
93 23 40
77 21 37
73 34 129
58 40 48
76 1 39
51 0 51
110 16 125
27 17 149
39 20 125
103 12 15
4 41 143
47 34 83
103 33 71
55 0 57
x
x
46 0 167
48 2 175
92 0 43
89 20 106
51 7 92
x
47 22 38
103 7 152
x
94 30 106
0 17 145
88 19 127
x
x
27 27 147
58 36 174
57 17 125
87 34 129
42 34 91
x
x
73 2 26
50 20 115
108 7 5
80 6 68
89 32 150
22 19 174
14 26 174
48 25 10
73 29 128
x
91 27 65
8 11 54
36 23 161
30 30 146
16 35 84
35 30 112
51 39 107
90 4 97
75 0 137
85 13 2
x
100 22 175
106 9 111
74 17 44
x
102 0 4
x
77 29 11
66 16 127
69 40 10
x
90 35 73
x
x
75 3 142
x
105 0 118
33 34 158
66 37 110
43 30 120
70 3 107
54 18 77
94 23 149
66 11 126
x
x
77 33 76
0 31 97
37 33 55
13 16 136
90 8 96
x
118 25 38
31 29 102
11 31 83
118 31 149
x
x
x
x
2 33 47
x
12 41 173
x
0 1 62
47 6 165
79 5 13
64 3 176
x
89 26 38
98 0 62
x
113 0 27
106 7 48
63 5 28
76 15 151
43 20 61
107 25 137
0 28 96
29 3 142
118 19 19
62 23 67
70 19 106
31 32 108
52 22 1
x
23 2 108
x
29 30 91
29 39 120
5 33 67
x
23 26 65
97 0 63
20 18 135
107 21 104
19 2 134
x
98 2 61
2 9 79
34 23 7
x
x
x
100 31 116
70 14 91
71 2 111
72 29 157
x
0 25 95
75 6 155
23 30 59
53 24 50
68 21 25
x
118 34 71
108 3 82
x
40 15 106
74 32 73
x
48 34 161
x
90 0 98
65 17 15
40 21 173
26 18 115
2 3 146
10 13 58
95 24 57
75 15 44
x
51 19 112
99 32 100
x
10 16 33
x
x
33 18 22
x
21 8 43
112 36 68
75 18 45
x
115 12 117
x
51 15 76
81 0 65
x
x
x
48 0 58
x
36 7 71
52 39 106
52 5 84
105 37 8
88 2 56
42 8 99
5 2 60
72 23 12
63 21 51
24 21 178
76 12 100
70 8 178
x
119 0 110
42 2 101
47 28 179
79 13 25
x
75 30 92
24 11 161
x
41 26 73
x
71 34 8
62 14 63
84 23 167
37 13 53
x
68 18 24
98 10 54
97 31 143
x
81 32 0
39 6 150
64 29 172
0 22 94
115 20 37
79 9 26
0 19 92
58 13 75
6 6 72
111 19 167
8 2 42
7 37 104
111 22 121
51 11 45
20 38 159
100 12 91
54 23 158
x
91 12 35
85 6 84
6 37 1
21 12 54
75 39 72
87 2 95
25 27 150
25 22 151
x
119 24 28
89 9 54
11 27 73
x
100 6 136
22 12 90
118 13 114
98 17 147
90 33 9
7 34 105
93 0 83
111 25 168
x
x
67 22 131
x
21 3 73
x
43 12 35
x
58 39 46
77 25 12
77 17 161
40 2 136
54 26 2
x
66 7 122
x
x
51 3 93
63 18 143
76 24 143
58 23 67
3 13 91
2 26 68
112 20 93
103 28 31
93 31 134
24 2 76
37 36 54
77 3 97
119 15 107
39 5 0
111 0 50
108 31 165
2 5 78
70 25 20
32 35 110
10 2 57
13 24 65
107 6 22
63 30 145
114 29 46
7 31 93
57 40 153
36 33 139
x
102 31 19
x
69 33 85
48 20 94
48 16 72
7 28 107
48 8 74
x
x
52 17 0
41 6 2
x
32 20 52
5 12 38
x
x
106 37 146
68 15 14
35 18 126
77 9 28
x
x
68 12 13
98 27 154
50 14 60
66 26 48
x
x
69 17 112
x
68 9 169
114 25 7
107 1 80
86 19 131
x
91 17 5
68 37 113
x
52 27 85
x
80 40 103
x
x
49 19 34
89 0 1
22 32 139
49 25 31
22 27 140
23 23 123
x
87 0 157
49 9 41
x
95 20 1
17 22 97
45 34 4
x
x
104 2 104
25 34 177
91 32 161
39 22 29
42 0 167
x
x
14 1 171
x
67 15 149
11 7 23
33 7 127
49 29 29
50 24 71
117 4 25
x
x
4 22 147
7 22 109
114 21 6
53 27 59
69 7 137
100 18 176
45 5 119
24 29 154
x
53 32 36
30 9 164
x
x
x
16 14 65
x
49 23 32
20 21 167
x
62 12 65
48 12 73
x
41 17 94
115 16 42
119 36 31
8 39 110
110 20 88
26 7 136
68 6 168
x
92 37 111
49 0 24
8 36 111
x
60 37 93
x
x
107 24 91
5 0 148
100 3 165
78 37 42
107 26 134
26 2 92
x
4 24 75
31 6 41
9 3 22
20 31 88
53 37 35
102 20 56
x
24 3 179
x
102 15 159
x
91 20 6
18 31 63
x
112 10 155
17 41 79
50 33 159
34 37 39
92 22 108
59 12 155
57 5 20
75 36 94
x
67 11 150
79 17 24
90 38 50
82 34 10
76 37 177
x
16 27 70
114 12 95
x
92 17 99
91 23 7
26 0 62
49 4 81
106 12 45
x
99 38 38
118 24 176
21 10 42
15 14 94
21 1 135
53 17 109
97 39 13
x
62 36 153
57 2 52
59 18 137
43 1 77
x
x
34 36 62
54 6 13
35 4 144
84 20 133
102 11 18
31 0 16
x
53 11 47
x
x
x
41 7 26
21 6 85
12 22 10
54 1 14
40 38 90
104 21 128
91 38 105
47 33 49
17 0 125
3 41 144
93 8 82
87 41 149
99 0 173
x
8 15 55
49 14 9
41 29 72
60 32 155
59 15 154
106 30 51
108 41 110
x
x
57 34 139
41 20 92
103 39 84
x
19 14 129
62 10 83
x
57 36 145
x
62 25 68
83 1 61
x
x
x
56 3 158
x
66 32 132
26 30 45
x
x
53 7 27
12 16 11
24 28 68
23 34 71
71 30 9
71 9 135
112 4 157
48 40 156
112 26 62
65 24 109
x
8 33 112
x
27 0 116
x
112 16 143
49 18 116
50 37 64
112 33 134
106 22 55
110 1 142
98 12 37
59 9 124
44 23 19
28 14 111
35 8 145
x
100 28 115
x
24 18 67
11 13 59
10 31 27
62 9 84
54 0 122
37 1 69
34 35 63
84 13 108
103 36 87
x
14 29 8
x
101 37 179
59 6 122
83 11 67
104 34 44
26 36 50
65 30 29
x
20 2 124
57 0 49
5 31 149
x
104 30 45
x
111 35 69
110 13 122
x
116 24 41
79 30 87
79 3 172
x
118 38 74
118 15 79
68 35 163
6 33 89
72 19 37
50 30 123
83 33 117
105 4 86
34 34 64
71 38 148
x
x
34 33 65
30 27 159
85 38 4
6 10 66
110 32 171
34 32 82
103 22 109
65 4 69
112 40 112
34 31 83
x
103 17 16
34 30 84
115 6 158
115 3 140
x
13 39 117
18 3 101
56 32 105
39 27 27
11 2 24
101 34 42
42 11 98
39 37 89
28 32 103
x
119 41 51
x
105 28 147
4 28 76
71 15 108
30 20 178
9 30 37
4 1 52
36 12 31
x
60 22 105
103 30 46
107 29 52
35 24 45
x
42 30 157
7 5 20
98 23 155
72 41 53
23 12 106
44 39 75
x
x
64 2 56
114 2 23
119 23 50
94 2 26
23 17 105
110 10 153
44 13 155
x
x
32 0 34
x
x
7 41 142
34 29 78
71 0 162
14 2 118
58 29 70
54 33 114
x
118 1 3
43 26 68
13 35 167
x
93 13 169
x
x
x
114 8 133
14 8 120
110 7 72
110 4 73
56 0 71
13 34 166
94 29 34
60 7 102
16 30 74
24 38 176
17 1 69
x
x
50 27 121
46 27 39
92 3 127
x
x
96 0 55
x
56 28 104
x
4 14 26
24 33 141
x
45 1 177
1 18 31
99 12 110
95 33 75
18 8 100
68 3 167
4 37 46
66 28 49
43 24 67
119 9 138
81 18 82
94 14 120
x
38 0 179
17 4 68
x
x
x
118 20 75
85 26 148
9 13 150
62 17 59
10 21 156
45 9 148
68 0 166
95 31 77
116 19 10
78 35 102
2 0 87
19 38 123
26 38 49
x
x
62 11 82
42 14 97
x
x
43 37 25
101 8 8
45 11 147
55 24 118
116 14 11
63 1 27
87 37 168
91 34 144
14 17 123
42 17 96
45 13 146
112 13 154
x
38 32 116
1 27 17
x
37 4 88
15 9 95
63 9 81
8 6 41
x
x
115 9 164
112 7 156
x
x
x
2 13 80
x
106 25 30
x
51 27 157
x
80 16 78
x
x
56 20 99
38 27 115
45 0 117
x
17 36 80
102 2 130
53 1 43
x
78 30 77
13 10 29
x
34 28 160
30 21 131
x
114 34 36
34 27 37
63 25 160
72 34 57
x
x
16 9 71
65 37 17
93 11 29
x
x
96 27 14
4 19 90
x
41 23 74
x
x
95 13 133
99 39 137
61 32 99
10 37 6
x
36 0 111
50 21 70
104 15 58
112 1 159
106 39 77
22 3 168
38 22 114
x
92 12 103
46 21 62
14 20 124
62 29 165
102 22 148
35 13 58
63 13 121
x
x
7 15 0
2 31 140
61 22 97
117 8 108
38 17 48
x
x
21 30 57
43 8 13
x
55 6 95
39 3 165
69 0 22
x
x
15 19 93
61 17 96
85 30 162
104 9 129
x
95 27 79
x
54 37 78
9 0 155
72 4 156
x
116 9 12
x
82 26 8
96 19 153
109 0 85
81 28 166
95 1 69
31 35 107
106 18 18
52 11 63
84 4 15
41 1 152
x
119 7 16
114 38 35
12 33 9
3 4 71
56 13 69
117 33 60
38 12 49
x
x
65 31 6
x
x
66 36 118
53 20 110
101 16 58
73 8 71
111 15 174
110 23 76
7 11 48
26 34 51
x
88 39 169
x
40 33 86
46 34 6
8 21 125
x
3 8 70
28 11 86
x
29 24 119
x
97 22 90
34 26 4
64 39 54
x
56 7 54
10 11 159
84 28 122
94 10 48
x
x
x
38 2 47
47 40 90
28 0 117
9 34 36
82 30 9
19 22 127
x
6 31 141
43 10 14
46 38 7
82 38 146
108 27 144
51 30 8
79 0 99
102 36 57
8 24 115
x
19 18 128
28 10 70
87 21 147
50 9 61
1 35 85
34 38 38
56 10 55
94 6 47
18 19 118
x
86 0 52
54 36 54
85 22 176
23 38 85
x
x
67 20 61
33 30 15
102 8 146
116 4 29
x
40 18 105
16 5 54
77 39 165
x
93 24 126
95 25 80
25 4 131
x
80 0 34
57 8 19
114 9 83
57 30 149
119 11 136
36 2 33
86 32 41
38 7 113
25 12 143
15 37 164
65 34 30
62 15 40
x
x
71 25 179
86 39 134
x
114 19 172
8 27 114
2 18 74
25 41 87
91 14 88
x
x
119 19 101
43 16 59
x
19 34 124
x
95 4 170
75 27 74
x
83 0 51
37 18 162
29 8 144
112 31 137
68 25 175
34 24 6
42 39 104
11 24 152
77 0 98
108 15 109
83 37 105
26 27 122
62 27 75
10 22 7
93 3 28
57 32 138
89 34 21
72 13 140
117 37 33
23 41 59
119 1 109
92 9 139
57 20 160
x
0 35 51
105 20 115
104 17 10
5 16 15
91 0 151
64 25 136
113 37 57
x
16 0 170
101 33 33
x
73 26 164
67 37 114
x
87 17 48
113 32 1
x
18 34 175
x
x
113 27 56
59 0 82
x
21 5 121
62 13 64
115 34 141
x
64 33 124
53 0 48
21 24 172
112 35 123
93 37 119
88 0 128
x
x
x
45 31 17
13 29 161
x
51 37 115
x
86 21 35
22 9 36
33 14 143
x
43 22 66
33 0 42
38 37 117
x
21 4 55
36 25 140
x
8 30 113
50 4 66
107 11 2
34 22 8
84 14 179
119 17 102
45 18 37
112 0 175
x
67 9 177
x
101 10 131
116 34 59
x
118 7 39
41 37 23
x
x
56 41 89
x
x
82 24 136
27 32 146
24 27 69
54 16 55
13 19 64
116 0 145
96 35 25
x
57 28 150
31 23 135
115 28 152
74 37 74
34 21 9
87 13 145
45 3 143
28 23 121
55 10 96
91 10 36
32 25 46
63 38 123
x
59 29 69
101 32 32
26 28 40
29 18 153
54 24 28
x
119 31 14
95 29 78
83 19 154
x
61 2 92
66 0 21
89 14 36
61 12 95
16 37 165
96 31 24
x
19 30 125
86 41 50
1 0 137
117 28 0
x
37 39 93
x
9 16 56
107 23 129
x
14 36 169
x
64 0 35
26 40 48
21 14 41
29 0 79
10 0 158
58 18 68
13 31 163
33 37 24
x
68 29 139
83 27 59
x
62 7 41
13 32 164
61 27 98
8 0 88
36 17 32
78 27 81
x
x
119 5 15
19 26 126
71 8 58
67 0 52
89 22 71
x
28 4 160
88 14 63
49 27 30
54 11 169
x
25 0 122
61 37 100
24 0 75
77 6 96
30 0 56
x
55 2 44
64 11 50
101 22 114
x
34 20 10
x
73 11 115
34 19 11
x
x
21 2 74
83 22 85
60 2 101
12 9 101
101 17 157
57 26 151
25 8 130
85 19 132
46 15 79
x
79 38 116
71 20 141
x
67 3 119
4 11 86
58 9 102
x
45 38 5
62 2 88
12 28 28
x
31 15 21
73 0 79
x
107 37 40
28 27 104
x
13 33 165
30 39 138
118 0 132
4 32 77
96 15 122
5 22 53
108 0 150
x
x
x
x
x
59 24 163
28 37 102
x
x
0 3 4
44 8 175
62 8 43
14 35 160
x
104 7 11
83 17 51
6 24 134
7 0 19
31 26 109
x
13 0 40
101 35 160
81 37 79
x
70 40 161
93 36 76
x
105 16 98
113 17 58
46 10 80
x
66 23 34
34 18 12
x
75 33 93
55 34 135
44 18 154
x
64 21 170
17 39 81
108 13 105
83 40 144
x
x
51 34 26
x
x
31 7 130
45 15 144
87 9 46
95 39 66
101 36 178
x
0 11 3
44 28 137
x
70 0 142
84 6 178
x
37 10 50
3 37 129
x
1 23 39
54 32 22
51 35 117
100 0 166
24 9 62
0 9 63
65 35 7
104 27 118
42 24 169
x
x
40 0 87
113 12 178
21 0 72
87 5 7
115 38 78
119 34 13
18 13 99
63 34 147
x
44 3 118
30 34 147
63 26 146
60 12 103
x
x
62 19 60
x
x
93 30 27
98 4 60
x
x
98 6 59
x
19 0 63
69 2 154
112 23 92
95 35 68
17 17 98
32 33 37
107 22 103
75 24 73
34 0 174
x
x
x
32 5 141
24 17 66
x
69 34 152
107 20 106
32 32 6
x
32 10 20
37 27 122
22 37 138
17 27 96
x
34 15 18
106 1 100
6 21 135
95 22 53
x
x
26 32 44
2 41 138
92 32 113
34 4 128
22 0 89
x
80 24 156
81 12 23
36 28 177
14 38 30
x
55 28 3
x
80 5 174
46 5 168
x
101 0 163
x
16 19 84
69 12 120
114 0 21
x
0 39 50
91 4 132
18 0 78
43 35 80
23 0 78
84 37 120
119 13 124
x
107 30 43
32 31 4
117 12 63
x
x
96 11 112
110 33 61
111 30 170
97 26 121
31 13 17
84 0 170
80 32 164
x
52 33 40
75 21 123
x
x
86 13 3
22 25 64
107 17 130
117 21 32
76 6 53
x
78 22 6
17 33 77
x
6 3 127
69 22 90
98 34 102
x
107 16 127
27 4 60
117 18 87
40 6 171
x
117 2 24
x
55 14 97
x
111 3 175
66 22 33
62 21 66
x
92 27 21
x
49 33 53
47 16 87
69 27 89
3 34 130
96 23 89
x
49 31 86
111 16 166
117 11 104
55 37 178
5 37 61
39 0 163
64 41 36
47 11 164
34 10 57
75 12 18
11 40 153
101 38 2
65 0 31
23 24 39
86 38 170
111 38 64
104 39 174
39 10 151
95 19 22
32 30 5
4 4 14
21 32 171
70 34 138
56 24 100
97 18 117
65 23 80
11 17 176
5 7 44
35 33 103
x
3 15 45
20 13 37
x
74 7 159
30 10 148
54 31 23
45 22 12
75 9 159
48 5 176
x
15 27 163
6 15 103
17 14 80
15 35 83
47 1 166
96 6 52
70 31 19
16 6 87
108 18 84
x
x
1 9 35
x
20 9 53
18 39 113
x
80 23 107
x
15 0 75
21 37 155
64 7 151
x
20 7 52
1 33 139
81 4 64
114 15 94
97 14 140
106 3 99
11 35 82
15 6 81
40 25 172
10 36 177
x
9 39 151
x
32 15 176
x
x
85 0 19
42 27 81
73 23 46
19 10 132
53 15 118
12 12 102
x
20 5 46
x
x
43 18 60
86 8 43
1 6 84
113 7 160
x
x
58 0 111
x
109 34 81
x
2 22 69
20 3 47
97 10 158
116 38 54
52 0 18
35 27 44
x
49 21 33
17 10 66
x
x
29 28 61
x
86 3 40
52 32 25
x
45 7 142
18 23 64
56 36 103
9 24 12
x
x
108 28 169
x
17 7 67
16 24 73
80 25 160
98 20 145
20 11 55
78 18 5
102 24 138
93 16 168
35 36 124
56 19 123
99 27 107
3 31 131
x
25 17 152
x
117 27 103
66 30 55
107 18 126
3 25 106
x
35 39 123
80 11 75
23 7 107
x
21 19 173
109 29 179
x
110 37 34
78 14 69
116 30 66
41 5 1
x
6 0 128
31 39 119
40 10 170
x
73 14 87
x
81 9 89
85 24 173
82 10 104
x
43 4 166
80 36 158
107 19 119
85 11 20
67 32 32
x
39 32 142
36 10 70
78 10 55
10 5 18
65 6 134
82 18 58
118 6 20
98 32 12
x
1 2 49
37 30 121
99 22 124
x
105 24 116
109 40 144
87 26 130
x
41 34 156
106 31 65
x
57 15 91
84 2 141
78 6 49
53 13 46
36 37 133
x
1 13 34
37 20 132
83 6 66
x
94 37 17
101 3 172
x
98 14 81
72 10 117
110 30 176
x
43 7 9
72 0 133
27 37 145
34 3 85
x
14 0 170
117 6 26
96 41 39
101 27 125
x
x
x
52 4 140
x
x
109 24 177
27 5 162
91 28 51
16 16 60
94 0 64
x
109 19 163
16 21 72
x
7 21 168
6 18 126
20 15 38
x
x
x
46 33 47
x
x
x
x
60 17 104
6 27 133
49 36 65
111 8 70
x
63 0 42
84 41 175
76 0 139
108 37 89
61 0 86
x
x
53 8 120
71 26 11
35 0 149
65 1 5
3 28 132
33 24 43
12 6 100
x
9 8 43
73 40 0
x
78 2 47
85 2 70
x
20 34 158
26 22 156
13 30 162
88 33 60
89 7 126
x
x
x
70 9 173
51 24 141
97 6 164
61 7 94
3 0 81
x
34 41 7
x
14 14 122
87 28 22
102 38 20
15 3 76
x
x
95 21 41
31 4 40
109 14 162
14 11 121
58 33 15
27 12 157
x
72 9 78
88 23 29
34 40 3
x
x
97 35 142
14 5 119
48 30 162
92 2 70
x
x
x
115 25 113
108 21 161
60 27 144
89 35 80
x
30 14 28
45 27 11
81 22 33
21 17 58
101 40 162
89 40 91
76 17 101
13 36 116
84 12 138
99 17 135
22 15 112
x
117 0 47
x
34 39 3
107 27 123
103 2 150
7 25 108
43 14 36
x
x
82 13 57
41 14 95
47 0 121
x
18 25 166
x
88 11 88
44 0 76
100 37 86
95 8 171
95 23 56
62 33 171
8 19 154
20 27 114
1 37 2
x
33 1 129
x
59 22 116
29 13 109
115 31 135
60 0 3
66 24 47
11 18 5
100 34 85
84 31 112
78 0 171
40 30 51
27 22 148
43 6 8
42 5 100
96 3 72
x
56 5 140
16 12 61
97 2 49
41 13 10
9 2 157
x
79 25 140
x
76 32 118
108 34 90
x
56 17 88
74 2 76
104 0 177
84 34 121
67 35 4
x
105 12 96
42 21 168
x
12 40 172
x
58 30 16
23 28 82
74 12 18
57 38 56
94 18 141
84 5 16
106 0 131
105 8 97
12 0 98
14 24 175
x
111 4 67
90 28 93
x
x
x
x
x
110 0 170
70 29 77
76 27 86
x
90 24 92
9 19 21
59 39 136
106 15 44
62 16 1
82 4 32
x
x
106 5 49
x
x
39 14 30
x
90 20 74
103 0 0
23 32 83
73 17 116
29 33 169
107 36 174
65 11 174
100 27 23
79 21 14
95 37 67
99 10 3
x
55 25 113
88 28 30
59 33 171
100 11 53
111 32 120
x
59 30 172
x
37 26 11
107 0 128
49 1 108
50 0 101
90 16 94
86 26 31
74 22 45
33 26 153
98 38 101
109 9 148
67 27 130
20 0 35
x
115 0 139
x
82 0 83
90 12 95
15 25 82
98 8 30
x
2 36 32
x
x
x
x
74 27 72
