170 11 338
64 8 89
343 18 367
143 21 79
x
100 21 286
369 3 160
392 5 170
570 19 292
x
551 40 381
238 30 385
181 4 271
607 22 182
2 21 328
171 1 375
x
309 0 151
378 37 351
x
715 36 399
x
661 4 15
x
x
296 38 349
591 38 267
589 8 203
438 1 432
178 1 136
x
x
246 1 315
198 25 113
268 38 186
x
125 3 340
295 2 398
224 25 341
561 10 184
499 8 285
641 6 341
208 8 223
x
428 13 415
x
165 7 5
x
x
x
383 11 72
x
242 19 13
599 16 224
595 32 185
125 5 341
641 7 257
195 36 135
252 34 214
x
60 0 69
364 13 227
508 24 297
437 7 219
484 17 439
1 2 227
208 12 224
418 11 364
x
583 35 289
x
328 6 88
x
x
19 25 166
28 24 200
703 31 38
243 26 261
x
266 29 287
x
418 7 365
687 12 294
x
569 27 83
714 13 423
222 5 18
438 0 218
384 23 372
559 24 326
126 0 227
178 30 154
458 1 268
189 31 276
492 32 253
691 32 362
x
199 16 197
416 0 105
571 38 371
366 0 158
294 12 300
612 37 303
244 26 234
376 35 122
x
504 7 402
250 17 348
513 0 143
634 16 33
199 20 196
447 40 7
599 0 140
706 21 220
66 26 411
28 21 213
257 34 109
302 25 135
377 11 365
177 37 141
x
528 13 223
491 36 400
424 29 12
253 38 78
103 27 332
394 28 233
60 21 263
71 16 403
433 0 14
716 16 436
561 0 262
187 13 251
x
187 3 253
482 25 163
x
547 22 315
x
607 24 336
610 4 145
550 31 201
x
3 3 30
158 24 208
226 25 185
310 17 314
19 27 196
325 30 327
21 41 339
375 6 97
439 41 200
x
637 3 268
19 29 194
661 6 426
x
29 4 1
641 8 256
x
548 2 138
641 9 255
575 15 150
x
672 35 196
95 8 383
x
2 0 118
243 10 228
x
x
x
417 0 169
172 35 192
x
x
661 8 414
637 0 395
x
547 7 366
x
19 31 192
125 7 127
7 0 363
x
448 0 343
417 14 168
358 7 183
467 17 348
250 0 167
243 13 207
716 27 218
365 14 62
x
611 38 270
166 10 381
190 39 35
208 24 278
x
x
429 0 263
650 36 101
699 15 79
36 36 210
x
x
284 34 206
38 20 191
365 34 94
477 19 71
x
253 4 414
585 21 274
x
x
485 32 337
x
231 3 245
437 11 147
488 19 95
240 10 423
675 32 208
310 30 334
249 32 411
475 7 254
95 22 216
x
125 9 139
78 23 130
208 28 244
423 26 120
577 33 126
231 11 247
382 30 141
488 0 429
x
231 23 250
x
591 0 260
153 13 140
277 20 232
277 24 203
274 3 48
231 27 295
81 28 311
x
608 0 218
221 6 327
x
611 30 277
85 0 292
354 37 416
x
x
101 14 233
570 0 296
264 27 166
x
x
166 26 377
x
x
x
506 3 145
231 38 4
x
212 18 39
x
315 31 229
x
243 34 142
98 22 350
156 22 0
541 27 407
454 7 53
x
x
192 26 264
x
x
x
453 16 104
471 26 66
641 11 153
x
441 18 130
524 0 398
710 21 415
170 32 262
x
x
17 27 240
x
493 36 159
x
606 41 359
333 15 402
275 6 139
x
398 14 221
x
x
226 3 157
662 32 69
602 8 294
212 37 100
x
402 18 170
666 0 297
x
486 0 80
276 17 97
38 0 190
x
549 35 13
523 37 254
256 7 120
153 15 141
153 17 142
51 33 208
373 28 304
33 20 177
372 23 338
465 0 414
499 20 373
4 23 166
661 10 347
468 12 212
179 9 95
250 38 27
x
267 6 300
641 12 108
x
x
4 32 163
267 15 318
x
628 28 279
x
210 27 261
x
14 1 23
403 5 16
495 5 196
x
x
x
671 8 122
28 8 185
318 30 228
178 6 137
278 5 59
x
x
214 0 228
x
x
257 38 108
x
259 28 55
257 23 122
x
401 18 224
20 12 183
x
467 27 413
59 37 163
132 21 430
256 28 174
481 26 65
457 2 30
12 1 400
691 7 98
x
174 39 350
x
256 19 171
125 12 47
18 12 372
292 16 344
431 1 241
346 23 75
x
41 1 127
x
18 10 363
45 0 436
291 19 194
21 19 150
633 33 320
261 34 92
313 24 371
104 35 51
218 4 118
620 6 221
x
x
x
x
422 22 103
340 15 34
659 36 172
473 1 404
x
686 38 238
129 36 221
502 22 92
x
x
7 16 181
x
564 11 428
261 1 247
661 12 346
172 36 58
362 31 71
x
636 0 114
301 21 221
x
564 20 249
392 30 11
153 19 143
x
x
391 1 360
715 27 402
x
180 35 153
641 16 114
x
309 29 68
580 35 19
x
x
389 33 356
595 17 439
269 38 271
679 14 113
613 13 339
509 8 404
547 17 362
577 12 271
504 32 412
279 32 331
604 10 313
382 37 73
313 40 232
389 0 308
279 14 90
691 3 91
502 8 426
30 20 226
4 16 180
x
402 27 334
x
661 14 345
661 16 331
566 7 322
309 41 39
153 21 274
507 39 358
146 26 60
490 39 273
554 21 193
x
514 1 118
366 12 377
292 21 285
20 37 130
x
112 38 57
264 30 304
x
405 0 422
429 36 335
x
313 17 94
146 0 72
314 29 361
676 2 66
x
685 11 305
677 1 412
x
544 26 155
x
484 0 213
x
609 0 266
222 2 9
3 17 179
715 15 302
405 37 421
405 32 387
113 29 32
395 31 218
197 20 31
262 39 349
695 22 65
676 41 146
x
233 0 235
x
378 14 39
336 7 408
233 4 213
x
42 32 201
x
689 0 17
281 39 177
x
233 8 233
671 13 410
12 11 395
705 16 55
x
x
x
x
277 31 2
233 16 62
366 17 374
x
492 26 251
x
0 14 218
160 5 160
470 10 224
12 5 398
149 29 63
546 30 268
282 9 416
556 1 192
x
698 3 46
250 25 346
615 0 20
268 16 33
x
44 10 156
642 10 420
396 0 16
575 0 342
222 24 86
x
x
161 31 59
38 33 241
x
649 20 12
641 31 142
719 1 156
192 21 265
454 16 203
646 21 41
277 17 75
427 40 215
21 6 2
53 0 236
225 26 184
x
428 19 336
501 22 212
x
244 38 56
x
704 0 421
295 12 75
448 9 84
527 13 165
301 4 138
539 0 20
x
576 7 118
364 0 102
125 24 223
376 0 378
12 3 399
613 4 292
367 0 67
417 37 49
586 24 6
686 0 43
160 13 158
185 34 51
456 16 267
610 20 399
194 30 32
x
x
253 30 227
x
x
x
x
104 8 423
248 36 40
649 21 408
x
x
680 29 63
408 4 425
x
649 22 407
252 24 260
562 27 133
x
29 10 238
x
191 0 33
110 28 420
408 0 431
572 2 31
x
694 18 47
68 10 178
525 37 285
369 16 46
501 19 211
574 36 9
707 28 409
270 11 190
325 41 325
x
110 18 68
454 13 311
538 22 108
221 24 53
350 0 338
70 38 131
703 14 171
329 6 124
329 4 123
x
329 37 89
381 23 422
x
612 18 269
328 11 26
x
701 35 27
224 19 351
x
310 38 207
x
427 19 343
275 2 140
x
63 2 117
x
507 27 389
x
649 23 398
x
150 34 324
x
382 34 252
310 36 337
x
x
425 0 408
230 22 34
660 8 2
230 26 320
501 13 128
x
642 26 355
5 38 226
251 26 153
275 30 70
140 13 424
x
477 13 318
454 36 416
505 13 355
165 1 84
230 38 194
108 2 395
561 36 69
21 37 69
x
x
316 16 67
8 36 354
x
611 15 164
172 3 83
71 11 402
141 4 9
538 6 264
2 3 119
93 14 358
x
x
x
119 35 212
58 33 241
263 15 83
221 3 326
79 19 58
52 27 395
340 18 420
314 33 363
194 17 258
x
438 5 281
89 27 14
156 27 193
454 34 417
582 8 380
286 41 330
649 24 397
x
312 37 165
x
505 1 29
453 18 105
649 25 396
185 38 52
649 26 395
582 3 379
95 18 384
677 5 245
587 28 210
677 7 244
488 20 310
458 27 317
567 15 270
150 36 339
177 32 142
38 24 230
381 18 142
487 32 275
247 38 337
329 33 119
x
x
x
552 31 329
x
587 33 211
702 13 263
x
507 21 102
258 8 94
x
610 32 33
293 36 299
x
x
487 37 430
677 9 241
136 20 15
38 30 228
x
596 15 402
292 41 346
x
332 0 314
x
112 24 362
136 25 14
337 6 323
x
337 2 19
588 3 180
567 30 180
342 41 31
427 11 438
309 30 67
516 20 379
x
112 19 363
x
73 13 375
258 23 372
19 1 222
352 11 238
112 14 364
611 22 194
337 0 18
340 9 436
531 13 374
507 6 101
611 12 177
546 26 269
574 31 7
607 8 338
x
273 21 370
424 21 383
x
19 2 221
x
612 12 267
x
639 0 171
398 12 148
677 11 231
79 0 56
x
x
221 36 217
604 2 418
x
602 36 22
x
641 4 350
46 14 378
188 13 385
567 39 164
188 17 384
x
54 11 261
610 36 437
94 7 223
233 37 415
575 38 378
588 20 110
x
x
112 4 78
x
427 7 439
612 9 266
649 31 299
604 4 409
539 19 439
x
529 27 397
604 8 369
10 4 418
173 6 193
615 33 379
x
203 7 156
x
602 32 153
398 32 149
150 38 326
x
612 3 263
213 5 121
281 33 284
322 30 293
458 11 330
x
277 38 251
84 33 157
x
224 10 348
594 20 336
x
178 16 225
49 22 150
702 9 264
16 24 106
6 0 85
49 10 153
224 16 324
495 27 210
403 40 223
x
x
309 36 81
327 0 80
150 40 327
649 33 298
517 8 319
592 37 152
x
612 0 206
667 2 154
8 21 419
x
308 37 86
250 3 336
453 36 106
58 40 204
694 32 188
211 0 424
594 29 325
321 25 223
342 17 32
309 37 43
184 0 437
330 15 344
507 12 357
601 37 310
636 36 398
x
325 33 257
x
0 23 220
470 0 80
604 12 312
14 7 104
90 22 167
x
624 0 280
90 12 169
321 22 173
x
0 17 222
147 18 328
24 24 426
505 37 189
234 29 408
x
147 20 329
505 7 36
693 5 210
618 36 189
129 26 283
618 33 186
614 5 227
21 0 3
602 0 302
566 2 41
357 19 399
135 20 249
314 28 148
170 17 82
6 38 115
563 41 37
x
x
569 13 201
x
604 14 301
448 17 439
x
525 32 286
x
x
277 34 54
x
696 35 160
96 32 173
169 3 205
571 1 317
273 30 124
95 0 323
19 5 175
162 22 114
435 15 76
308 7 123
x
677 13 230
x
x
x
x
439 22 310
518 5 332
233 26 10
283 31 13
357 17 398
520 7 276
649 34 293
427 3 7
x
677 15 413
693 11 364
147 22 330
300 32 306
9 25 353
x
518 8 93
144 4 396
x
x
x
x
289 14 342
x
344 26 417
372 41 337
240 6 424
217 28 136
234 12 3
211 8 422
x
x
x
299 19 214
x
x
147 24 331
118 39 29
597 27 387
176 0 202
595 5 357
537 3 28
59 7 389
20 16 155
119 4 67
x
480 19 302
23 6 25
x
45 32 292
x
650 33 115
520 17 260
641 40 50
398 0 147
206 3 212
x
279 0 363
299 27 285
611 36 274
515 26 314
477 37 40
x
309 2 18
687 21 332
479 0 39
369 38 328
713 10 307
649 38 11
506 28 232
x
x
602 25 1
206 7 36
x
33 11 92
514 29 150
667 13 404
x
521 28 121
20 13 154
96 7 345
77 6 214
615 41 207
610 14 402
690 14 213
338 16 326
264 35 254
x
194 7 260
67 38 128
x
323 6 201
638 1 122
x
x
x
x
484 24 7
323 2 199
x
641 3 290
269 10 134
325 26 396
427 36 13
160 38 320
239 39 435
x
x
244 34 58
x
577 36 125
x
x
685 0 185
x
365 10 61
553 7 102
454 9 313
x
17 7 431
55 17 262
x
187 8 252
x
133 35 273
671 9 227
371 37 151
19 6 174
x
547 28 29
x
21 16 149
203 36 88
x
x
x
x
106 40 299
x
456 1 299
147 26 58
480 10 193
x
330 8 45
x
543 0 357
435 11 268
605 25 127
378 32 352
420 37 38
220 20 353
x
146 24 59
150 32 275
523 10 262
x
320 9 167
264 33 305
659 39 171
x
336 1 313
671 11 411
278 19 233
x
x
19 7 173
x
424 8 426
x
x
4 26 165
x
328 2 175
x
192 32 280
677 3 246
567 0 123
340 24 383
306 31 66
292 17 175
696 7 51
153 32 198
578 32 330
611 34 275
580 7 340
611 40 260
464 38 260
206 23 160
x
31 28 117
426 11 32
x
696 3 49
x
278 22 241
498 29 3
513 25 147
321 2 218
613 35 178
200 34 23
206 27 159
214 12 99
265 10 379
19 21 159
226 0 257
74 14 407
17 15 435
230 0 414
70 3 213
x
259 24 111
265 34 127
448 3 139
610 0 259
124 34 264
124 29 372
227 18 237
665 12 239
x
265 32 302
665 25 296
28 12 251
340 37 435
383 0 140
242 2 345
312 0 92
321 6 5
601 31 352
340 35 18
682 38 299
321 33 66
384 5 341
153 34 199
x
580 12 57
133 19 432
172 0 366
520 22 259
19 9 171
193 38 248
709 23 63
611 29 173
297 21 45
289 24 176
x
x
x
x
x
429 7 68
356 1 0
268 30 180
316 8 308
223 20 63
x
246 40 394
682 22 290
49 18 151
x
x
301 18 11
x
x
426 7 34
19 11 169
274 28 215
153 36 200
x
x
317 0 253
x
145 40 287
122 9 369
518 14 95
389 28 313
x
x
628 35 278
226 31 256
588 4 179
49 26 149
x
605 1 380
428 2 67
549 39 158
30 8 214
76 37 293
601 6 377
68 31 139
x
225 1 12
223 24 50
260 8 216
280 31 158
x
x
703 23 16
255 25 178
260 0 285
297 6 414
521 10 171
x
83 28 276
x
299 12 166
426 3 185
212 23 87
478 22 58
x
618 30 299
260 18 128
153 38 201
138 21 400
202 29 410
x
19 14 155
224 31 339
x
32 13 39
36 18 204
425 18 236
x
42 26 369
28 18 253
654 0 246
166 38 374
307 22 80
x
x
257 32 306
19 17 163
293 0 301
x
611 26 115
287 32 42
153 40 357
591 1 10
206 32 25
19 18 162
412 23 299
689 17 62
255 5 325
279 28 342
620 34 327
x
665 14 298
x
638 37 142
701 0 222
205 26 37
x
665 16 191
x
x
152 1 167
220 29 404
x
443 0 69
x
610 8 143
x
646 3 57
518 20 97
665 18 187
391 3 234
x
412 8 413
x
x
x
397 22 243
x
227 6 240
508 41 201
60 27 162
x
365 0 355
665 20 162
x
691 28 196
x
712 22 300
670 26 121
183 12 96
22 24 86
19 19 161
506 33 194
x
68 19 218
412 3 414
x
340 5 414
432 28 428
17 31 57
1 20 247
468 1 322
x
75 3 267
663 14 81
143 37 405
x
0 7 178
x
480 1 151
589 19 145
151 1 358
561 16 386
652 38 16
227 14 238
276 27 202
61 37 282
409 36 252
702 1 266
x
610 10 404
x
256 0 69
x
339 32 391
x
299 13 188
563 25 199
x
x
x
438 29 412
44 2 111
286 14 268
x
x
16 20 82
x
x
153 24 293
428 25 225
284 19 340
174 28 164
151 3 359
9 20 34
262 5 329
167 0 314
x
x
685 32 333
340 36 436
550 24 377
49 2 155
x
706 26 193
527 33 161
x
192 5 290
505 0 192
497 22 152
246 17 338
x
80 37 155
30 5 199
x
228 37 8
x
x
1 23 248
x
467 28 245
284 21 339
1 26 249
51 35 260
x
x
284 23 14
618 27 103
182 5 434
279 36 330
487 17 291
67 22 279
601 2 138
684 36 377
496 0 151
371 23 126
x
444 24 214
203 34 112
551 0 142
149 9 251
665 22 161
x
143 22 319
252 38 137
x
675 38 116
669 22 115
548 27 71
133 3 165
330 0 23
648 10 429
x
595 0 382
x
584 28 92
510 10 394
175 0 0
281 22 209
408 29 142
x
131 26 414
391 9 310
669 10 416
200 24 413
123 29 228
x
669 16 222
660 24 367
277 7 389
686 22 45
588 24 111
x
x
x
277 4 390
437 9 265
127 41 222
x
x
22 7 80
330 6 44
329 35 224
70 22 277
x
286 32 320
x
206 40 114
487 28 274
463 2 314
x
x
550 4 243
x
x
50 0 44
618 24 80
227 2 318
205 38 279
329 0 90
x
x
655 23 18
380 36 253
x
101 3 208
666 3 288
550 19 434
404 23 239
570 10 353
319 9 311
700 0 39
497 0 303
41 37 275
41 32 300
x
287 12 294
684 19 336
x
405 25 20
163 0 331
619 24 58
329 2 91
444 18 273
561 34 196
9 15 331
x
596 19 401
592 32 399
316 7 231
x
286 17 172
x
32 18 357
205 30 243
54 26 43
186 26 268
x
158 16 318
165 22 191
151 5 360
659 21 349
671 0 224
x
263 22 289
x
542 32 337
263 37 82
42 0 303
x
255 1 253
47 35 304
624 6 355
163 31 6
640 11 369
45 5 206
611 24 192
562 36 162
449 37 329
405 20 435
141 8 39
178 0 45
x
406 32 0
235 34 101
513 26 415
610 12 403
9 10 38
x
37 30 72
x
x
205 18 49
497 3 329
32 11 346
671 36 437
647 38 58
655 24 321
x
611 23 193
282 16 258
639 33 388
170 0 3
164 9 55
318 14 26
72 22 62
600 4 88
698 14 428
489 13 255
x
248 8 126
x
356 30 236
546 10 174
561 5 261
584 34 24
33 1 94
x
x
x
589 13 209
666 37 402
151 7 361
497 6 80
389 39 271
284 25 260
497 9 333
422 16 279
x
x
x
x
390 23 311
321 18 170
266 33 286
167 13 4
646 24 51
618 18 176
59 25 40
302 31 390
125 1 325
497 12 369
321 20 171
x
469 35 324
x
148 32 363
x
x
317 33 97
422 8 330
449 31 370
681 12 226
148 34 364
x
611 25 189
390 0 312
255 22 208
441 0 204
x
611 28 174
420 1 4
318 20 28
364 29 228
85 5 58
x
254 29 375
433 35 18
x
x
x
439 7 21
x
576 25 331
423 11 331
x
32 27 96
665 34 286
704 6 368
193 2 175
563 30 202
555 36 227
459 0 155
x
x
288 10 406
570 32 84
72 6 311
x
542 17 352
525 12 300
591 9 230
315 33 114
x
x
x
42 5 302
75 9 74
x
x
388 41 340
x
126 17 393
174 0 345
x
289 38 161
420 12 358
x
24 6 349
x
101 12 295
402 2 23
652 13 382
x
315 12 419
126 12 392
583 23 44
247 35 194
115 30 378
x
423 7 345
661 2 52
x
681 21 275
56 13 314
x
708 2 431
x
x
660 20 400
479 17 49
386 36 191
314 11 276
148 36 365
503 12 243
306 37 192
648 0 1
44 30 146
76 31 49
503 15 258
503 18 259
x
x
188 0 267
x
x
479 15 48
77 11 51
407 23 25
503 21 260
x
646 36 378
599 32 148
35 20 334
x
436 37 226
482 29 386
222 10 411
x
x
378 0 367
575 10 157
x
x
586 18 366
691 15 100
160 0 7
608 21 328
242 6 344
77 9 50
681 24 274
39 1 429
60 13 320
290 34 270
x
242 10 343
698 9 434
x
377 20 175
x
x
x
x
578 26 307
314 6 277
251 7 401
503 24 270
263 28 113
578 21 32
49 30 99
113 0 376
525 22 296
148 38 78
167 38 216
313 0 198
x
x
62 10 265
1 8 243
x
446 0 27
39 33 439
75 41 72
x
588 29 393
314 1 278
600 16 342
338 28 232
x
19 41 341
x
263 32 112
510 17 83
423 3 347
85 10 315
x
181 38 277
290 32 266
x
517 37 120
x
629 34 97
148 40 79
x
510 23 81
73 2 75
639 40 172
410 28 118
x
129 15 187
x
555 11 245
513 30 406
95 15 137
488 6 427
28 30 202
60 31 77
510 26 69
254 32 1
452 10 42
x
136 36 433
54 0 237
612 28 216
714 34 22
30 11 215
600 18 331
409 16 356
657 13 399
585 27 354
411 18 401
x
636 30 324
223 16 64
340 28 25
x
646 4 228
342 23 87
x
36 27 207
x
396 3 50
x
718 16 439
176 11 145
539 30 49
x
555 4 318
586 3 375
469 26 244
476 10 333
x
x
125 32 80
519 37 168
520 12 270
x
x
216 17 14
476 8 255
500 39 306
600 0 73
590 32 151
x
464 0 29
465 20 270
125 34 81
x
x
485 41 212
x
254 20 226
504 24 410
265 4 381
x
588 41 333
x
x
182 37 348
659 27 112
463 41 241
223 4 133
x
633 6 183
372 30 194
482 34 431
262 32 206
234 23 308
271 38 383
287 19 357
x
x
25 37 109
x
95 9 224
x
647 25 0
360 29 419
430 11 240
35 0 384
x
x
365 6 350
712 9 119
x
501 7 204
x
x
625 24 15
132 0 164
279 41 361
x
289 8 329
54 27 430
x
182 32 349
651 30 146
x
699 7 60
x
346 1 348
622 20 282
24 4 350
542 11 137
278 16 222
x
206 19 161
514 30 119
633 21 394
x
146 39 159
162 37 328
x
655 28 342
563 16 360
x
x
39 28 148
114 36 411
197 14 64
197 9 63
x
133 14 431
518 2 47
379 0 153
442 0 428
598 10 364
556 13 32
712 14 103
346 21 74
x
39 27 149
352 27 72
474 38 295
107 0 401
x
352 23 396
365 22 66
701 10 389
39 35 437
15 21 83
125 36 82
35 34 90
18 14 371
518 24 294
517 4 320
518 27 322
x
x
78 5 360
57 0 195
163 37 50
x
x
599 37 147
61 1 373
130 4 185
79 11 382
x
90 0 370
18 8 374
x
342 21 86
643 6 378
379 27 209
564 41 36
x
269 16 221
x
206 15 209
85 33 214
365 38 348
x
x
x
x
511 18 14
125 38 83
471 32 133
297 0 350
603 26 121
92 18 221
458 0 157
444 14 309
115 23 414
125 40 84
x
x
140 38 183
6 16 364
x
x
479 7 345
x
x
705 24 58
x
x
640 17 190
x
116 0 415
638 16 170
39 25 151
163 32 49
116 7 416
x
481 27 335
430 3 65
300 33 155
280 2 282
705 12 54
39 22 154
433 24 62
x
269 7 107
456 15 150
713 6 301
336 26 298
18 30 373
518 33 305
630 16 203
698 37 164
629 30 151
690 5 346
233 25 105
57 31 385
527 23 163
94 17 117
x
440 11 387
16 38 60
165 13 48
201 34 241
x
597 35 406
39 21 420
3 0 77
x
x
x
38 21 195
651 0 9
x
278 28 103
x
600 22 318
x
623 4 27
155 29 303
x
x
638 25 87
x
289 18 344
639 3 385
640 20 185
705 8 30
31 0 347
404 27 238
600 24 15
652 18 383
275 15 406
x
640 23 184
303 28 83
472 14 89
655 30 225
248 18 26
705 29 82
237 20 436
415 36 156
600 34 132
313 16 302
440 7 422
18 18 369
x
x
x
566 15 435
674 13 56
213 38 317
272 22 226
317 26 96
254 5 242
352 12 415
12 36 122
x
385 41 379
440 3 424
142 41 335
655 32 207
518 36 306
635 25 396
25 19 10
x
433 16 350
213 34 316
74 34 289
x
614 31 17
292 10 48
16 5 415
699 11 78
56 19 165
x
631 2 395
646 0 394
x
655 34 132
656 11 293
x
371 32 192
558 26 322
x
313 38 149
247 22 38
x
717 37 356
x
506 1 300
518 39 307
99 23 274
x
x
x
679 36 59
x
x
352 8 244
x
441 40 16
534 22 238
515 7 31
611 8 436
78 9 361
71 27 61
x
563 21 63
x
283 20 244
x
614 28 16
342 29 377
713 3 207
x
117 0 380
441 38 17
x
134 9 307
29 25 233
476 22 412
668 35 83
492 36 436
101 37 110
647 35 306
144 35 176
272 5 415
x
534 17 88
x
357 9 275
621 11 118
17 23 439
628 1 363
x
535 26 15
179 21 233
141 0 175
179 16 222
313 28 140
x
426 26 186
x
x
507 0 308
669 35 59
121 19 334
108 20 147
307 16 11
x
325 8 36
x
x
234 17 2
x
x
507 3 354
x
614 22 10
504 3 420
131 34 116
216 10 314
x
x
240 37 409
364 3 193
403 34 392
504 15 7
707 0 145
x
107 17 93
691 11 99
414 23 172
507 9 356
679 37 60
x
669 32 60
240 14 141
168 10 214
14 27 113
271 25 38
x
17 21 438
x
515 3 32
57 3 194
x
157 7 420
109 8 105
x
x
121 14 151
679 38 78
x
14 23 112
x
582 36 237
20 2 132
701 7 390
82 25 16
543 25 424
423 32 329
335 40 324
611 10 180
24 38 111
572 7 40
335 32 317
679 39 79
139 37 10
x
621 15 120
670 5 255
335 34 318
x
468 37 398
x
273 18 371
99 17 17
55 4 414
445 11 68
x
x
203 15 154
467 6 101
402 0 107
628 19 96
x
x
99 12 18
699 19 89
34 8 380
258 17 374
x
648 27 37
384 40 116
69 9 291
x
376 37 257
435 4 10
x
652 9 12
289 23 329
x
x
203 3 322
260 39 293
x
581 30 113
x
307 6 292
17 25 323
69 4 290
34 6 382
718 4 52
x
x
x
x
x
225 11 413
611 14 165
x
x
258 14 76
x
648 30 38
551 13 384
184 10 399
121 16 152
34 5 383
x
511 4 57
407 21 134
x
x
74 29 288
x
584 38 25
137 28 51
x
466 12 49
198 5 313
92 3 13
x
210 11 418
34 2 386
473 10 223
275 33 69
219 1 19
x
x
581 34 114
149 34 29
468 27 235
604 20 52
x
652 24 202
409 21 135
662 17 145
278 31 102
498 38 195
0 29 239
x
289 34 160
x
375 38 77
111 4 22
407 8 346
28 41 334
628 23 95
328 41 369
x
566 26 134
270 15 156
39 41 431
x
466 6 182
572 32 348
x
592 24 135
x
191 16 36
143 10 7
75 27 415
598 41 163
694 41 393
193 34 73
x
655 36 131
311 38 368
410 26 221
121 30 201
522 19 272
336 22 34
611 16 163
625 32 356
x
x
195 19 310
83 12 25
251 30 143
137 30 97
x
39 40 432
x
523 15 143
218 41 93
128 13 163
453 19 263
558 14 225
658 23 184
x
x
137 3 171
488 14 276
143 0 5
x
467 4 102
53 34 419
456 22 156
627 27 228
609 28 106
467 2 103
413 0 233
39 39 433
x
536 10 386
705 20 56
468 22 116
130 30 4
272 38 191
x
705 4 25
24 26 427
346 28 224
331 39 215
x
604 26 291
130 25 265
137 32 86
193 10 125
x
536 12 61
193 6 126
594 0 103
x
137 34 87
467 0 104
283 5 183
x
x
272 34 192
672 19 155
121 23 137
x
658 14 212
x
644 28 45
x
130 20 403
713 1 251
655 38 77
363 17 68
476 24 411
674 17 151
583 27 341
649 5 418
546 2 172
x
536 13 62
x
x
154 0 168
158 36 402
x
553 17 40
430 29 398
581 19 233
522 28 80
x
36 30 208
593 12 76
51 41 235
459 31 168
625 22 52
33 15 93
x
502 40 205
100 25 101
x
321 23 174
x
x
x
36 33 209
x
x
301 6 129
x
655 40 64
x
705 0 24
x
430 25 397
414 36 316
611 18 293
703 6 122
x
x
288 20 8
x
x
x
113 37 99
673 33 160
558 28 146
68 3 129
446 7 279
x
x
36 39 211
464 30 220
315 15 190
288 30 50
557 8 354
666 10 318
521 37 387
133 25 88
84 22 97
111 18 56
321 27 320
x
412 35 274
1 14 245
451 0 81
x
259 11 278
522 33 96
259 17 276
502 16 173
638 3 72
181 0 57
248 26 16
x
248 22 17
562 19 115
459 36 159
673 30 163
290 9 350
495 36 185
522 35 151
x
x
379 38 63
333 2 369
611 20 204
645 39 137
646 10 105
133 27 89
539 14 34
x
260 14 164
623 30 172
690 2 347
x
28 9 250
x
257 9 123
599 8 166
521 32 405
75 32 287
611 21 201
85 19 96
536 18 235
343 0 424
x
623 27 171
x
x
x
534 32 415
38 36 170
703 18 172
688 37 161
4 20 167
x
x
595 10 356
335 28 315
279 23 87
464 12 281
x
x
514 39 104
461 11 319
461 8 24
253 34 79
260 24 270
x
x
426 38 160
106 11 392
694 28 186
585 22 355
x
596 4 313
609 32 157
x
603 29 170
13 38 99
379 36 230
x
x
454 6 324
121 26 331
356 32 245
x
266 25 312
638 11 86
578 38 48
393 31 17
681 3 94
416 9 131
614 13 283
589 32 2
x
464 7 282
549 11 9
333 6 299
151 31 313
451 35 173
x
348 6 394
x
562 0 385
39 17 413
588 35 122
333 12 427
694 36 189
274 32 326
x
x
233 12 211
39 16 414
281 7 235
x
628 8 366
454 23 425
466 32 289
22 3 78
215 32 230
x
x
460 20 321
556 24 417
460 0 202
328 20 202
x
282 11 417
627 24 233
401 37 229
281 38 342
252 8 30
645 33 136
573 0 291
x
466 24 136
x
460 15 393
4 29 164
x
x
509 24 433
718 19 438
x
604 36 413
451 2 437
303 32 51
325 6 37
x
664 27 157
430 17 395
509 27 8
681 27 270
420 30 381
559 37 420
706 34 201
x
x
56 0 173
604 38 412
294 37 212
x
402 37 402
588 5 165
706 38 108
299 0 231
x
664 22 178
x
x
560 32 46
121 27 198
x
x
287 13 9
337 33 212
x
337 35 211
x
336 18 61
527 7 24
701 16 381
357 26 4
x
526 37 392
x
341 26 0
x
652 3 407
55 9 284
462 25 127
639 5 360
660 34 438
565 29 4
x
557 26 188
80 8 86
595 37 190
x
x
691 19 339
658 16 210
x
279 20 88
389 16 200
262 9 328
219 18 168
39 15 415
589 28 383
503 28 339
x
121 28 199
x
664 17 181
462 15 54
410 39 174
659 9 167
712 37 243
252 30 252
68 37 176
657 0 17
523 20 334
x
197 2 9
146 4 169
249 20 239
250 21 347
x
470 24 1
465 10 94
212 31 180
438 9 282
x
x
500 41 305
603 23 115
691 23 268
x
595 22 394
4 35 145
x
x
x
247 0 201
570 16 293
37 40 424
458 36 11
241 37 115
682 18 269
356 19 138
294 32 211
x
36 16 405
684 9 242
236 37 188
620 22 99
658 17 209
380 25 364
624 10 354
x
568 37 169
571 0 295
133 29 90
36 0 16
509 36 27
289 0 321
349 31 240
121 29 200
663 20 97
213 26 299
605 16 265
x
51 20 79
x
543 17 124
x
403 11 403
213 22 298
213 18 297
340 32 21
682 26 292
81 17 81
691 0 150
544 10 123
x
x
x
x
x
x
x
x
696 0 149
211 21 206
10 22 160
x
654 37 259
560 14 301
654 32 260
379 4 64
282 0 358
311 27 411
x
704 12 147
x
81 37 107
x
696 19 115
x
22 16 88
x
530 40 395
282 18 257
465 30 99
x
719 8 143
48 24 297
301 29 99
255 9 324
603 20 53
x
10 34 146
401 28 71
668 25 151
425 10 94
377 28 135
591 34 266
51 12 81
416 3 303
51 8 82
284 15 33
186 6 394
311 17 323
x
323 11 389
603 17 51
x
21 32 71
681 36 371
x
262 13 327
x
246 5 314
235 1 436
559 1 378
x
717 36 105
10 37 147
475 1 64
455 37 72
709 39 430
x
452 37 430
84 17 235
88 25 21
299 5 143
177 6 409
x
602 6 436
651 25 292
x
21 25 152
347 5 349
713 14 308
59 18 164
x
x
102 17 145
288 14 272
505 4 35
643 0 61
639 11 230
524 37 36
713 18 309
501 28 284
26 38 343
145 36 178
x
x
x
603 14 49
x
261 25 25
x
305 14 305
261 31 45
348 35 195
155 4 367
453 29 51
x
311 12 240
x
142 20 366
682 0 304
447 1 193
x
x
256 25 173
491 5 435
609 1 261
76 2 256
505 10 37
348 18 171
x
x
87 22 161
x
6 13 125
305 12 304
590 37 3
361 6 5
x
188 21 293
640 31 128
579 9 173
387 28 12
x
629 16 263
448 38 357
473 40 328
213 14 296
39 11 419
593 15 75
x
661 37 218
48 4 298
x
x
x
287 28 349
142 26 69
217 24 30
107 40 300
662 22 147
67 16 323
x
267 0 298
658 18 203
271 19 407
x
x
626 15 48
580 19 349
x
x
201 5 77
39 10 409
231 19 249
x
434 26 212
x
x
434 34 210
120 37 435
661 0 63
592 4 16
679 0 236
188 9 361
x
449 22 308
234 0 186
654 17 275
x
619 38 262
416 35 317
113 18 3
x
619 34 284
x
455 9 394
304 31 239
21 28 153
x
x
593 36 434
110 24 72
601 29 208
57 21 387
x
17 3 430
x
x
x
455 27 74
586 0 376
449 20 307
365 26 80
375 2 96
39 8 422
356 24 144
159 25 102
x
x
505 16 122
434 38 209
626 12 254
250 34 28
x
651 12 414
586 6 374
642 37 26
231 7 246
x
x
406 1 80
716 14 10
69 18 331
127 14 258
x
473 27 69
30 23 225
595 4 259
698 0 223
393 26 273
x
404 11 275
x
24 16 324
543 2 87
626 9 256
320 6 350
115 13 412
694 11 380
x
244 17 284
714 3 118
37 35 47
455 22 75
x
0 8 224
x
41 0 239
152 9 415
473 29 334
562 23 263
87 16 7
x
622 25 91
41 28 125
639 13 231
554 5 194
17 13 434
x
626 6 257
262 27 290
596 6 329
614 3 358
x
563 0 343
x
117 10 201
626 30 306
x
473 25 387
x
x
x
x
123 34 92
242 30 432
501 16 129
342 0 1
574 20 345
x
304 26 238
0 11 223
637 35 429
146 8 329
185 16 429
130 16 277
283 32 58
674 38 205
558 41 308
714 21 258
x
705 32 354
x
243 38 110
455 12 85
199 33 393
39 4 426
275 20 11
x
138 32 215
73 34 362
x
304 21 237
x
213 30 300
571 35 138
x
0 20 221
410 20 197
106 3 39
39 2 428
231 32 303
304 16 436
444 7 424
545 32 85
379 19 229
318 24 251
x
310 25 327
288 38 37
637 31 430
x
x
362 25 123
x
x
x
144 24 374
x
510 14 43
678 28 213
573 13 178
x
678 25 214
585 1 0
x
208 16 276
40 0 123
258 34 154
258 30 155
444 3 251
440 37 176
339 15 145
9 5 48
x
x
x
637 27 30
123 36 93
358 2 51
315 0 54
328 30 174
696 11 53
340 0 283
x
x
146 10 327
114 17 410
276 31 193
x
240 0 81
679 3 235
298 15 137
x
185 8 431
310 15 288
x
x
411 0 320
104 24 187
672 3 210
87 27 160
x
699 0 148
x
650 9 225
x
x
626 3 341
x
339 20 12
406 13 152
x
327 10 399
x
x
54 32 429
x
658 22 185
466 35 284
522 0 183
x
340 3 413
x
537 22 21
288 26 180
294 3 157
193 0 439
54 37 428
219 38 173
185 4 432
562 15 51
146 11 326
109 32 127
x
344 18 423
406 17 151
x
519 0 44
144 14 406
x
123 38 94
x
76 14 426
223 37 330
296 9 168
552 24 425
435 17 11
639 17 244
345 2 2
322 33 336
x
420 24 206
x
34 18 370
x
x
288 17 373
696 15 101
162 19 80
344 8 405
15 0 417
65 32 138
x
140 0 132
508 34 140
356 0 412
315 3 108
109 22 140
643 10 261
530 11 76
x
219 34 172
653 16 284
450 36 438
339 25 13
15 15 416
86 37 141
x
296 4 120
x
x
146 12 325
187 37 291
219 30 171
307 10 359
x
626 0 349
189 25 324
190 18 325
x
282 33 408
447 7 302
25 0 414
134 27 387
642 34 356
338 13 330
x
712 21 253
172 27 78
31 8 135
219 26 170
x
299 36 60
x
707 38 271
x
477 32 347
61 28 75
256 34 413
x
x
x
x
348 28 339
x
674 10 55
324 9 281
172 17 85
162 29 319
x
x
434 5 196
x
76 19 425
5 15 206
160 21 365
67 0 424
549 10 379
208 40 205
146 13 324
x
557 19 31
515 16 227
x
53 40 198
x
306 14 248
86 27 143
714 0 139
5 14 207
650 11 226
216 31 76
117 14 200
313 31 156
249 14 237
713 22 48
508 15 286
317 39 178
637 15 350
496 13 334
29 28 232
x
x
120 31 385
346 0 323
x
x
x
x
249 17 238
330 19 39
82 37 35
496 16 387
x
x
x
x
695 39 429
x
513 35 153
23 12 336
x
612 24 215
371 10 368
x
354 21 21
334 32 409
614 7 314
635 38 357
496 19 421
569 10 410
457 37 361
249 26 323
383 22 199
86 22 324
444 20 272
x
185 30 278
29 31 231
682 34 298
x
336 36 328
41 18 434
135 36 71
x
306 24 119
580 1 96
653 10 304
x
369 34 329
488 38 228
53 18 271
3 37 8
411 2 41
x
x
612 31 410
459 41 167
330 24 40
581 15 176
344 39 286
225 37 43
x
x
440 25 67
120 26 384
279 1 15
667 17 308
334 17 418
3 11 29
x
330 29 41
x
160 41 119
146 15 275
653 13 294
x
282 5 301
496 25 423
x
650 13 227
x
229 4 73
322 3 150
120 21 383
650 15 232
549 3 8
235 0 102
380 28 258
593 0 88
x
x
x
5 13 208
x
404 4 153
51 4 83
429 35 158
x
358 15 43
x
5 12 198
149 38 28
498 3 237
x
229 0 72
459 25 118
414 0 144
662 28 333
635 34 184
x
253 19 20
708 19 248
444 1 253
380 0 143
675 12 358
496 28 246
x
38 27 229
675 14 245
496 31 46
x
180 37 110
x
707 35 133
x
473 21 422
299 8 142
118 28 326
137 16 380
x
118 18 328
x
73 30 64
188 33 152
457 27 86
23 5 350
x
119 12 220
238 19 400
x
x
316 14 356
404 38 306
x
307 33 424
x
578 4 438
243 7 229
314 37 365
637 12 367
x
x
59 26 319
505 34 41
589 40 253
638 33 78
x
x
x
145 24 285
246 14 195
318 17 27
365 30 93
x
536 37 125
587 0 1
43 22 96
123 25 231
x
160 9 159
146 16 274
x
56 27 317
x
x
5 8 213
179 8 408
365 18 65
450 39 83
448 34 355
621 0 269
140 35 133
457 22 363
x
179 37 65
x
675 16 359
5 7 214
100 35 50
492 2 49
307 0 438
318 0 291
80 15 176
296 19 170
x
x
276 5 66
x
492 5 146
296 24 396
x
656 29 291
619 29 268
492 8 181
29 22 234
x
668 13 84
x
x
713 39 327
682 30 293
123 40 95
29 19 235
x
x
365 2 349
x
315 36 127
29 16 236
196 29 47
129 0 68
x
679 6 199
123 12 96
354 25 411
5 4 217
x
287 2 422
x
675 18 244
689 2 357
452 35 429
x
412 31 255
284 30 188
x
212 24 302
x
486 20 39
84 6 184
465 1 426
679 9 216
123 14 85
600 9 264
x
716 3 234
x
500 15 41
483 29 40
627 38 109
678 22 215
x
x
278 1 60
639 29 344
492 14 244
7 37 20
222 11 397
328 36 120
225 20 396
172 30 230
662 30 380
702 40 224
x
x
133 12 36
307 18 166
5 3 218
23 34 351
145 3 190
309 39 41
544 2 154
185 12 430
225 16 395
294 6 347
492 17 245
678 35 426
622 37 281
146 35 64
x
x
x
x
624 21 158
x
325 12 8
678 31 212
x
624 18 173
89 12 10
460 31 45
237 25 384
346 34 168
675 22 231
62 35 184
x
679 20 430
441 32 28
x
x
x
91 13 319
x
61 17 76
x
84 1 183
x
x
29 13 237
265 38 114
5 34 230
x
596 24 104
347 30 432
x
175 6 166
x
265 19 255
57 13 174
x
5 33 220
504 39 353
631 36 38
x
506 19 133
0 26 219
79 37 252
702 5 265
123 16 98
644 35 409
492 20 38
x
539 6 187
634 5 116
x
636 37 374
x
492 23 247
x
144 39 177
715 9 323
631 33 37
251 6 102
265 27 275
x
307 36 423
63 18 107
480 38 171
x
541 16 282
x
442 21 180
536 1 116
115 16 225
420 0 91
191 15 22
309 40 40
305 38 69
5 31 233
350 36 347
298 9 394
x
343 4 16
463 0 320
63 10 115
x
583 18 220
715 3 359
x
622 16 77
253 16 19
x
164 20 298
639 27 343
x
x
347 32 431
406 0 125
244 11 99
x
347 34 220
706 30 194
x
102 8 296
x
x
401 9 304
x
164 38 229
543 36 106
116 29 189
123 18 99
313 34 383
536 24 393
x
47 30 305
476 12 369
252 0 136
521 23 35
12 7 397
412 30 256
47 1 356
426 0 259
490 30 214
675 24 230
216 23 29
676 37 322
369 0 104
490 27 197
x
287 8 17
222 36 342
x
x
157 31 196
379 13 249
151 37 347
x
114 24 192
x
107 7 397
x
253 3 101
9 17 124
262 0 292
301 2 145
x
287 5 16
282 3 405
711 38 240
346 39 92
449 10 36
338 23 251
x
x
167 14 337
449 2 371
299 2 153
108 10 73
5 30 234
706 22 192
x
x
50 6 312
x
267 39 212
88 13 119
290 15 353
x
463 24 256
x
260 4 217
x
667 27 388
189 35 424
x
x
x
318 35 113
88 8 120
679 22 7
x
660 17 0
40 27 274
5 28 236
x
271 4 405
266 0 306
565 4 413
x
321 40 373
639 25 334
599 4 141
490 18 293
205 10 391
x
693 24 306
267 24 297
250 30 29
203 37 305
699 28 195
466 38 259
346 40 45
x
554 11 279
x
606 17 346
x
631 27 35
246 9 313
192 39 37
x
190 14 391
261 22 24
187 33 389
358 20 130
x
x
490 33 242
170 6 339
205 6 389
205 2 393
x
496 1 292
437 1 203
x
441 2 52
353 3 82
x
301 14 117
x
592 0 229
347 38 161
170 1 340
639 23 247
113 24 408
47 17 352
304 38 427
255 0 70
159 21 100
195 5 217
211 34 394
298 4 377
353 8 83
139 21 17
298 8 286
149 22 347
148 23 289
393 20 205
116 8 232
592 16 334
252 4 291
x
631 15 12
265 23 274
245 36 245
668 22 152
12 21 391
15 36 342
222 25 13
211 30 80
x
9 32 123
617 28 408
406 5 184
452 40 432
706 10 425
311 22 410
675 26 413
544 32 422
517 13 364
668 28 128
176 36 407
279 3 40
x
x
x
695 29 66
x
x
226 12 226
x
x
x
693 18 137
345 30 160
5 25 239
467 32 292
x
x
266 9 311
19 34 381
288 25 409
655 11 435
360 16 206
465 36 231
159 23 101
182 16 341
202 41 113
275 12 199
318 32 112
117 32 124
117 27 125
434 30 211
634 18 53
182 11 351
532 22 135
410 18 324
245 18 160
182 6 352
374 38 136
366 5 103
x
389 30 354
634 20 49
245 21 161
273 9 256
674 0 412
526 16 426
133 31 91
x
264 39 310
20 5 4
129 1 407
166 18 379
496 4 309
697 29 432
639 21 246
45 7 251
73 24 246
429 14 379
11 39 61
639 19 245
245 27 210
x
329 17 403
31 38 46
447 34 234
616 12 175
222 39 193
691 31 439
x
574 12 62
x
304 11 397
414 11 123
30 17 217
x
x
674 2 411
366 23 159
180 22 368
157 13 292
663 23 96
x
x
x
421 24 294
447 24 222
186 37 353
245 30 243
x
634 22 419
x
138 37 439
379 31 185
694 24 174
163 11 299
245 33 132
151 9 195
x
139 16 16
371 17 86
x
454 26 147
663 26 95
674 4 410
x
694 20 2
499 14 368
236 10 164
643 29 357
x
686 33 261
499 17 372
186 32 402
237 29 282
634 23 378
367 36 434
x
180 18 369
x
x
296 30 392
353 13 84
146 28 194
128 26 67
395 37 88
323 24 147
301 7 128
186 27 403
323 29 148
499 23 374
169 36 334
358 31 164
587 39 227
x
147 8 34
225 8 287
42 21 370
703 10 170
656 13 117
77 16 337
100 31 387
637 20 361
703 2 121
679 28 23
639 15 241
x
30 14 216
206 36 411
368 22 265
x
155 0 121
301 8 364
447 19 221
593 18 74
x
301 9 122
296 39 125
77 12 338
245 39 246
x
424 23 157
554 37 133
417 21 338
x
663 4 42
x
261 13 295
x
593 21 73
x
x
x
714 30 21
x
241 31 434
x
372 24 85
663 7 33
131 4 18
663 10 439
102 37 131
169 31 405
x
334 37 53
399 30 333
68 41 323
634 25 350
x
x
593 24 72
x
282 7 415
692 12 244
471 30 325
593 39 377
427 15 437
19 36 380
102 27 191
613 30 217
x
674 19 198
660 25 437
x
194 26 282
x
169 26 406
x
80 34 310
607 14 195
x
146 30 362
532 38 220
x
254 22 71
x
x
x
714 38 23
310 28 420
275 11 354
589 0 97
10 25 159
146 32 109
660 28 432
x
256 31 204
58 20 341
424 19 260
499 29 376
250 9 151
x
x
301 12 115
655 26 248
x
635 15 62
x
554 32 139
350 39 346
x
207 34 370
638 8 323
391 33 384
634 28 257
445 30 160
x
x
x
x
207 38 371
58 28 339
554 22 141
x
x
333 34 63
77 20 351
255 33 147
x
19 38 379
572 37 43
x
707 26 69
x
131 9 19
165 23 103
343 10 342
x
261 28 44
250 8 12
473 32 382
138 0 110
78 37 254
18 0 378
343 14 382
301 13 116
442 26 134
314 31 362
198 23 417
167 30 295
x
648 33 39
x
301 5 130
256 4 119
168 22 210
87 37 158
449 35 332
383 17 139
645 30 46
344 14 422
528 18 166
161 34 228
66 21 410
385 25 210
333 36 50
558 36 145
x
102 32 132
87 0 427
19 32 382
x
5 24 240
138 2 111
298 22 102
x
256 13 169
77 32 333
558 3 234
333 38 368
305 30 46
527 1 437
267 3 299
81 31 429
x
x
698 36 117
449 27 433
166 34 176
556 20 249
714 4 297
138 4 112
391 20 20
535 38 48
18 4 376
x
323 34 149
417 10 370
x
473 38 401
72 27 399
305 34 367
x
305 36 68
99 37 70
453 0 172
27 25 137
281 2 213
616 6 252
390 17 260
138 6 113
333 40 429
131 14 20
18 6 375
21 22 151
5 22 199
5 20 201
192 0 422
131 19 21
466 20 35
501 2 174
225 35 56
305 40 70
113 33 291
21 13 148
209 38 267
679 30 25
359 30 430
515 33 340
x
x
123 33 356
578 40 99
267 27 57
317 18 104
x
x
194 0 281
246 23 116
267 33 62
x
375 32 76
138 8 114
528 0 156
5 10 211
75 12 216
699 23 90
300 36 111
281 12 319
x
34 26 405
x
442 6 164
597 21 146
x
281 17 181
154 3 22
x
434 11 420
x
482 13 99
191 6 68
x
257 22 43
358 10 42
x
166 22 378
645 0 243
x
634 30 255
x
x
x
470 38 410
x
417 27 359
673 12 424
121 37 421
476 39 62
578 5 398
198 24 416
645 3 180
623 22 234
674 6 386
x
643 37 384
x
645 6 179
557 14 244
673 19 312
x
100 15 69
80 14 432
368 5 411
22 39 68
418 22 81
180 26 178
x
292 22 372
658 0 82
334 10 288
x
x
191 1 209
x
10 31 144
369 27 436
x
368 35 117
x
469 24 182
166 14 380
592 28 400
528 3 361
245 12 158
439 6 201
540 18 316
x
x
531 30 302
x
111 26 227
x
540 13 317
x
672 22 396
482 16 100
105 17 188
479 13 329
194 36 323
387 23 261
x
339 3 351
336 11 96
546 22 299
x
10 28 158
540 8 319
639 9 358
674 8 385
360 11 22
x
359 36 98
360 3 418
482 19 161
360 38 409
634 31 254
546 34 267
x
324 22 78
319 28 433
359 38 99
306 30 290
625 37 319
131 32 115
x
84 36 63
690 26 154
9 1 59
477 28 346
136 41 217
276 20 98
x
105 22 121
658 32 237
341 22 381
x
552 18 324
574 29 182
99 8 285
x
x
x
350 6 299
72 0 245
x
x
88 18 118
554 17 186
475 12 153
x
x
344 37 439
605 33 347
710 25 219
x
x
546 38 266
166 2 383
72 32 398
639 7 359
63 14 93
x
347 9 300
x
360 34 408
634 32 333
487 21 438
x
439 31 129
x
x
x
184 38 72
309 25 365
442 1 162
309 28 69
x
63 30 104
552 3 335
1 30 329
403 24 319
x
32 31 74
244 20 425
x
699 3 59
574 17 26
63 34 103
x
359 40 100
x
x
x
x
x
364 24 383
x
46 19 379
x
634 33 367
x
x
x
x
677 25 267
x
307 8 358
637 19 188
x
387 0 262
715 0 360
x
303 18 100
519 23 379
114 19 122
x
x
x
x
194 31 240
x
20 19 156
476 4 244
192 36 18
140 3 182
309 32 46
409 11 355
190 31 412
63 38 102
307 14 10
476 2 246
1 37 19
x
438 27 262
242 24 430
x
10 19 161
x
x
34 23 408
x
x
86 17 325
675 20 241
34 20 368
300 2 288
x
374 9 318
x
x
x
173 7 102
408 30 232
578 12 116
700 6 233
79 30 253
636 21 40
242 39 36
43 6 100
677 27 265
555 7 290
671 15 386
121 12 150
677 28 264
249 13 103
274 9 50
540 26 390
x
11 12 362
299 39 59
624 30 137
437 0 220
x
154 8 23
429 31 380
667 31 403
4 17 168
283 0 184
43 18 97
672 16 158
661 34 18
x
x
256 38 264
184 26 395
639 31 232
148 1 288
x
419 40 171
440 9 421
x
246 37 231
63 0 74
197 21 254
x
x
x
435 34 289
324 27 79
633 0 271
581 38 127
x
191 12 423
270 30 357
483 22 284
109 27 139
38 39 169
131 36 117
517 17 367
199 4 200
474 12 377
271 0 417
253 1 230
x
x
235 25 175
645 9 177
666 41 439
x
474 7 5
280 40 197
x
324 32 108
145 31 44
113 25 202
145 28 158
131 38 128
327 1 311
422 31 333
x
x
538 30 79
x
639 1 386
474 17 376
11 28 354
71 6 367
324 37 109
581 26 112
x
x
605 4 321
309 33 38
500 7 308
482 4 16
390 2 180
402 25 278
474 22 375
x
438 25 205
225 32 286
341 1 110
73 3 413
406 26 307
106 0 77
441 34 327
358 29 163
x
532 18 134
71 21 404
292 1 32
87 11 8
31 21 56
x
122 40 280
538 38 60
154 13 24
x
x
595 28 389
214 33 125
408 37 391
125 13 410
366 34 18
89 37 37
129 29 62
435 30 290
522 22 144
616 9 251
x
656 23 387
492 29 252
11 30 343
521 3 358
x
x
485 19 149
131 40 129
102 6 389
181 19 246
589 21 188
x
34 15 373
167 2 220
436 3 73
x
292 25 376
226 38 218
1 17 246
421 32 302
378 26 250
x
181 11 132
692 0 142
466 14 48
x
x
612 34 386
361 40 70
521 0 350
241 21 262
616 15 167
358 27 162
70 11 67
55 15 205
672 6 209
672 9 203
x
x
138 33 298
514 7 360
244 33 105
34 13 375
533 10 56
40 23 124
168 17 34
x
x
666 27 300
113 13 4
287 0 241
x
181 7 167
81 16 430
x
516 16 341
x
336 0 97
479 27 300
x
127 30 108
x
336 39 137
585 33 15
474 27 161
284 36 357
28 15 252
440 33 384
127 32 144
283 10 182
x
7 36 355
x
x
652 27 353
249 23 240
670 16 223
432 38 188
641 29 334
587 8 412
508 3 288
414 26 315
707 11 111
x
234 34 438
652 30 204
458 19 418
616 21 129
34 12 376
x
38 14 18
604 40 411
64 29 161
34 11 377
157 24 358
157 26 360
127 34 145
613 38 24
114 37 226
x
406 31 124
104 40 297
467 12 399
x
704 2 41
109 17 400
x
262 22 351
549 24 232
x
337 21 287
x
x
634 36 144
304 6 289
635 3 159
72 37 397
499 11 366
x
718 0 175
579 34 318
253 13 18
634 37 143
1 11 244
196 7 61
445 0 427
243 0 106
283 35 56
533 30 331
x
x
313 7 77
27 15 139
463 13 426
276 11 95
652 33 397
700 25 228
575 24 132
52 0 343
445 27 31
616 3 36
x
41 10 199
575 4 95
688 32 73
154 18 25
683 11 110
x
453 27 419
634 39 403
235 29 176
719 34 86
693 14 329
97 5 1
x
x
x
159 2 299
x
508 18 295
461 4 37
12 27 388
652 0 398
461 2 287
270 1 333
x
130 19 78
461 16 21
580 28 235
x
560 34 38
x
549 19 132
97 15 193
284 40 226
309 35 82
36 24 206
622 18 64
458 25 171
x
46 24 380
5 0 388
x
339 0 363
127 36 146
311 3 426
157 29 363
x
515 22 365
108 25 146
175 2 29
64 24 85
671 17 385
316 21 35
410 12 390
x
719 38 87
450 41 82
x
604 34 414
x
677 29 263
544 19 57
569 0 64
25 18 349
40 4 381
634 40 402
157 30 364
465 5 4
x
422 33 82
34 40 391
x
x
x
51 0 328
501 0 209
216 4 181
x
157 33 195
x
35 2 393
34 38 393
52 32 394
x
28 33 203
597 40 288
x
111 25 402
555 0 159
122 20 279
302 0 386
555 20 63
318 40 310
x
315 10 230
199 0 201
341 6 30
574 24 61
134 32 375
682 9 236
x
359 34 425
386 3 91
341 11 112
x
378 5 186
472 0 258
161 17 235
359 32 284
299 15 206
286 38 331
145 13 376
x
553 37 195
315 29 241
x
433 41 393
473 19 402
352 2 196
34 37 394
51 24 78
x
88 30 144
34 36 395
325 15 324
x
203 25 304
452 33 428
677 30 206
x
453 31 121
455 0 240
215 12 219
x
28 27 201
374 1 316
447 3 194
604 32 410
36 21 205
45 37 286
315 6 141
x
685 37 179
x
171 21 359
716 41 252
356 10 294
315 27 84
356 14 187
34 33 387
686 2 97
276 2 65
511 10 341
664 4 168
x
x
85 25 62
x
215 16 220
334 36 211
133 41 35
532 14 127
716 5 68
x
616 18 156
x
71 1 285
716 28 151
248 37 117
65 37 160
588 0 247
276 8 93
251 35 42
442 11 165
x
x
x
x
327 11 114
x
374 5 317
127 38 147
145 18 377
81 22 82
706 8 11
360 30 407
30 2 212
x
243 22 7
x
105 28 87
171 17 360
692 39 385
241 33 14
99 31 90
97 30 91
354 36 235
283 38 55
69 22 330
324 14 390
650 18 13
291 7 234
x
646 16 28
171 13 363
700 7 286
650 21 29
630 22 373
x
310 19 324
x
69 30 84
442 16 179
708 14 169
78 20 180
572 13 77
111 23 403
436 26 326
692 27 412
383 37 419
449 14 304
x
x
35 22 333
671 19 360
154 25 45
x
x
x
171 9 362
x
x
x
x
296 33 348
587 15 388
92 37 94
463 34 115
327 16 127
307 32 303
700 15 74
x
x
700 11 291
137 6 378
531 37 438
435 38 288
360 2 51
x
407 35 308
243 16 427
216 40 137
475 36 399
119 0 33
327 21 139
115 15 413
121 8 148
x
633 29 298
464 23 359
650 24 34
514 37 316
91 29 102
469 4 272
x
x
352 0 258
412 24 389
288 8 309
677 32 171
x
389 22 89
x
x
328 25 181
x
1 5 242
x
x
500 1 20
x
296 34 126
716 32 246
229 18 91
598 14 365
x
x
532 2 112
698 21 92
325 21 28
137 11 379
604 30 370
251 0 148
677 33 194
243 4 206
469 16 229
499 2 361
x
x
35 26 325
328 15 52
34 29 402
35 28 326
89 21 103
x
289 10 330
114 29 190
x
162 13 173
445 22 186
x
689 15 365
92 17 320
596 34 417
387 15 215
155 40 345
180 30 177
243 1 168
31 17 55
162 8 204
x
x
x
327 26 140
499 5 362
466 0 262
159 0 60
447 14 135
604 28 286
x
x
121 10 149
x
158 22 59
24 31 276
477 3 392
137 21 381
x
x
557 27 231
x
253 22 21
45 24 122
83 17 24
692 9 245
45 28 345
289 20 345
648 24 36
214 37 126
364 20 382
647 29 329
469 23 412
183 11 414
x
x
x
671 21 359
x
2 6 420
x
157 3 58
x
45 16 120
69 38 119
708 5 426
466 30 290
300 21 307
628 39 273
83 22 23
34 28 403
120 16 382
230 5 199
635 9 66
192 10 23
230 1 198
522 41 261
190 3 172
x
x
9 37 26
292 39 345
631 4 32
546 14 204
413 2 293
x
485 29 278
677 36 189
34 30 401
72 17 140
153 28 349
540 36 230
157 34 338
440 5 423
413 17 214
253 7 435
532 34 219
631 18 13
712 15 355
647 32 54
69 34 118
x
x
x
686 10 128
647 26 332
x
300 28 79
x
34 31 400
125 25 409
x
x
456 0 149
395 26 309
x
168 34 130
232 9 196
684 30 42
x
716 8 180
686 6 116
352 31 249
x
422 40 328
x
540 31 389
702 23 168
177 24 272
525 3 221
78 29 255
446 36 9
333 32 64
171 5 364
x
x
368 13 413
432 34 53
x
152 32 354
x
715 40 141
34 32 399
51 16 344
164 30 54
x
648 4 30
80 40 156
26 11 270
x
x
300 25 30
40 14 400
x
152 38 239
526 32 50
x
x
x
190 8 171
x
198 37 104
717 31 96
x
174 14 170
64 20 86
110 41 404
262 18 352
467 34 290
596 30 177
x
x
x
444 26 137
x
687 0 33
409 34 325
x
441 15 338
38 7 282
x
x
x
x
x
552 30 41
x
x
495 17 1
622 41 63
x
636 4 113
657 10 299
648 1 305
345 40 131
581 24 236
109 3 133
122 30 411
x
300 22 109
449 0 370
677 37 188
x
35 18 335
152 36 351
x
596 26 415
x
232 1 35
505 21 330
671 23 358
283 25 245
x
475 37 63
697 38 320
717 23 88
56 38 134
345 38 132
226 6 437
458 7 331
201 27 433
383 28 54
201 23 432
x
249 29 410
604 24 295
670 33 110
335 1 141
161 39 316
528 27 399
300 39 110
513 10 342
x
447 29 233
513 19 170
214 24 369
677 39 174
403 20 280
692 6 435
651 8 232
x
335 6 142
362 39 101
680 22 162
649 16 172
201 0 434
157 28 362
345 36 133
643 33 139
539 21 287
475 18 65
195 14 287
669 26 79
x
513 4 346
66 0 159
476 0 247
150 5 238
335 11 143
46 5 167
467 38 288
36 10 17
132 33 438
154 40 332
670 36 109
649 17 29
615 20 56
361 18 414
x
345 34 158
692 15 241
16 35 73
217 17 0
x
218 34 429
344 23 7
58 12 325
303 35 29
x
104 30 390
393 19 254
x
x
516 30 6
631 30 396
364 4 152
34 34 397
x
414 5 388
615 28 54
x
x
x
174 19 169
545 9 401
207 28 293
x
46 33 272
218 30 428
5 2 219
218 26 427
335 16 153
88 0 61
161 12 237
303 29 52
x
171 25 358
642 0 354
649 18 269
x
x
x
545 4 402
85 2 11
121 31 357
456 13 103
463 14 249
426 24 258
517 24 73
x
619 30 211
x
345 32 159
517 21 74
516 18 349
x
140 10 166
467 14 369
86 3 113
x
624 27 154
453 25 170
177 14 88
614 38 25
70 18 71
569 19 168
645 24 425
154 30 337
598 28 287
x
604 22 296
574 10 17
x
x
x
316 32 289
551 29 404
27 18 348
593 27 14
x
651 10 226
35 14 337
x
35 12 338
672 27 120
x
361 22 426
631 39 39
280 12 280
327 7 375
x
x
86 8 114
316 36 292
394 1 420
692 24 285
35 10 339
650 7 207
115 2 115
161 23 224
683 7 76
106 25 298
402 33 367
x
604 18 297
203 31 292
x
658 25 152
634 0 329
573 30 21
319 37 131
603 9 439
x
541 29 371
187 23 149
385 39 380
491 29 239
52 22 396
630 34 93
x
645 15 114
361 26 427
651 36 134
x
394 37 298
x
104 19 329
15 26 5
x
x
x
357 27 67
x
x
64 4 90
506 8 42
497 35 60
134 22 386
x
602 23 0
254 11 350
565 13 80
651 14 73
159 38 196
563 12 359
35 30 327
600 30 225
239 2 65
131 25 61
x
217 10 96
400 0 368
394 24 417
670 11 153
683 3 32
463 19 250
299 23 216
602 18 190
241 8 288
x
323 17 262
464 25 360
378 16 256
35 6 341
439 18 117
x
x
651 16 15
54 9 209
93 32 130
145 8 388
239 24 187
x
223 29 331
159 34 352
x
447 9 303
x
11 33 6
441 13 68
316 34 290
x
688 24 109
x
389 6 410
x
181 27 244
612 6 264
347 36 179
x
270 6 308
47 5 355
x
164 18 120
270 27 356
624 15 46
70 33 235
x
586 15 368
486 10 396
x
270 24 355
77 24 335
270 21 68
683 20 235
404 36 143
144 19 373
670 8 254
x
46 40 203
91 35 238
485 9 22
692 30 411
35 4 342
668 6 33
640 26 183
521 6 344
x
664 0 4
x
463 29 257
232 34 234
261 38 272
123 27 213
489 0 231
58 24 340
x
274 15 64
461 37 409
60 37 322
621 13 119
422 0 166
545 26 170
x
274 12 63
717 27 95
651 18 52
x
0 0 35
x
303 6 381
2 17 285
x
93 37 152
444 5 16
x
578 16 407
331 12 106
321 34 310
77 28 334
670 2 197
x
x
199 8 199
586 12 372
274 6 49
x
34 39 392
x
232 30 309
586 9 373
551 24 410
290 1 31
373 30 1
601 15 434
373 34 2
229 36 106
634 4 128
x
x
366 30 4
545 14 400
622 24 318
494 0 158
274 0 37
164 0 223
199 12 198
393 3 201
699 31 71
34 41 390
528 32 229
x
444 9 423
471 6 210
658 29 217
18 37 127
568 23 18
232 26 222
144 29 398
274 37 157
x
651 20 63
82 21 281
395 19 415
621 9 117
331 17 115
x
237 15 221
588 12 108
346 38 118
x
x
12 33 385
404 0 341
355 0 116
416 11 29
649 9 103
x
x
239 34 439
124 6 204
416 16 28
x
237 11 71
411 13 17
x
473 23 421
621 7 163
x
x
648 17 32
462 11 209
189 14 413
12 31 386
x
346 37 119
436 9 195
237 7 70
x
242 36 35
355 5 117
12 29 387
299 33 78
305 29 304
x
270 39 362
38 4 283
x
445 18 32
x
314 16 118
655 14 249
242 15 418
346 36 120
651 22 64
x
x
107 32 59
x
x
457 12 368
533 14 55
93 0 284
643 20 27
387 4 263
x
133 24 139
528 24 129
317 13 317
366 38 19
557 32 241
x
634 6 42
38 1 284
x
404 31 237
623 17 50
537 38 289
x
242 21 429
x
469 12 137
196 2 62
127 4 260
x
77 36 332
41 23 435
149 30 126
x
650 1 77
x
165 20 121
558 0 226
498 35 202
x
707 16 57
x
5 1 231
621 5 45
17 35 58
67 27 280
301 16 305
34 35 396
x
x
658 33 242
317 20 36
x
x
658 34 261
629 17 368
494 15 55
470 27 327
656 5 8
711 0 50
x
641 26 340
x
658 35 262
489 37 21
401 14 378
124 0 220
291 32 174
126 33 206
x
470 29 326
x
x
x
470 31 309
x
329 41 371
x
627 0 200
677 18 284
470 33 298
462 31 319
x
127 9 259
555 25 64
290 30 265
453 37 265
536 17 147
689 9 176
659 18 350
555 30 77
355 10 121
677 20 304
x
593 33 5
621 3 426
244 14 100
x
109 14 375
470 35 273
715 12 182
677 21 305
354 0 122
593 30 362
x
x
439 12 430
24 8 348
533 34 345
x
272 0 335
126 31 207
199 24 195
498 12 304
651 39 127
202 25 134
x
x
x
x
199 28 194
530 17 38
388 14 393
x
x
718 33 44
645 18 113
395 30 406
204 17 270
254 15 420
669 23 107
346 33 397
347 28 433
346 32 278
2 8 288
8 32 263
183 37 221
286 22 171
354 5 128
286 27 210
482 39 405
584 9 56
709 12 40
x
576 14 47
434 0 321
259 2 188
x
55 35 239
321 29 266
214 2 32
621 1 63
x
469 6 242
469 8 214
300 3 65
516 12 250
x
436 0 267
181 15 247
34 14 374
110 1 399
x
235 36 407
x
91 20 237
276 14 96
354 10 129
x
497 32 78
x
414 12 2
469 10 197
689 38 280
x
159 6 122
221 21 346
657 33 406
364 37 133
719 4 295
24 0 352
469 28 245
126 38 428
115 32 218
15 8 254
x
238 38 387
x
489 34 129
167 7 236
500 0 32
377 14 259
x
181 23 245
470 39 185
321 13 306
305 21 275
457 17 366
x
23 41 335
x
533 22 30
x
287 20 12
593 9 85
x
34 16 372
340 1 412
406 37 436
351 32 231
176 8 418
16 33 141
600 40 64
238 34 386
x
522 36 349
634 9 437
91 11 313
11 24 356
x
605 8 272
x
245 3 235
497 29 79
509 22 132
497 26 107
677 22 213
x
x
591 13 54
469 30 246
298 0 63
469 32 247
593 6 86
650 3 131
x
709 4 31
184 18 397
x
533 6 58
10 9 260
x
497 23 108
657 39 339
697 12 134
11 22 357
446 30 15
x
249 6 41
267 36 211
x
501 33 45
600 38 77
34 17 371
677 23 268
628 32 330
701 1 392
440 0 47
600 36 131
593 3 87
34 27 404
x
368 0 226
305 6 43
379 11 144
34 19 369
11 16 360
x
x
460 38 218
680 38 9
x
x
663 29 94
473 13 297
464 19 354
650 5 132
384 34 198
689 33 343
x
619 7 316
11 14 361
x
305 8 302
126 25 56
464 21 358
344 32 341
538 26 107
354 23 410
174 35 232
x
644 1 379
322 20 217
396 27 197
229 31 381
526 27 388
x
383 21 232
530 22 291
209 12 79
x
x
457 32 362
464 27 405
427 24 101
x
128 10 57
x
377 41 241
x
169 0 309
x
x
x
197 26 238
606 0 187
83 0 34
582 31 424
x
x
x
209 9 78
x
716 0 67
142 33 135
164 23 297
229 27 380
702 30 28
319 18 431
209 0 58
351 37 241
63 26 105
229 23 379
537 16 304
x
649 0 47
396 35 111
582 23 422
363 39 155
34 21 366
342 25 366
486 30 282
437 32 182
321 21 172
128 2 52
34 22 398
x
174 11 273
8 37 21
200 12 378
399 0 196
538 10 263
710 8 12
552 8 328
603 41 4
34 24 407
307 39 421
11 6 331
552 13 325
x
x
220 23 402
x
354 19 395
641 21 7
x
x
568 5 212
x
x
x
582 27 423
x
305 18 307
68 36 233
x
200 8 377
677 24 48
x
200 4 46
176 17 100
475 22 381
x
147 0 33
419 34 337
x
431 23 115
56 32 316
393 9 112
200 0 376
220 8 334
143 16 254
524 14 412
354 17 283
176 25 108
127 19 256
658 31 236
447 5 301
324 11 282
x
627 6 224
x
620 31 250
190 0 242
665 2 432
x
600 32 207
660 2 92
506 22 130
621 17 168
x
x
58 16 324
493 29 65
629 12 196
339 6 352
x
x
x
343 23 378
x
x
644 22 343
658 26 214
x
437 29 318
146 36 160
x
x
529 39 273
553 25 408
500 12 235
267 9 316
254 39 322
267 12 317
42 11 439
x
x
x
689 18 155
x
449 18 306
338 36 362
429 20 400
11 4 330
429 2 69
x
677 38 186
x
127 24 261
57 38 135
224 37 337
171 37 144
28 37 65
150 7 237
343 28 380
494 22 0
x
142 0 262
469 37 142
405 15 39
x
11 2 329
x
x
287 22 13
656 38 391
32 1 27
499 33 229
184 30 250
513 17 142
421 38 244
450 0 352
x
11 0 328
x
350 34 259
43 30 94
331 23 229
480 31 85
509 17 57
572 27 20
x
241 3 340
576 13 312
122 0 154
x
704 23 14
676 19 281
x
312 31 363
669 6 200
166 6 382
x
600 28 226
545 0 256
92 24 321
x
x
x
448 32 166
433 7 27
399 38 195
x
34 25 406
x
703 38 273
43 34 148
628 7 331
92 12 239
600 26 227
315 18 154
224 34 338
252 15 146
438 34 411
451 37 14
303 13 191
288 12 273
249 0 149
299 16 207
576 1 436
676 32 95
146 9 328
297 1 413
717 19 405
188 31 17
286 0 271
98 37 347
708 13 167
157 19 181
450 5 351
661 31 3
x
324 7 280
13 19 279
38 10 272
560 23 79
106 13 288
450 10 286
331 28 379
324 5 279
273 0 227
96 17 343
x
105 39 75
307 28 220
189 3 69
324 3 278
448 36 356
609 37 213
x
x
x
x
146 7 330
324 1 277
479 26 388
426 32 119
480 25 377
61 19 189
388 39 202
x
90 7 170
150 15 209
142 5 263
139 11 321
236 6 392
x
634 11 431
58 4 327
x
537 34 200
256 22 172
607 6 198
448 40 192
239 36 414
x
682 13 237
333 21 213
536 0 148
497 39 155
x
x
67 5 423
189 8 70
331 2 261
x
686 23 177
536 33 51
142 15 322
58 8 326
x
x
619 0 131
487 2 91
33 33 281
112 9 365
x
261 19 34
489 36 31
5 21 200
644 19 9
463 9 95
x
33 30 273
426 28 287
460 27 25
43 10 108
409 2 354
x
415 37 339
256 1 118
225 0 85
498 6 2
x
x
129 11 155
388 3 52
x
148 10 419
x
286 8 338
32 36 359
93 4 360
644 15 32
x
489 27 124
33 27 172
x
644 13 40
5 23 209
x
x
x
166 30 376
x
338 33 361
33 21 174
218 39 95
69 0 349
172 9 367
435 29 74
319 6 226
393 2 255
x
x
131 0 157
526 6 428
x
435 22 75
183 32 71
634 13 418
423 37 167
679 32 54
204 12 67
x
128 0 50
x
14 32 326
328 38 276
704 19 19
x
644 37 118
474 2 6
249 7 121
556 7 278
634 14 409
453 33 70
25 8 177
128 8 233
25 2 179
x
450 20 50
x
x
600 20 330
331 33 305
279 5 198
450 25 243
509 13 340
679 31 30
621 25 67
x
162 4 386
374 34 184
657 6 392
452 29 2
679 27 306
657 23 405
452 31 427
206 0 265
210 0 262
657 29 133
x
351 27 230
261 10 250
x
x
x
441 25 337
261 4 248
93 24 331
180 2 373
x
333 22 312
212 9 110
500 16 19
x
541 21 283
89 0 65
128 27 408
25 25 42
56 23 196
73 33 240
x
506 27 183
133 0 174
180 10 371
444 0 336
176 1 101
52 15 169
128 38 429
496 38 419
x
485 22 144
x
x
94 33 28
x
x
468 8 230
303 3 382
719 15 322
37 9 182
x
312 10 25
404 15 291
241 0 197
118 8 330
x
x
322 8 301
3 33 186
x
91 2 278
387 8 264
340 12 151
284 27 259
x
548 33 104
x
471 0 407
213 11 260
155 9 241
x
632 11 301
x
328 34 223
632 24 260
x
126 35 205
70 0 70
x
344 5 9
3 21 190
x
x
636 8 112
600 14 345
632 26 243
597 31 405
470 18 435
x
x
77 0 247
x
121 22 138
x
101 19 388
644 5 326
192 12 392
x
92 0 153
x
x
x
328 32 204
498 0 154
108 0 396
x
346 18 281
26 40 140
x
x
207 12 364
x
454 31 148
178 24 89
x
322 13 302
121 0 131
5 26 238
x
x
450 30 374
413 6 273
x
x
679 24 19
115 24 231
229 20 275
x
607 30 108
470 20 436
644 24 389
74 0 348
x
292 30 233
338 7 193
20 40 129
x
679 21 6
207 8 363
312 20 23
302 4 22
245 24 209
x
102 11 424
x
x
155 14 242
x
x
x
x
217 2 182
124 10 240
x
x
678 16 371
621 32 226
347 11 303
x
207 0 195
5 36 228
367 28 268
404 6 340
367 32 269
219 12 251
618 1 325
x
360 17 87
275 22 358
209 30 143
x
3 18 191
x
622 34 249
414 37 353
209 27 142
x
64 38 357
383 32 51
398 23 14
385 30 138
239 19 410
347 16 103
229 16 107
x
159 32 49
623 13 229
421 0 382
318 13 228
713 27 225
352 20 169
x
x
398 27 15
x
x
447 0 335
x
159 36 54
706 0 340
x
444 29 129
403 0 424
396 31 110
644 11 41
302 9 21
x
679 19 429
535 14 74
644 17 31
235 13 359
88 37 66
402 13 35
163 24 208
12 17 383
630 28 70
12 15 394
x
714 24 232
330 11 264
6 21 52
121 34 162
403 28 57
361 15 69
388 7 217
x
483 3 220
627 34 110
48 19 296
x
317 25 230
x
346 9 255
553 32 251
121 20 333
665 10 240
676 23 279
647 9 206
696 34 80
387 34 127
302 19 19
235 5 357
x
x
600 12 346
418 38 242
309 7 236
x
104 3 52
52 4 294
596 11 403
x
x
69 26 329
455 17 76
432 11 121
514 17 233
374 14 28
334 4 17
x
x
x
714 18 259
666 13 438
606 8 41
653 36 122
465 3 3
711 16 417
347 21 387
56 4 197
309 12 395
x
674 32 119
103 2 337
230 13 201
x
12 13 344
661 24 186
103 7 336
327 36 292
474 33 296
x
x
662 29 379
579 38 93
212 15 207
328 28 173
x
x
155 19 309
676 27 273
258 3 162
282 20 256
x
40 38 432
688 4 397
x
5 29 235
315 39 139
448 31 328
372 3 56
334 9 212
666 20 192
269 33 403
320 27 38
x
412 17 192
26 37 361
74 40 217
656 32 250
217 0 98
7 23 162
348 20 172
575 34 367
x
465 7 18
688 0 398
x
x
x
91 14 38
x
562 14 300
540 0 409
259 14 277
103 32 356
609 40 214
148 21 351
689 25 324
612 22 411
x
598 31 392
300 0 287
298 34 98
666 17 193
112 0 290
12 9 396
470 4 408
x
66 5 258
461 12 19
282 22 242
x
71 28 175
320 32 46
x
x
238 9 417
8 16 37
357 0 270
x
495 13 230
x
x
632 27 158
257 6 395
348 16 170
348 14 169
48 9 299
544 0 356
570 13 339
455 32 73
461 14 20
431 29 51
x
308 17 90
551 5 33
x
x
x
189 21 390
257 12 358
375 31 336
x
98 2 354
257 15 91
x
411 8 173
536 29 160
x
x
468 0 223
320 37 47
65 11 359
626 34 305
82 16 210
570 4 12
519 17 25
172 12 213
461 18 22
458 34 120
470 22 0
552 0 418
317 32 229
597 11 391
601 21 21
308 27 88
167 19 336
514 11 249
x
388 0 27
150 29 346
x
x
22 37 337
501 32 203
454 17 266
20 28 198
235 17 360
x
451 28 87
191 20 106
5 32 232
x
154 36 334
578 0 100
x
167 24 239
504 37 185
x
600 10 347
x
319 26 313
207 4 362
219 0 9
494 30 354
x
20 25 185
632 28 155
140 8 70
616 34 123
331 7 105
559 0 341
151 16 310
224 13 291
x
676 29 272
224 7 349
98 12 352
290 41 326
372 31 431
367 3 59
412 14 106
x
484 2 338
423 35 332
x
466 26 293
466 28 292
x
436 35 5
151 21 311
704 27 7
x
348 12 168
151 26 312
658 21 190
270 8 72
639 37 348
461 0 288
639 35 381
566 34 52
x
303 24 218
621 34 9
658 20 197
658 19 199
330 35 265
x
436 8 72
398 38 109
340 34 19
x
204 4 38
514 14 234
147 38 26
50 31 401
224 1 215
x
154 38 333
348 23 340
x
448 27 97
590 25 158
x
635 31 417
388 20 26
638 22 416
530 28 301
98 17 351
558 7 91
377 34 176
418 0 113
153 4 136
98 7 353
399 25 395
598 2 416
x
348 10 298
59 22 210
616 33 345
x
620 26 100
471 10 100
362 20 347
x
221 39 216
553 28 247
202 30 26
153 6 135
5 35 229
103 37 355
x
625 16 317
12 23 390
632 30 137
6 17 51
454 33 276
196 19 404
614 0 181
514 20 222
632 32 46
702 38 289
663 37 220
632 33 39
103 12 335
710 0 29
214 9 354
x
5 27 237
x
471 15 373
461 6 252
638 30 415
x
216 14 439
398 20 423
266 18 228
671 38 195
653 27 390
x
641 19 344
18 32 402
357 32 68
243 31 4
470 11 131
471 20 113
357 37 69
514 23 221
483 0 115
x
590 19 154
611 5 2
152 40 130
251 23 5
258 27 6
196 24 67
202 6 68
421 8 179
26 34 344
x
386 13 95
556 29 416
367 16 124
x
202 10 372
20 22 157
358 37 240
x
342 1 70
18 28 364
5 5 216
371 29 106
5 6 215
293 6 34
284 17 341
534 37 406
421 5 165
658 15 211
160 1 161
619 15 253
x
x
177 7 410
552 37 431
610 2 258
573 35 8
632 36 36
272 31 73
244 3 339
x
221 12 329
126 29 53
x
x
680 17 311
405 5 423
88 24 426
x
415 18 100
358 35 180
x
583 37 101
632 37 35
413 37 37
658 10 395
276 24 74
358 33 165
498 19 134
530 0 37
413 32 48
318 27 227
130 36 75
417 32 146
667 20 364
179 27 46
386 17 287
458 33 320
x
632 41 12
210 38 373
165 29 128
460 29 44
285 32 401
611 1 38
139 6 314
107 1 230
x
x
509 0 277
498 22 127
153 10 356
682 4 191
177 3 419
257 29 9
282 24 146
551 8 364
18 26 365
2 30 308
x
x
413 30 300
342 6 71
570 22 290
236 2 388
x
202 14 374
106 23 394
349 38 239
179 32 168
x
x
558 33 207
480 34 76
386 21 288
x
90 17 168
491 19 113
90 38 236
460 33 92
143 32 404
18 22 367
379 26 167
580 23 350
121 3 184
286 12 269
257 3 224
31 11 13
x
331 0 319
221 0 325
491 22 187
76 1 48
489 21 126
295 37 5
291 1 327
x
x
x
432 15 417
405 19 126
255 39 294
x
x
460 35 117
329 11 146
204 21 271
x
207 23 268
18 20 368
489 24 125
x
340 30 411
286 10 434
563 4 344
544 37 423
x
234 6 301
611 2 18
x
93 19 357
x
386 34 367
276 37 408
x
464 18 277
35 8 340
163 14 219
504 28 411
565 35 142
662 37 219
x
5 9 212
709 17 330
426 2 90
459 27 119
x
5 19 202
678 5 290
489 30 123
27 33 318
360 23 131
x
221 9 328
667 35 330
543 30 10
x
x
386 25 289
502 0 413
229 13 229
459 29 23
535 31 126
x
224 22 350
5 11 210
286 6 15
404 20 112
93 9 359
282 38 159
487 5 90
30 38 45
118 34 234
286 4 186
343 37 194
251 38 231
260 37 189
318 8 49
50 15 273
204 25 272
x
386 29 290
x
204 33 242
440 20 152
x
295 27 72
373 7 292
680 13 314
x
327 33 290
x
x
611 3 4
611 4 3
373 11 293
237 3 425
x
259 8 279
163 19 218
680 9 315
158 31 266
90 32 79
604 6 285
529 8 248
x
x
348 8 93
x
x
x
x
513 37 226
632 0 400
x
x
622 0 393
x
679 41 22
632 1 399
x
491 27 128
286 2 187
96 2 346
83 37 36
183 5 255
679 34 56
x
462 20 114
684 13 214
285 12 2
89 17 282
541 6 177
75 15 215
x
706 13 414
124 15 436
520 32 70
679 23 14
160 33 283
342 11 101
26 5 306
x
439 0 217
616 38 124
459 33 169
336 20 57
217 8 97
199 37 327
650 39 174
459 9 79
423 22 371
488 29 203
259 5 280
x
50 12 185
88 6 368
619 1 362
487 8 89
506 14 138
449 16 305
x
124 2 219
310 0 215
432 23 429
215 23 31
x
x
30 27 11
89 6 425
632 2 392
319 16 225
x
x
695 17 3
264 18 282
x
57 17 240
x
128 6 234
632 3 391
589 38 332
531 3 376
719 3 129
695 13 4
642 4 265
701 28 413
314 0 352
27 5 315
107 38 398
373 23 371
x
x
x
228 0 266
244 0 196
x
27 11 313
376 9 437
x
128 4 48
590 10 136
60 7 39
285 27 0
619 18 405
x
354 28 256
431 18 433
650 0 2
220 5 335
x
x
610 40 431
671 26 166
169 24 435
x
695 9 18
x
x
x
590 7 39
5 16 205
701 31 303
446 19 364
191 30 326
65 10 237
459 14 107
584 13 30
x
124 21 172
x
536 7 42
x
x
x
386 40 145
x
491 13 114
x
x
150 11 235
589 5 197
476 26 410
493 23 61
718 1 432
641 23 380
218 22 426
588 16 55
493 26 62
x
410 11 140
x
x
201 15 430
590 1 309
571 31 321
x
44 18 113
x
185 0 433
316 0 359
476 28 401
173 0 86
695 5 34
299 14 189
182 26 275
665 8 309
370 26 163
413 21 137
266 38 332
x
44 34 145
562 5 414
420 6 3
610 38 432
337 25 237
238 4 16
439 3 216
481 0 121
x
672 26 326
341 27 102
x
444 39 349
x
x
550 9 6
73 0 63
418 34 272
659 0 295
686 15 36
5 17 204
x
665 6 271
285 37 400
56 8 301
150 9 236
5 18 203
604 16 300
x
493 32 84
150 13 210
619 21 406
x
676 25 278
571 25 286
560 10 167
266 3 152
x
608 9 372
486 33 111
x
476 30 400
623 10 133
x
632 5 389
632 6 388
65 20 307
469 17 132
60 1 266
x
x
402 7 22
489 9 10
x
515 38 416
571 22 295
x
305 10 105
502 33 199
x
x
120 13 173
x
654 2 285
506 38 311
97 22 41
29 0 76
409 23 45
505 20 193
476 32 122
209 15 127
x
x
712 5 326
x
190 25 107
x
228 21 55
x
214 20 368
x
494 6 59
67 35 183
x
192 3 421
2 27 290
4 12 291
39 3 427
520 27 258
651 7 3
647 0 40
340 38 239
x
311 0 362
224 0 412
476 34 106
28 0 136
424 14 406
119 34 419
4 9 292
476 36 105
x
x
x
626 27 414
114 0 409
660 11 175
x
x
370 30 164
510 36 40
407 40 204
588 9 251
161 0 116
370 34 165
4 6 293
x
x
644 7 323
x
296 0 385
571 16 297
x
394 2 285
414 4 314
669 39 307
654 7 277
385 0 421
x
70 27 278
x
590 16 285
305 0 437
0 38 54
606 11 5
394 6 286
208 33 203
341 32 386
x
394 10 30
175 3 28
591 5 11
698 29 279
632 7 348
x
x
8 12 296
333 4 370
269 27 307
x
8 9 297
x
x
341 37 104
368 2 47
94 0 312
x
94 22 128
x
466 18 36
361 0 6
527 8 179
411 11 222
502 13 200
649 36 201
467 8 129
419 9 54
x
x
445 6 236
24 12 346
x
x
x
39 5 425
642 7 266
582 0 326
185 20 428
287 30 41
x
610 30 42
x
695 1 204
x
341 16 113
x
467 10 128
91 40 135
484 32 150
559 14 111
306 0 387
394 18 344
525 7 314
8 3 299
100 8 112
x
460 10 395
523 12 298
x
x
x
678 13 268
569 4 128
287 26 40
262 4 67
x
265 0 47
143 5 191
553 12 307
24 20 413
39 6 424
x
x
200 28 33
141 27 8
100 3 111
39 7 423
x
x
707 3 113
x
718 22 437
718 25 64
x
x
527 28 162
613 20 7
295 22 73
107 22 108
464 2 283
494 12 56
310 9 366
610 28 144
632 9 313
375 10 211
287 24 39
718 28 77
483 18 223
598 19 183
x
644 9 247
x
24 28 428
x
202 0 179
227 30 165
x
494 38 11
640 0 381
141 32 189
676 13 343
x
369 32 225
17 1 429
275 24 101
513 3 106
126 27 55
584 5 58
221 27 52
606 28 18
676 17 57
x
x
290 36 106
333 10 177
654 12 276
400 32 377
337 40 152
x
322 0 184
587 25 327
676 21 280
610 24 391
415 31 305
539 12 305
610 22 392
x
251 36 39
x
413 10 292
501 39 384
541 37 433
x
625 12 383
676 12 170
419 15 56
352 18 237
x
300 16 428
400 11 363
432 9 249
683 16 217
719 0 102
44 6 157
264 4 353
529 0 274
x
275 27 71
494 18 54
632 10 312
x
185 24 427
666 30 393
632 23 270
610 16 401
39 18 412
76 32 368
x
x
188 1 425
x
709 34 114
353 19 210
667 5 201
400 8 362
466 8 181
x
x
x
376 22 335
x
159 40 197
375 18 213
62 18 393
647 19 129
333 29 395
486 4 398
610 18 400
661 27 53
x
674 31 97
632 12 300
148 16 252
94 39 31
509 4 403
400 2 352
323 21 185
557 0 355
332 2 189
x
x
295 32 6
x
x
401 3 230
x
531 8 375
547 38 253
x
x
654 22 274
x
371 2 107
709 30 123
486 7 397
560 15 60
132 39 74
80 3 85
519 31 392
358 40 248
81 32 106
x
106 34 217
x
610 26 390
x
431 0 133
632 14 296
32 19 28
466 10 146
677 0 109
226 20 227
679 15 267
301 17 10
290 28 264
275 39 359
141 37 13
285 2 4
x
542 0 53
285 7 3
x
269 0 46
23 23 302
479 12 389
x
x
31 2 12
541 3 346
x
332 7 206
x
709 26 124
32 0 360
290 26 263
335 38 320
x
479 3 390
632 15 295
102 12 129
466 16 37
x
x
157 5 291
x
186 2 292
301 15 360
560 19 78
x
x
66 37 243
610 34 438
486 13 395
319 33 132
618 13 6
x
x
x
x
514 0 148
578 36 28
604 0 425
x
x
430 16 89
567 9 248
218 15 1
411 24 404
x
681 6 131
678 0 111
255 16 219
462 6 219
x
17 40 325
632 16 259
152 24 416
269 20 229
176 31 146
x
527 18 164
678 3 112
164 35 79
x
611 32 276
641 15 127
x
91 25 283
55 24 238
290 24 262
x
347 41 437
484 25 23
x
560 27 107
228 29 54
198 31 93
602 30 2
129 20 188
514 27 149
638 18 309
x
x
641 17 238
39 12 418
120 7 412
x
x
282 30 261
522 2 178
375 22 284
516 3 257
x
124 4 218
225 12 283
356 35 250
x
293 26 297
632 18 285
108 3 228
178 32 109
188 26 151
258 20 373
124 8 323
320 0 353
215 9 258
375 26 294
516 6 112
282 28 333
78 4 53
383 4 178
x
531 0 128
118 2 219
x
419 0 351
149 7 352
x
39 13 417
x
23 17 304
x
37 12 181
x
97 0 2
632 20 276
436 30 309
713 0 250
416 29 43
222 15 124
108 19 422
x
65 5 137
319 0 7
x
72 24 192
481 5 394
x
64 34 358
139 32 11
453 8 158
x
399 5 236
x
82 0 47
626 38 304
681 9 132
78 0 177
x
x
94 13 366
x
222 19 398
78 28 54
27 0 411
642 17 44
x
610 6 389
x
224 41 94
282 26 332
x
531 23 372
445 13 67
446 2 280
x
x
320 19 291
563 37 346
582 14 71
177 1 122
x
615 9 148
29 41 333
503 32 210
632 22 274
418 30 298
x
685 27 125
685 23 126
273 24 369
x
325 2 49
147 15 286
x
237 38 120
x
456 34 323
260 34 165
445 15 47
x
154 32 336
x
x
446 12 271
x
247 9 366
x
641 10 254
284 0 107
207 31 264
567 3 91
x
441 26 46
215 29 356
523 31 313
266 13 309
x
x
x
634 35 145
332 12 207
534 15 211
273 27 368
137 0 278
x
30 0 409
664 12 258
x
106 33 393
x
441 28 38
x
519 27 399
441 30 29
445 1 237
387 13 341
299 17 137
414 30 42
628 0 426
577 39 124
134 4 308
x
615 18 201
x
560 37 45
40 9 416
x
x
337 27 236
550 14 5
308 2 124
113 8 5
63 6 116
216 27 75
80 2 433
632 21 275
95 5 136
609 9 146
488 24 254
671 31 182
39 14 416
314 22 439
70 2 236
332 17 225
x
348 0 274
459 19 396
712 0 331
271 9 225
x
x
258 11 3
x
656 0 433
x
x
672 33 94
632 19 277
441 36 26
36 7 406
584 1 59
x
308 12 91
713 36 287
548 22 98
241 29 269
399 17 282
542 22 351
x
371 0 128
632 17 286
399 21 283
14 11 103
436 22 327
714 8 140
468 4 294
336 28 300
26 0 403
362 16 346
446 39 151
577 30 187
319 23 312
382 0 396
x
x
x
532 6 113
x
x
78 36 55
344 0 419
520 37 180
x
134 14 306
454 28 57
452 23 264
212 0 310
310 7 322
290 8 356
x
644 3 327
450 15 285
73 18 376
x
247 25 46
563 8 358
x
333 8 428
648 18 233
157 0 344
23 26 301
x
332 22 228
220 26 403
159 10 305
290 23 355
340 40 238
247 28 47
197 0 25
625 9 382
220 35 406
209 3 59
683 25 35
621 37 375
13 34 100
513 13 331
20 34 131
708 0 81
6 4 98
538 18 109
337 31 213
298 40 388
89 30 206
468 17 112
278 0 364
x
664 32 150
x
697 4 107
209 6 60
392 37 296
517 18 75
129 7 300
641 34 252
x
547 2 368
4 0 295
x
436 15 6
577 21 239
x
247 31 67
676 15 334
x
348 41 62
159 15 304
413 25 136
603 3 180
590 4 34
632 13 297
312 27 369
x
456 7 190
332 27 81
437 25 70
515 14 315
132 26 437
x
x
4 3 294
336 30 314
269 1 105
679 29 24
x
x
316 30 136
382 16 279
x
17 19 437
598 6 175
x
154 34 335
13 30 101
155 34 6
x
407 0 130
119 18 163
x
x
80 25 162
664 37 149
141 17 202
371 33 331
316 28 287
x
216 35 123
x
316 26 286
66 16 409
697 0 146
346 41 44
620 21 342
220 14 263
382 24 238
361 31 242
x
x
346 30 277
316 40 294
546 0 185
443 5 141
627 12 433
101 21 40
157 17 343
440 13 27
362 0 239
336 24 371
114 6 181
x
238 23 401
x
173 37 87
39 9 421
627 9 424
x
302 34 378
582 19 421
381 12 177
39 0 389
0 34 53
548 17 99
214 29 281
x
219 15 252
x
440 15 414
293 1 399
401 22 228
x
153 0 138
662 2 148
x
26 2 298
272 24 341
597 23 384
x
640 37 422
628 14 222
x
234 22 104
241 27 268
627 3 223
x
423 0 109
211 26 162
540 24 203
522 34 97
534 28 115
x
484 18 24
516 33 5
x
26 30 309
6 26 36
440 17 413
362 4 240
x
264 0 402
79 36 60
x
26 27 310
x
647 1 104
x
74 9 406
559 28 222
681 38 187
337 29 235
116 34 179
x
75 0 193
x
632 8 291
149 24 180
588 7 252
542 27 338
x
x
605 21 134
x
14 36 32
299 25 217
x
x
134 1 282
x
269 13 135
x
505 24 323
419 24 60
x
310 41 361
x
x
326 37 357
629 3 140
x
x
x
x
x
525 17 297
700 34 254
105 12 123
x
415 3 108
102 23 287
191 36 190
x
x
481 18 157
x
653 20 72
285 0 315
299 21 215
687 36 37
259 33 265
453 13 431
617 16 246
117 38 48
308 0 152
597 1 390
x
x
111 0 289
332 37 226
70 12 257
x
505 27 321
712 4 120
454 0 215
x
421 11 180
505 30 283
325 4 48
x
419 27 78
196 13 105
299 30 214
x
468 32 397
204 38 269
632 4 390
657 19 141
517 0 324
x
x
577 3 278
443 16 122
x
548 7 130
577 0 279
x
212 39 313
109 19 301
157 37 417
333 0 325
617 10 343
451 8 108
x
473 4 77
10 41 324
475 0 400
x
335 30 316
65 15 365
362 8 323
87 32 159
227 38 225
x
481 35 325
77 41 52
522 32 95
x
362 12 345
713 37 249
x
439 35 227
298 17 354
493 5 191
x
451 13 109
522 31 94
x
x
288 6 315
x
299 32 308
547 12 363
485 36 336
421 20 322
617 20 244
x
x
427 27 194
633 10 152
586 39 280
107 8 229
480 0 62
x
386 0 130
288 2 347
x
288 0 346
x
x
482 0 66
197 35 420
609 17 202
x
172 23 212
522 30 93
434 18 284
684 4 216
522 29 152
82 7 15
x
237 34 7
117 22 126
x
541 0 347
x
26 24 311
54 17 171
x
27 8 314
415 6 191
x
x
553 1 432
152 30 355
340 17 95
435 23 251
139 0 214
152 34 353
487 16 93
x
x
415 12 342
26 19 412
335 36 319
707 7 112
383 34 115
227 34 166
x
354 30 197
x
649 27 353
x
x
564 0 200
x
x
396 18 399
x
x
x
x
279 27 362
673 22 365
529 13 11
165 34 296
153 8 134
221 15 345
609 21 199
675 40 89
632 35 37
622 3 364
54 21 172
633 17 185
221 33 285
x
201 37 40
586 36 281
x
27 39 316
644 0 418
622 6 365
620 37 76
557 3 181
153 2 137
325 10 35
322 24 388
451 18 110
504 0 240
27 30 319
503 38 172
718 13 15
672 40 123
33 37 14
280 35 133
586 33 282
150 0 354
x
207 21 111
x
414 28 247
467 40 287
61 11 386
547 34 252
236 16 189
289 29 200
546 6 173
x
x
369 8 129
289 16 343
711 10 318
101 29 304
493 4 96
536 15 66
611 0 408
622 9 371
x
x
536 14 65
315 23 370
53 2 225
448 21 216
x
2 39 320
662 7 143
620 1 14
521 16 312
472 6 385
504 12 248
95 39 275
x
130 9 186
111 36 196
x
107 14 306
396 22 400
632 40 13
232 0 435
x
392 1 401
557 20 369
632 39 29
x
712 10 342
61 30 228
x
177 9 147
x
94 37 316
x
632 38 34
580 39 395
342 32 376
326 2 188
123 31 212
569 37 120
289 12 331
481 13 385
326 7 166
232 23 255
406 9 183
x
622 12 384
605 12 162
406 21 97
x
142 10 315
662 12 144
105 5 391
515 0 271
364 15 380
278 25 104
248 14 391
101 24 53
536 11 385
527 39 293
392 9 24
265 1 382
628 17 333
603 5 210
x
94 6 322
294 8 384
493 11 280
70 5 268
26 17 332
193 14 124
209 18 352
59 0 227
x
x
x
39 26 150
39 36 436
462 0 208
392 13 25
x
579 31 98
x
631 13 329
293 16 296
x
x
325 0 426
529 21 275
x
x
x
x
596 38 420
265 7 380
632 34 407
620 12 340
521 2 380
476 6 332
12 40 121
x
618 7 315
710 38 257
384 6 44
293 31 298
613 28 385
662 0 247
114 1 180
x
565 18 66
254 23 377
254 26 220
180 0 436
408 36 141
470 17 411
39 37 435
297 33 391
67 20 230
62 16 229
446 28 174
586 27 298
535 9 73
560 2 225
384 10 45
710 34 341
698 34 383
x
220 11 333
374 0 379
443 2 344
44 38 144
284 10 196
x
468 9 211
x
523 0 359
359 0 322
x
494 34 166
261 0 68
502 21 202
x
326 12 11
424 0 110
306 40 193
601 12 57
500 25 206
80 31 154
608 2 335
297 36 429
x
451 23 111
653 6 4
586 21 363
632 31 136
x
485 27 266
205 15 138
504 19 439
x
x
57 19 226
425 6 95
x
240 19 421
385 20 157
594 11 351
646 23 419
619 13 193
x
x
x
111 15 45
310 23 326
2 23 63
x
9 35 138
516 9 256
486 25 265
310 21 325
400 40 277
76 26 142
7 10 7
x
384 14 92
269 21 144
465 25 98
x
472 9 88
329 14 370
x
x
487 0 264
310 32 335
51 29 168
632 29 154
39 38 434
294 17 57
50 37 438
485 3 34
73 8 374
516 0 393
184 14 398
x
384 18 118
653 39 121
571 7 315
337 37 62
x
x
363 0 119
x
x
193 22 76
369 23 278
x
702 0 221
710 26 350
x
486 1 30
193 26 75
448 11 217
x
543 7 14
659 33 173
290 39 328
7 20 196
295 7 76
x
114 11 182
x
651 28 331
7 26 194
84 11 175
x
236 30 92
x
197 4 231
630 9 420
x
80 20 177
449 4 433
211 39 28
234 37 307
44 14 112
609 14 421
714 15 260
449 6 8
128 34 297
545 37 86
512 32 268
139 27 12
434 2 87
56 26 41
313 23 150
x
432 20 286
x
494 9 348
571 4 316
32 7 75
669 0 221
494 5 61
280 25 425
x
x
441 9 350
251 10 400
326 17 304
363 8 168
615 24 55
x
134 37 389
649 8 31
221 30 51
147 4 161
x
x
326 22 360
315 22 147
62 0 220
530 6 75
594 38 319
506 0 385
512 24 101
x
x
213 0 122
333 30 77
449 8 35
132 13 66
34 0 145
486 27 238
65 41 73
708 38 367
260 17 166
708 34 378
495 2 147
x
50 1 313
x
608 19 219
126 2 390
493 20 350
x
224 4 214
204 0 365
662 27 332
642 20 348
34 10 378
500 31 307
322 38 203
326 27 359
708 10 144
251 13 399
565 24 35
126 7 391
x
326 32 358
308 22 89
627 30 111
x
708 30 418
516 24 378
666 23 189
x
x
285 22 1
433 13 285
617 26 230
388 27 171
7 29 193
34 3 385
310 11 322
251 16 398
x
594 32 324
49 34 109
332 32 227
235 9 358
175 4 27
x
259 38 266
479 19 146
472 19 90
x
192 38 24
168 7 162
x
x
119 23 164
479 21 181
339 11 343
321 11 317
218 9 344
668 8 42
603 33 205
34 4 384
x
659 31 87
x
184 6 400
119 28 165
x
7 32 192
320 25 318
388 31 172
478 0 38
x
x
472 24 91
223 32 44
445 35 261
x
334 13 289
346 25 76
x
632 25 258
193 18 123
573 26 23
x
264 12 223
240 23 205
x
408 21 369
606 18 89
599 21 106
158 1 394
633 40 128
480 28 86
647 15 264
x
17 11 433
34 7 381
629 0 139
x
284 38 225
398 2 222
161 5 318
31 26 408
449 25 8
599 26 308
x
67 10 422
487 11 88
633 26 235
258 6 225
634 15 370
379 9 231
512 10 67
x
302 14 20
703 25 394
x
380 7 173
452 11 177
443 22 123
555 39 242
x
380 11 174
449 29 371
x
222 0 289
352 25 6
512 6 81
x
218 12 343
x
190 32 98
x
483 9 218
352 21 4
x
345 0 438
x
x
483 6 219
142 37 339
594 26 328
209 24 141
481 9 386
484 10 188
606 4 191
232 19 409
231 0 274
x
x
85 31 277
629 6 141
277 29 357
443 27 124
24 34 110
485 15 224
x
654 27 270
461 34 277
594 23 335
380 15 204
643 25 229
x
x
x
309 34 101
512 2 83
323 40 374
x
421 17 270
x
50 21 418
x
34 9 379
554 6 323
x
525 0 167
318 28 227
483 34 167
x
574 0 131
634 12 425
449 33 333
588 33 144
x
37 6 183
x
x
263 7 207
x
248 2 176
701 13 388
203 0 332
x
x
370 3 223
26 35 345
370 7 224
8 26 256
52 9 295
x
309 17 283
291 3 195
x
x
700 20 278
x
x
679 26 21
x
x
158 6 316
159 27 103
370 11 276
x
564 8 50
672 14 124
204 8 47
46 30 186
34 1 367
304 8 252
x
483 12 208
x
498 16 135
164 26 53
x
443 32 125
x
116 24 178
39 19 411
x
x
411 30 357
79 1 384
x
248 11 125
606 30 238
x
449 39 136
311 8 202
x
196 0 311
158 11 317
544 6 257
625 26 101
629 9 166
x
568 29 244
x
297 41 136
444 12 326
498 25 66
297 16 44
701 22 229
493 1 160
467 36 289
x
708 26 419
42 16 200
428 18 159
576 41 27
636 24 427
401 0 276
1 0 421
297 11 435
444 16 298
37 15 180
491 16 58
x
x
272 29 10
118 23 327
55 0 350
37 21 116
584 18 232
380 37 74
234 36 103
x
58 0 80
55 37 431
523 23 27
673 40 98
554 27 140
61 32 281
493 18 15
x
494 32 131
142 30 142
x
x
202 18 375
x
320 15 372
585 10 149
x
363 4 120
x
x
376 13 438
197 32 411
x
x
621 21 43
677 35 192
x
x
439 26 311
x
142 32 140
x
376 17 439
576 20 94
443 37 126
594 17 337
172 39 60
215 0 438
105 0 76
137 37 216
x
72 11 310
486 36 110
x
x
220 2 336
649 15 173
x
x
x
634 10 432
x
23 35 15
173 15 234
585 15 217
566 30 109
147 29 253
385 3 7
444 22 242
655 3 234
142 34 127
486 39 109
594 2 320
14 34 142
425 2 96
x
48 30 437
173 20 38
266 19 138
x
x
39 20 410
x
x
x
576 30 429
677 34 193
x
625 0 287
x
385 7 9
10 0 62
165 8 66
132 3 423
498 14 77
86 32 142
533 2 59
x
247 3 259
25 5 178
316 1 95
625 3 288
307 12 360
568 11 216
187 28 150
658 24 183
370 16 300
349 32 406
x
608 15 248
x
x
x
625 6 289
109 37 341
x
x
150 24 345
25 11 176
40 32 276
x
x
x
489 4 211
18 34 401
104 9 340
271 26 386
200 17 135
47 21 336
674 23 417
312 34 379
565 7 194
148 31 344
342 19 85
x
x
385 15 343
309 31 47
68 22 244
201 13 146
x
x
507 25 215
x
143 27 320
x
x
698 22 163
695 0 438
x
x
137 27 343
104 14 339
568 16 215
x
533 26 330
104 32 44
x
658 27 215
x
568 0 213
535 24 210
39 23 153
271 29 385
65 0 136
x
60 8 321
x
53 4 283
12 19 392
x
709 0 379
309 38 42
x
391 19 291
519 36 380
68 15 219
658 28 216
x
39 24 152
47 25 92
718 7 42
271 32 392
x
465 15 187
634 8 438
517 36 378
274 41 302
567 33 179
544 30 190
23 0 43
18 16 370
x
443 20 26
634 7 369
490 16 409
87 1 186
309 27 70
302 37 164
307 21 293
52 19 190
x
474 0 17
717 6 6
309 26 71
361 12 105
557 37 52
452 17 154
490 12 407
x
87 6 185
381 30 57
344 25 94
562 39 70
33 24 173
295 0 314
386 9 378
517 27 72
529 19 284
x
35 38 91
x
x
613 33 360
516 36 87
158 26 257
502 28 167
467 30 293
381 38 320
x
x
x
x
x
x
479 37 178
x
x
572 17 42
717 2 20
634 17 101
546 18 175
x
113 3 6
x
x
37 0 171
189 15 97
220 17 139
532 26 208
598 35 284
472 37 248
x
418 20 245
516 39 347
419 12 55
168 1 174
334 0 191
91 0 314
434 22 213
97 10 0
175 5 26
x
x
x
477 22 198
209 21 140
374 17 324
x
x
681 15 277
484 35 13
708 24 422
210 30 382
75 18 141
566 38 404
x
609 5 242
634 3 235
679 40 107
513 7 345
567 27 243
48 15 342
393 0 274
210 34 383
x
690 37 212
490 6 381
116 18 198
400 5 361
271 13 145
493 8 281
68 28 181
493 14 279
634 2 236
x
241 12 150
x
x
615 36 75
490 0 178
x
15 17 84
x
x
697 23 363
101 32 109
x
392 0 275
529 36 327
x
667 37 80
x
x
13 22 278
346 29 276
502 30 201
244 9 31
451 5 43
317 8 318
317 3 249
153 31 350
554 0 182
11 10 353
x
309 24 102
171 34 322
45 20 121
597 15 294
x
x
602 11 422
634 1 237
x
x
28 4 66
248 31 367
227 0 117
x
717 10 1
309 23 103
374 25 369
45 13 202
212 5 311
421 29 104
134 20 226
x
659 24 341
524 19 411
597 5 304
27 19 9
11 18 359
330 39 216
607 0 240
x
374 29 370
551 19 421
608 34 307
x
x
183 0 274
x
110 3 406
133 34 65
x
x
367 41 189
551 34 403
x
277 13 387
273 7 41
631 21 29
277 10 388
567 18 260
x
422 5 114
x
x
110 14 405
39 29 147
587 19 305
x
85 39 26
174 31 163
695 36 205
263 26 304
x
717 14 0
x
6 31 274
268 40 33
711 18 325
x
684 24 335
39 30 146
x
298 20 101
257 19 439
519 6 425
133 6 418
535 20 12
x
512 4 82
291 37 173
677 19 294
x
x
528 37 391
585 37 306
x
x
18 40 133
x
200 21 412
277 1 376
x
562 31 139
x
512 38 176
646 27 49
289 33 418
x
x
461 26 276
635 0 104
195 9 285
81 1 83
687 1 352
467 21 238
271 35 384
138 11 247
512 40 177
138 16 399
681 18 276
39 31 430
81 6 84
616 24 105
248 5 175
668 10 282
x
188 39 284
x
603 0 3
397 13 433
97 25 54
x
255 28 177
x
196 38 288
438 13 283
x
x
567 21 259
x
x
138 26 401
92 6 207
204 29 273
26 8 271
149 2 179
25 33 108
x
x
676 0 283
x
122 4 368
79 25 179
x
x
236 31 306
x
583 2 198
291 27 204
x
716 23 296
x
159 31 194
287 36 393
x
655 9 327
x
x
436 4 128
16 7 269
x
712 26 337
711 23 5
x
608 32 179
490 2 198
x
x
508 30 352
x
685 36 288
x
x
255 19 218
x
710 30 349
x
39 32 144
175 10 347
684 0 215
700 26 256
490 4 318
656 19 140
673 28 99
584 22 409
694 0 427
397 17 146
389 15 53
x
x
534 13 294
x
x
184 2 401
35 24 323
208 37 294
x
608 27 23
89 7 104
x
314 39 38
511 24 71
264 9 396
23 30 67
545 20 311
395 2 49
157 32 365
566 23 427
561 21 426
152 0 348
569 33 161
99 26 89
251 19 397
541 12 206
567 24 258
x
x
122 14 370
671 5 125
508 27 351
x
431 7 250
508 21 296
200 38 24
684 31 338
268 32 8
x
616 0 397
x
46 9 377
642 24 344
x
678 37 65
329 31 118
314 35 364
66 11 72
x
111 32 197
124 24 371
x
x
x
395 14 35
681 0 93
294 0 53
x
624 39 398
x
575 28 418
15 5 264
x
329 29 92
396 10 36
574 4 33
581 7 269
x
x
687 6 351
x
519 10 380
191 37 99
418 28 132
x
x
x
254 35 0
157 27 361
508 12 298
658 30 235
212 11 312
417 20 50
x
508 9 290
316 18 418
x
668 40 130
702 24 165
359 9 156
x
62 2 264
372 7 58
157 25 359
x
634 29 256
542 15 202
x
368 18 314
416 27 246
567 36 165
13 0 143
x
39 34 438
264 15 283
278 36 334
668 18 138
446 22 140
508 6 289
674 29 96
282 1 404
x
232 38 321
x
700 38 153
x
66 31 412
x
175 15 346
549 14 131
355 22 154
129 38 284
508 0 287
57 7 250
x
x
651 33 135
x
x
533 38 110
393 34 297
125 0 134
273 16 301
502 34 169
97 35 92
48 0 126
239 6 66
310 34 336
500 33 18
x
230 9 200
92 32 80
591 26 264
x
697 8 135
276 0 188
634 38 404
642 29 10
x
10 6 261
x
718 10 33
430 21 396
461 22 224
645 21 257
239 14 69
x
529 6 216
x
425 36 149
193 30 74
35 16 336
x
591 22 121
x
301 11 106
156 37 43
265 13 378
670 39 108
527 0 157
392 24 366
x
141 13 203
183 25 92
x
395 10 8
617 18 245
x
486 17 148
594 5 361
150 18 269
335 22 253
x
490 8 382
615 5 225
395 6 48
495 10 116
392 19 363
503 0 424
431 33 199
x
10 12 259
465 37 184
570 25 170
x
179 0 16
x
301 10 105
85 14 95
8 29 255
174 5 344
640 32 421
x
355 27 271
337 4 20
x
670 30 111
579 21 204
676 8 313
32 37 31
533 18 54
376 24 244
x
290 17 402
617 6 83
312 15 24
594 8 352
372 35 183
441 22 144
355 32 272
x
617 4 84
542 37 336
84 27 98
x
x
4 39 126
106 17 100
201 19 431
11 26 355
x
290 11 351
x
x
579 1 171
685 15 130
334 26 392
269 29 404
529 30 396
x
650 31 342
455 4 239
381 5 361
x
367 12 299
149 16 349
407 4 235
685 19 127
171 0 2
x
440 31 13
413 15 234
105 33 88
355 37 273
6 8 107
400 14 366
86 14 134
640 3 62
x
571 13 300
x
x
52 38 170
x
232 5 361
443 18 128
232 13 197
408 23 253
239 10 284
522 38 228
516 29 350
13 8 327
x
544 20 237
634 34 381
400 20 373
173 26 343
x
2 14 286
x
397 9 37
254 0 437
298 26 104
603 35 351
649 19 13
397 5 100
624 33 136
173 31 342
701 25 310
490 10 299
693 40 198
298 24 103
650 27 35
368 37 219
239 0 151
624 36 407
594 14 338
x
701 19 348
x
396 14 182
381 34 319
478 37 191
x
41 5 133
x
x
608 8 232
579 13 174
x
321 0 208
x
381 26 34
621 29 69
x
540 3 320
x
x
400 23 374
x
210 24 147
476 19 378
400 26 375
476 16 379
x
x
239 30 115
566 13 49
43 26 95
43 14 98
385 11 31
x
111 9 19
228 24 5
x
400 29 376
x
247 19 365
482 22 162
550 0 250
179 15 44
22 11 81
570 38 207
549 1 382
177 20 211
247 16 364
x
528 8 224
634 41 401
247 13 363
621 19 169
583 10 218
173 14 1
64 12 88
x
478 32 55
82 30 20
605 38 130
548 38 103
683 0 178
119 10 382
x
64 0 91
490 14 408
x
277 0 365
x
634 27 341
x
369 19 277
x
135 25 250
x
356 37 192
336 12 254
340 29 24
664 11 34
x
x
634 26 349
x
x
x
215 3 15
291 17 343
x
x
677 31 204
652 6 408
62 23 392
16 28 105
647 7 345
489 7 263
102 0 46
135 15 248
29 35 0
124 13 211
620 10 192
125 31 342
579 17 189
112 35 9
x
278 41 355
x
462 39 96
482 7 50
614 35 220
x
x
599 12 223
524 25 205
298 28 303
503 3 165
10 15 258
518 0 33
325 36 263
537 12 136
511 29 156
337 17 29
428 37 193
x
400 35 187
337 15 57
60 32 366
x
207 17 27
515 28 103
226 34 208
407 12 348
346 15 242
x
535 0 339
135 10 246
x
623 25 188
118 0 381
x
124 40 281
15 11 262
388 23 23
453 2 434
313 11 64
135 0 244
x
460 7 386
x
x
246 22 39
x
363 12 169
x
634 24 332
66 13 191
301 27 274
281 27 185
635 6 102
458 38 10
340 31 22
306 9 247
436 16 122
x
594 35 277
526 1 16
419 3 271
x
x
618 0 132
371 16 339
635 12 65
164 13 56
x
x
64 16 87
496 34 48
x
634 21 48
345 3 309
228 3 177
151 0 346
526 11 427
228 7 178
47 9 354
x
598 24 369
571 10 314
x
175 1 415
x
140 23 32
27 28 410
47 13 353
524 4 414
677 26 266
675 8 164
629 23 44
x
675 5 165
x
x
x
240 32 422
479 33 183
x
136 0 302
x
374 21 325
x
290 19 403
183 31 269
x
345 8 332
176 16 203
382 20 237
24 22 425
116 40 379
587 6 143
564 32 257
478 17 59
606 39 413
15 2 265
407 16 349
275 36 354
x
634 19 51
x
x
x
416 22 405
382 12 235
478 7 78
x
168 28 81
499 0 383
428 34 102
16 10 268
430 34 313
x
673 7 423
419 6 30
x
x
478 2 163
490 24 137
699 41 382
168 40 321
345 13 333
675 2 176
x
x
400 17 372
x
382 8 398
x
238 28 150
x
x
363 29 327
340 33 20
327 32 61
379 20 75
711 32 281
122 36 294
711 29 181
524 9 413
x
x
x
700 30 255
602 27 59
631 24 34
645 36 436
705 38 272
490 36 272
660 31 431
x
550 32 280
663 1 93
653 7 217
269 4 106
165 37 129
x
702 17 206
321 4 219
x
234 33 437
699 35 375
550 37 281
176 23 155
176 37 94
409 0 139
63 22 106
x
483 37 225
71 32 309
x
x
129 30 270
294 22 61
x
679 25 20
492 11 182
357 16 414
357 7 413
301 35 205
382 4 397
163 5 330
228 31 42
366 8 190
668 31 116
x
142 31 141
539 1 321
x
156 17 1
x
43 2 101
319 11 432
142 29 143
x
387 31 387
524 31 255
x
537 23 191
x
477 41 391
115 7 116
526 0 25
454 11 312
704 37 376
117 3 418
226 16 163
x
399 13 281
706 6 406
399 9 280
x
345 18 364
624 24 155
679 33 55
354 16 279
537 28 72
211 24 145
59 31 318
496 22 422
452 3 291
48 35 207
372 0 29
x
x
630 3 376
x
370 0 38
565 26 29
82 36 367
399 1 322
x
x
x
464 35 213
280 0 325
188 38 19
x
142 35 341
x
390 37 376
617 32 194
223 40 288
522 13 17
x
457 7 372
390 10 272
348 33 260
116 23 417
x
430 38 312
x
672 0 211
48 37 259
388 12 302
x
655 0 106
x
586 30 283
x
54 3 242
110 29 151
237 21 390
680 1 173
568 22 431
x
x
19 8 172
x
145 0 170
658 4 415
53 15 187
626 29 292
x
617 22 241
291 13 201
19 20 160
272 14 51
14 15 102
375 0 303
x
530 35 46
264 21 281
617 24 231
496 10 327
390 27 321
32 35 358
393 13 375
x
530 5 23
149 19 348
501 25 213
x
99 2 71
714 27 227
126 23 232
580 29 67
x
264 25 303
218 20 144
x
301 3 144
117 4 211
x
460 1 269
x
220 0 129
x
x
76 9 427
311 32 412
373 5 305
x
79 21 132
168 15 315
637 40 92
553 18 332
635 28 435
x
323 0 198
370 20 306
431 14 419
564 24 250
x
x
238 15 399
x
268 0 187
110 34 150
606 22 125
108 32 149
630 33 339
x
268 20 185
218 0 119
643 13 242
22 35 338
630 21 299
301 1 12
189 37 111
227 28 116
559 18 89
108 37 148
128 22 296
296 14 169
292 36 167
559 8 90
194 4 241
577 6 273
x
419 31 297
162 32 329
94 2 27
492 0 64
521 1 367
268 4 15
x
511 6 367
347 27 280
x
353 37 60
x
x
694 15 200
613 0 267
22 20 87
x
x
491 11 63
x
633 4 237
665 37 287
93 30 371
96 22 342
620 16 322
53 24 421
92 25 222
380 4 424
187 0 270
x
305 32 47
268 8 434
x
274 22 86
643 7 262
443 11 200
94 15 372
485 0 106
62 38 143
328 8 178
229 8 74
345 29 282
x
617 34 150
461 28 316
626 22 85
577 9 272
x
x
375 14 212
268 10 269
x
137 39 76
298 18 71
688 21 157
328 4 176
x
x
556 39 197
541 15 19
x
623 7 28
301 0 121
456 38 278
x
641 0 70
558 17 153
x
x
120 0 434
61 6 372
680 5 316
98 0 369
370 22 162
x
648 38 43
489 19 52
306 19 224
351 0 384
x
376 5 425
121 21 332
x
x
519 25 418
83 30 213
683 32 183
328 0 126
559 32 365
658 13 202
x
122 23 425
500 22 42
236 0 231
169 13 207
x
687 30 190
268 14 267
x
524 3 44
572 36 432
615 13 147
643 16 237
263 8 130
198 0 289
150 25 124
24 18 422
430 7 66
x
349 40 243
378 24 13
129 41 38
629 28 332
x
303 16 254
376 1 394
x
352 39 285
445 41 41
623 33 265
205 0 152
x
403 33 154
578 8 397
394 14 32
397 28 84
710 4 13
103 0 374
573 1 221
323 4 200
388 37 203
162 1 300
231 15 248
281 0 324
303 39 219
x
x
509 39 28
19 16 164
452 0 325
294 27 62
x
611 19 206
x
370 38 270
687 25 197
397 3 83
274 25 85
19 15 165
670 20 289
2 11 287
x
673 4 100
395 0 41
152 15 104
x
x
325 17 27
380 20 161
178 38 115
624 4 122
351 5 385
509 30 17
x
673 36 159
74 25 347
3 9 134
667 0 76
x
695 30 159
279 17 89
152 17 105
x
17 5 423
351 10 111
658 38 68
583 0 102
383 39 187
493 39 241
336 33 329
623 36 423
710 23 416
x
x
x
149 14 353
373 19 99
x
121 25 197
410 33 92
x
449 13 353
521 13 306
394 34 188
432 2 148
666 15 85
230 30 319
x
382 36 340
17 9 432
323 8 205
681 33 84
442 32 205
409 28 44
x
252 13 43
50 26 417
13 25 89
110 5 195
566 0 153
710 12 408
321 19 23
484 40 186
636 14 71
373 15 98
407 28 24
561 30 129
96 0 373
x
x
x
19 13 167
230 34 323
121 24 136
625 28 94
572 23 22
573 17 234
623 39 387
x
391 11 10
x
292 0 217
43 39 158
152 19 106
x
210 19 366
556 2 271
75 23 346
633 15 236
203 19 153
228 16 6
284 6 199
351 15 54
132 14 413
115 0 377
19 12 168
x
701 37 369
706 17 83
x
596 0 396
x
614 19 8
431 9 416
x
33 5 95
356 7 3
x
517 31 70
152 21 107
390 25 359
x
198 12 139
292 7 375
351 20 55
283 15 243
648 7 430
321 8 397
390 14 386
529 35 150
x
x
179 2 90
425 28 116
x
611 9 159
278 14 356
710 16 407
688 8 396
x
353 22 56
688 12 395
564 28 256
53 29 420
x
598 26 243
390 7 358
372 12 246
565 38 65
607 4 412
558 22 309
300 9 222
422 12 323
512 0 216
x
x
17 17 436
x
46 0 166
357 21 400
19 10 170
414 17 1
495 30 183
376 29 245
484 6 9
495 24 209
x
x
x
x
x
347 2 345
x
688 16 353
x
353 27 58
508 36 105
353 32 59
329 23 404
211 12 421
437 37 181
x
16 13 267
273 36 257
x
564 36 419
391 13 134
507 15 199
x
614 25 11
x
480 23 267
68 0 182
495 39 349
x
680 27 387
367 22 125
x
170 37 261
389 36 357
398 34 108
621 23 47
x
363 24 79
394 26 301
598 0 105
x
367 7 60
355 16 3
261 7 249
611 7 0
491 32 401
567 12 163
363 33 326
x
57 26 371
x
345 23 365
6 34 114
x
x
396 29 43
x
577 18 240
x
241 36 13
x
512 8 68
611 6 1
x
79 6 383
14 20 275
577 24 238
288 35 374
31 32 79
x
x
679 35 58
556 35 214
602 14 197
x
210 3 167
598 25 370
x
357 23 401
306 4 246
25 30 277
537 18 39
x
217 37 183
577 27 191
356 3 1
142 40 336
x
377 26 40
301 39 208
82 10 205
321 24 204
579 0 277
719 11 267
579 26 430
436 20 266
x
x
x
x
312 26 367
15 33 120
364 8 330
x
670 27 256
605 34 126
x
142 39 337
384 0 179
396 40 42
x
x
606 35 239
x
539 25 288
696 24 136
534 2 239
397 0 82
268 2 186
715 30 401
x
x
x
122 29 46
x
32 25 407
192 16 266
372 17 248
338 5 297
x
x
x
107 28 60
268 18 32
37 19 404
689 8 61
262 33 129
316 12 355
511 15 141
708 15 345
298 32 255
x
425 23 26
x
440 2 339
310 1 93
256 16 170
25 14 175
x
534 7 240
206 11 210
561 24 192
x
x
387 38 55
356 5 2
368 30 267
305 23 162
198 7 140
x
x
x
368 26 266
280 7 281
681 31 384
127 0 73
x
x
229 37 11
140 19 31
x
x
142 38 338
592 12 241
349 0 356
100 33 280
280 17 279
x
123 2 229
x
587 11 411
715 24 403
x
595 16 258
132 9 276
x
668 0 75
110 9 194
512 36 175
267 30 61
x
395 20 208
x
653 0 156
223 0 158
x
x
545 29 198
458 16 34
128 16 422
391 36 295
621 27 68
510 32 67
560 6 156
623 1 26
190 38 21
37 25 97
30 33 44
x
x
346 31 398
715 21 404
433 20 61
437 17 264
290 0 216
687 16 284
169 18 354
715 18 166
268 12 268
659 15 367
371 8 121
349 5 355
x
x
15 37 24
66 4 68
x
23 14 305
13 11 70
175 37 332
x
16 0 40
646 33 419
719 19 321
167 33 30
483 25 437
59 41 77
24 14 345
x
590 0 270
x
659 3 251
290 13 352
258 0 80
148 8 342
123 21 295
177 27 143
313 4 203
646 30 48
433 2 410
186 20 227
142 36 340
x
130 0 156
60 19 212
8 6 289
19 4 176
420 21 295
8 0 300
675 29 90
x
81 12 203
637 26 121
x
411 35 189
475 30 143
x
x
146 14 291
x
123 4 426
205 34 280
139 2 118
144 0 119
x
x
512 14 43
425 14 93
x
420 32 46
280 30 407
581 3 268
x
267 18 319
559 4 233
669 29 78
339 38 337
x
47 41 233
x
569 25 245
417 5 254
442 37 201
219 10 130
216 0 315
56 7 42
x
151 12 120
267 21 320
x
573 37 119
x
23 20 303
0 33 365
502 4 414
396 9 405
428 7 47
617 0 81
438 40 261
630 0 31
648 13 333
x
227 10 239
49 6 154
x
510 37 117
x
510 20 82
340 7 435
567 6 90
x
268 6 14
186 0 438
719 23 313
19 3 188
188 5 426
631 0 353
x
635 18 61
511 21 434
169 8 206
75 39 73
291 22 223
x
349 10 354
99 0 386
217 12 45
316 10 354
148 3 77
512 16 217
520 2 277
95 34 55
346 35 410
668 21 101
x
429 25 399
577 15 89
89 36 318
665 5 53
541 35 383
x
x
596 8 242
704 15 312
245 15 159
166 0 312
510 11 363
385 21 432
405 11 40
564 15 226
246 29 301
564 2 81
x
366 28 307
x
693 0 209
383 10 251
x
x
512 18 261
663 19 51
424 3 427
245 0 213
x
236 22 148
x
x
592 21 214
x
x
x
525 27 295
572 0 181
635 21 177
42 37 249
258 39 163
x
701 4 391
186 15 226
512 20 262
245 9 133
373 0 154
x
44 26 147
14 0 352
472 31 383
342 36 335
155 25 153
565 0 347
526 22 292
95 31 42
503 9 180
693 34 203
214 14 355
611 27 186
608 38 308
617 8 344
x
156 2 301
663 0 49
94 28 240
692 36 386
512 22 84
174 25 165
183 18 91
226 10 128
156 7 3
426 15 31
19 0 223
346 4 421
349 15 10
693 29 372
386 11 81
x
390 33 113
x
x
241 18 393
433 30 19
101 9 294
651 1 102
x
x
205 22 48
393 40 166
544 16 189
571 41 433
x
x
x
337 8 22
618 21 160
676 34 360
330 2 24
22 29 41
215 33 21
55 26 188
311 11 351
224 28 340
329 8 125
x
x
479 4 365
55 29 270
x
312 5 250
64 33 238
156 12 2
617 38 149
422 25 301
130 40 37
27 2 322
537 0 343
98 27 349
147 34 27
5 40 224
146 18 268
252 21 200
18 24 366
531 18 373
x
607 16 337
5 39 225
101 0 12
441 16 340
x
x
480 13 194
424 35 150
61 0 76
617 12 334
601 26 60
160 25 131
716 22 104
665 0 93
5 37 227
95 20 279
35 33 189
531 36 149
98 32 166
x
223 8 132
416 38 360
x
660 0 1
452 7 274
452 5 275
549 30 105
83 6 64
497 15 370
326 0 315
452 1 310
x
x
198 17 127
1 32 64
26 21 312
668 3 74
491 0 51
x
426 19 9
324 20 316
237 0 253
x
71 37 308
244 29 428
617 14 247
x
x
584 0 275
242 27 431
694 5 202
86 0 302
689 24 15
160 17 133
343 35 296
x
x
x
x
661 19 86
x
581 11 299
653 21 169
116 14 199
649 28 339
607 38 79
349 20 307
507 31 388
541 9 176
535 4 353
582 17 195
403 17 111
x
441 20 138
65 25 306
96 12 344
647 12 263
660 38 67
211 4 423
397 38 430
x
649 35 292
373 38 3
x
630 12 209
x
x
696 31 208
x
398 8 332
661 21 188
617 2 82
67 18 234
27 36 317
389 10 0
117 19 308
x
47 0 45
2 36 321
x
x
667 8 194
x
605 30 212
271 12 359
352 33 157
591 30 265
284 32 189
x
583 32 186
2 33 307
454 40 406
543 37 236
692 21 230
703 0 420
181 31 243
x
0 5 330
x
x
510 1 53
506 34 312
364 31 156
203 11 155
x
278 10 53
649 32 329
485 8 9
x
x
x
480 16 301
x
x
640 15 347
x
512 26 122
454 38 415
538 0 209
x
338 0 252
9 26 22
123 9 230
394 41 416
13 2 33
419 33 296
175 27 333
215 37 22
161 27 317
534 0 212
x
170 23 387
649 30 309
x
512 28 69
270 33 360
695 23 158
649 29 321
x
697 17 437
645 13 346
689 29 334
x
458 40 420
x
x
96 27 174
361 35 214
x
680 30 344
97 41 385
x
x
170 27 263
210 15 367
270 36 361
223 12 131
x
579 5 172
533 0 213
x
x
x
435 9 85
665 28 253
349 25 308
434 4 86
x
491 41 357
260 29 273
605 17 135
x
543 13 419
96 37 172
251 40 230
7 17 197
x
629 39 161
680 34 72
477 5 61
x
x
480 7 192
501 12 188
x
709 8 317
x
20 32 340
576 0 437
360 0 207
x
385 33 90
x
x
x
510 5 313
520 0 217
582 37 68
x
242 33 433
x
532 0 215
x
221 18 347
x
x
433 29 88
x
646 40 370
653 31 88
x
512 30 269
507 19 139
210 7 419
392 34 385
90 2 171
x
44 22 114
477 0 367
380 34 334
272 9 416
618 39 204
268 24 183
53 9 315
228 12 202
219 5 20
452 22 102
389 2 435
512 34 190
7 1 49
156 32 192
104 0 43
285 17 85
399 40 150
109 0 307
330 4 25
x
200 33 231
353 0 209
x
144 9 397
118 13 338
397 34 429
249 35 412
x
249 38 236
90 27 348
690 32 211
x
186 10 256
x
x
428 31 77
105 9 305
511 40 317
18 2 377
211 16 420
x
x
645 28 323
136 5 42
636 19 397
456 28 33
x
411 41 190
230 18 57
191 26 294
581 0 323
x
x
532 30 218
510 0 97
x
x
236 24 41
17 0 182
637 9 378
1 36 356
368 9 412
347 0 295
548 12 100
444 37 101
178 11 138
358 0 247
538 34 78
500 9 236
182 22 388
x
x
295 17 74
564 19 297
690 9 199
49 38 110
3 24 189
253 10 436
3 27 188
588 6 164
626 19 326
424 33 407
475 10 188
233 20 61
653 33 170
x
112 29 361
203 24 89
x
570 30 246
x
273 3 419
475 28 380
578 13 408
359 4 155
100 0 303
x
482 30 432
543 23 199
x
692 3 106
310 13 366
3 30 187
x
641 14 134
116 2 49
x
x
x
717 0 424
568 31 82
611 11 179
419 21 59
684 18 52
21 12 184
73 38 364
573 5 222
477 9 341
x
246 31 263
518 17 96
182 0 148
622 29 98
80 0 309
111 41 407
685 5 184
415 0 79
355 17 186
583 14 219
37 3 184
11 8 332
x
x
x
x
573 9 228
537 9 348
136 10 41
x
469 0 93
547 0 184
108 31 421
425 34 409
440 29 12
147 9 271
686 29 262
655 20 425
512 12 47
x
499 37 4
680 0 64
214 17 259
x
x
612 15 174
33 0 186
440 27 145
x
688 28 138
x
538 2 265
571 19 296
x
202 35 17
125 19 427
x
x
x
136 15 40
227 22 236
180 14 370
x
538 14 342
423 16 207
518 11 94
444 31 175
362 34 132
542 5 310
164 4 117
33 10 187
49 0 224
611 17 160
x
43 0 221
243 19 321
120 6 224
506 10 343
195 0 286
62 8 211
x
575 21 130
24 10 347
272 18 52
481 31 328
108 14 209
719 28 8
438 19 202
106 7 74
x
408 8 394
x
x
95 28 138
387 19 216
415 9 99
303 0 389
359 14 190
360 7 33
690 0 26
571 28 276
480 4 152
677 41 110
74 4 405
566 21 53
x
x
497 18 371
555 15 246
503 6 179
613 1 290
692 18 231
136 30 243
x
611 13 176
x
289 6 328
135 5 245
x
640 9 71
x
303 9 380
x
x
263 0 84
x
510 29 68
364 16 381
160 31 118
580 6 276
250 15 10
x
x
195 31 134
288 4 348
515 12 157
175 22 257
282 34 179
253 32 308
255 14 307
401 31 83
683 37 152
189 2 39
378 9 315
24 2 351
535 8 22
711 4 282
613 23 74
123 11 355
x
503 34 344
511 35 390
x
100 40 293
215 21 290
x
457 0 28
308 32 87
180 6 372
409 7 138
518 30 304
357 4 246
609 26 165
x
359 19 33
426 40 418
59 12 388
x
253 25 22
233 32 416
x
x
x
x
427 33 33
421 14 243
293 21 316
140 29 267
x
616 28 19
578 20 285
x
70 34 363
42 36 66
532 10 114
488 32 207
316 38 293
613 7 293
341 0 401
x
410 0 36
x
x
x
410 5 8
601 0 243
x
415 21 161
78 14 248
320 18 65
495 33 184
428 0 64
194 12 259
673 0 301
627 17 311
x
539 41 394
x
670 0 126
293 11 295
268 36 179
175 32 335
70 20 232
692 33 410
11 20 358
x
715 6 358
378 1 114
242 0 12
509 33 26
x
149 0 350
268 28 181
573 22 381
481 21 12
79 17 57
84 0 428
522 4 370
x
7 5 50
x
61 22 269
x
12 25 389
359 24 267
13 16 280
184 34 249
614 17 164
707 20 373
331 6 400
158 0 80
719 30 85
515 34 417
x
x
415 24 162
x
523 3 26
415 27 163
421 2 164
40 20 234
x
19 30 193
220 32 405
141 22 255
408 12 386
74 19 408
641 13 135
79 29 59
81 0 431
279 12 187
x
473 3 403
x
268 22 184
483 24 184
x
219 22 169
220 39 191
284 13 267
273 34 267
49 14 152
490 21 136
x
408 16 385
690 20 239
275 0 189
613 10 419
268 26 182
675 0 91
151 38 123
201 11 109
x
259 22 305
713 30 283
462 33 315
631 7 428
429 18 63
478 12 60
702 32 370
x
401 21 155
115 38 30
715 33 400
x
106 28 204
496 7 326
189 0 20
607 34 107
419 18 58
148 28 290
678 9 269
346 19 73
565 28 425
161 9 157
197 37 112
511 0 359
478 27 56
168 5 156
483 16 294
556 14 333
9 0 362
539 35 303
241 26 360
x
19 28 195
590 13 137
150 1 125
246 0 104
x
274 18 131
350 8 268
x
415 15 248
334 21 334
488 10 428
404 10 257
x
592 8 231
x
338 39 214
590 22 155
222 31 192
x
x
494 3 356
697 30 75
135 37 272
x
431 34 231
499 26 375
482 1 164
x
x
184 22 396
x
22 0 128
240 26 258
697 34 319
716 36 247
391 28 181
431 40 52
254 3 42
x
432 0 15
x
350 13 269
268 34 77
217 31 190
8 23 257
437 19 84
x
57 6 65
481 40 322
557 10 196
135 30 395
482 10 98
630 38 90
244 23 426
103 17 334
69 16 231
338 19 331
x
171 29 357
x
41 13 433
x
438 18 208
240 36 241
391 24 21
613 16 353
19 26 197
420 17 145
x
x
195 21 355
663 33 401
83 36 317
471 38 342
377 5 247
304 0 134
397 30 428
x
x
209 33 232
x
91 4 215
377 0 342
590 28 159
x
712 31 328
156 0 225
x
305 16 306
19 24 156
399 33 137
245 6 244
325 27 136
235 22 254
208 20 277
691 37 361
195 26 356
591 18 206
235 40 230
x
521 15 340
187 19 279
152 4 30
369 10 220
637 6 255
x
62 28 391
x
570 1 160
x
103 22 333
x
575 9 286
523 30 7
167 34 215
201 32 108
200 20 90
384 28 373
265 17 303
x
x
447 12 46
x
350 18 434
238 1 149
487 27 94
x
256 10 23
350 23 14
381 0 362
208 4 204
x
261 16 296
418 3 384
x
x
704 33 70
418 15 344
x
641 5 349
459 5 199
570 7 13
19 23 157
208 0 174
615 7 116
x
583 6 208
19 22 158
697 18 366
59 2 390
x
x
16 16 266
717 21 433
434 16 434
318 2 163
257 0 438
511 31 391
412 0 127
435 0 269
248 0 11
623 0 290
x
718 37 374
664 3 431
337 11 407
327 40 182
x
522 10 360
297 28 430
42 19 222
576 35 117
363 20 78
494 28 355
44 0 223
x
x
562 8 193
430 0 98
x
350 28 15
