16 27 194
275 9 77
x
364 30 312
334 33 144
x
277 0 219
x
x
107 16 335
184 4 3
371 23 41
28 14 95
107 12 334
273 30 270
229 0 336
72 17 136
23 25 101
244 34 145
152 3 106
173 9 331
382 39 66
70 28 101
201 27 71
0 22 337
397 22 112
x
394 15 113
x
177 26 125
217 21 35
224 32 73
x
284 20 188
391 34 13
x
x
41 0 60
311 26 73
262 27 19
256 22 200
305 8 282
331 12 117
x
386 31 267
94 17 137
319 2 24
102 10 135
32 33 96
216 24 304
x
x
54 27 94
233 38 103
331 18 17
305 12 283
x
116 30 315
87 37 138
33 32 218
x
16 18 197
133 0 76
150 35 244
x
332 40 280
x
22 22 297
137 25 69
366 31 1
22 21 298
278 37 325
48 9 292
318 28 80
322 11 330
x
115 5 310
183 24 177
x
101 14 239
78 3 253
86 13 6
x
25 21 27
x
273 3 44
22 16 303
217 31 25
54 24 93
148 0 176
375 12 283
154 22 153
124 0 234
113 0 185
x
x
x
48 14 249
x
x
399 2 221
330 40 281
233 1 190
335 20 299
x
x
182 38 218
290 37 146
88 25 127
150 0 246
397 20 323
147 34 269
304 21 285
x
57 5 62
139 20 174
x
364 9 106
x
59 36 114
x
147 30 270
93 12 330
296 20 117
x
x
x
x
x
x
394 25 128
x
x
280 18 336
345 22 151
276 6 71
57 1 137
376 14 203
48 24 307
x
x
24 17 49
245 4 24
273 1 297
161 41 92
394 0 100
214 27 315
x
253 5 159
x
x
x
394 30 143
83 2 250
x
x
34 14 122
335 23 277
273 33 279
52 28 30
38 29 89
273 36 280
28 0 151
x
327 18 143
136 11 114
287 0 95
x
x
383 22 224
332 14 328
228 19 155
x
364 21 142
182 12 220
x
131 8 260
244 17 22
212 27 247
202 16 163
383 18 97
136 5 112
x
125 35 235
57 13 78
35 30 164
369 29 256
223 36 266
11 27 265
x
273 39 281
x
x
x
357 16 235
149 24 247
102 20 161
340 0 111
158 2 271
x
x
164 30 315
137 0 123
253 21 17
131 12 162
12 27 58
379 26 335
21 17 238
369 23 257
254 2 237
272 9 9
384 14 84
x
390 0 177
x
107 6 112
x
14 20 115
x
x
235 27 55
125 30 0
240 36 228
194 37 277
262 8 323
175 4 225
395 15 127
214 7 146
140 11 59
275 37 199
351 21 294
285 23 218
276 17 251
52 31 76
x
x
44 5 200
333 3 233
293 28 30
x
93 8 39
x
193 12 184
228 6 208
301 0 336
25 0 153
372 37 9
194 0 271
x
x
x
x
x
x
103 16 129
109 36 238
296 26 132
29 3 325
229 27 158
323 5 35
x
143 36 52
x
120 29 244
314 16 195
x
395 22 5
276 0 252
280 33 66
40 2 82
125 22 264
52 34 86
143 0 43
103 27 9
289 20 280
116 0 96
203 32 182
94 9 143
320 24 129
x
82 25 262
143 30 137
54 23 38
291 38 241
x
199 36 138
143 18 136
213 21 74
344 11 163
x
289 14 74
x
x
85 2 17
76 39 14
165 21 119
178 27 29
261 13 143
x
320 8 307
236 1 214
169 18 101
4 14 261
x
279 14 53
x
129 27 170
321 33 134
266 10 247
245 18 185
18 11 2
34 17 314
x
165 15 316
x
275 0 246
x
232 13 136
220 10 91
11 14 82
279 8 40
395 30 181
267 13 242
130 38 169
216 32 81
x
99 29 82
287 21 145
x
372 10 235
26 28 333
x
278 9 66
131 32 307
x
149 10 336
103 5 177
34 22 313
185 27 268
169 32 39
383 37 78
315 0 18
268 0 282
88 32 128
x
x
x
189 10 58
243 7 254
x
107 37 34
52 39 135
96 24 70
282 35 223
x
395 6 230
380 26 21
269 25 14
98 29 80
x
47 40 37
x
280 36 19
44 33 87
104 15 71
236 26 173
366 4 340
x
369 11 52
295 0 309
102 0 183
34 27 312
142 7 74
369 8 88
130 30 167
52 33 87
288 30 133
142 40 123
x
x
141 35 201
x
320 21 123
x
353 10 31
273 7 46
258 8 29
68 3 91
242 37 129
116 14 306
243 37 249
171 39 302
185 13 313
66 2 224
x
109 8 7
178 0 99
68 2 90
68 1 89
308 21 312
x
185 3 35
x
258 3 28
187 8 69
152 34 226
152 30 225
35 40 147
x
286 38 295
199 32 327
268 3 202
7 13 108
x
262 37 81
x
x
x
253 39 182
303 20 297
314 0 285
369 5 90
360 23 34
279 17 56
136 0 157
x
x
282 13 261
x
95 15 118
230 40 287
228 32 273
300 22 157
314 4 310
11 23 267
x
87 11 303
x
x
x
94 11 162
x
x
323 18 327
94 22 275
192 18 21
334 38 261
348 37 127
x
x
31 40 269
87 16 38
208 0 313
x
x
383 32 226
181 32 232
340 27 169
96 27 290
147 18 14
1 29 329
357 0 143
341 5 206
392 15 22
372 15 237
124 11 127
311 13 170
x
5 6 45
379 40 216
96 30 293
306 10 22
231 37 156
276 1 70
118 6 77
x
x
311 10 96
124 35 223
118 10 55
291 22 286
251 18 306
x
56 0 122
163 10 296
135 16 156
x
120 36 24
258 38 257
288 8 28
x
37 10 293
379 14 148
x
46 37 179
x
52 18 198
19 12 226
x
231 19 122
292 3 2
32 1 171
92 38 283
200 38 235
72 27 256
288 10 223
83 35 297
309 34 35
73 7 295
379 38 98
59 30 245
386 5 37
311 7 171
34 9 127
x
338 0 274
288 12 222
x
268 6 287
137 33 219
308 27 37
311 4 172
137 29 218
114 41 44
34 10 126
2 20 298
379 34 68
246 31 232
x
233 17 198
228 21 80
25 17 47
363 36 121
x
397 27 111
238 31 171
9 7 92
369 0 242
107 10 279
311 1 173
381 15 159
370 28 4
15 17 286
x
155 18 90
361 7 146
314 2 108
367 1 290
169 0 100
315 20 182
223 18 82
x
x
x
x
57 12 79
x
371 20 62
278 18 84
x
328 34 323
45 36 112
40 10 122
57 3 63
282 19 271
x
x
101 1 326
328 31 324
384 1 83
254 14 243
149 18 105
11 31 260
286 15 273
251 29 126
288 37 339
x
328 28 213
x
x
57 4 116
233 10 262
345 35 300
380 1 308
226 32 196
288 20 218
360 2 128
150 38 67
397 37 109
x
x
x
320 12 309
216 35 82
26 10 311
239 20 60
98 9 259
x
90 1 57
309 11 140
200 32 153
324 31 326
296 16 108
110 33 231
288 28 159
4 17 264
383 27 225
x
x
198 26 149
152 17 108
x
328 22 77
x
143 10 135
6 30 88
53 20 250
x
x
295 14 231
x
104 24 158
126 3 211
69 4 241
0 1 174
x
340 13 224
251 24 116
308 3 43
x
158 7 50
246 37 29
x
320 4 50
x
340 22 270
30 11 75
x
x
x
201 3 291
x
243 0 222
196 0 152
225 31 210
150 17 331
x
243 19 258
401 7 261
x
x
146 5 328
268 9 288
322 35 282
x
72 16 99
286 21 289
342 30 307
x
296 6 117
363 27 64
268 12 315
286 24 290
65 11 225
47 9 253
392 8 317
17 30 177
146 8 327
x
185 8 34
x
204 17 115
47 14 254
212 11 136
290 15 136
401 19 258
291 17 158
104 0 60
300 12 244
x
x
394 20 114
300 0 243
389 4 206
373 7 242
137 28 117
363 24 65
259 2 173
x
103 37 41
146 11 326
57 8 83
x
x
85 29 18
239 25 311
172 5 121
12 15 163
388 34 330
x
x
96 33 296
x
324 26 235
x
96 32 295
116 18 294
237 25 225
283 2 89
303 4 20
267 27 73
18 38 276
146 14 325
124 27 221
395 25 198
x
x
x
81 31 148
x
186 24 274
x
242 30 223
337 29 67
128 24 96
x
65 15 68
x
283 8 167
x
x
10 24 10
340 30 168
116 16 307
7 22 274
x
80 23 32
x
123 12 20
x
x
91 7 212
260 9 161
x
x
x
338 21 269
57 10 81
311 22 13
x
x
160 39 293
x
177 34 43
42 28 57
396 0 134
156 3 258
141 6 340
x
90 16 194
x
57 11 80
x
242 8 140
x
16 21 166
338 25 248
297 33 307
303 7 277
108 7 62
97 16 302
224 28 329
x
7 32 30
149 15 54
245 37 233
324 8 242
389 5 217
x
28 23 264
77 29 137
199 21 208
97 14 301
x
164 15 80
285 38 294
8 12 65
224 37 36
57 2 64
x
303 10 276
x
116 4 273
265 20 52
222 7 102
33 23 119
97 10 299
x
128 30 98
332 31 272
x
315 15 190
69 33 321
397 32 110
x
43 37 173
x
60 18 113
197 37 199
x
389 9 266
218 32 34
303 13 275
305 33 90
267 37 124
x
x
112 26 186
290 23 134
268 15 316
128 33 99
x
x
x
x
308 31 1
300 3 247
x
128 36 115
363 15 76
16 12 199
349 2 55
38 21 107
232 28 175
x
124 17 209
52 23 230
320 0 48
x
136 38 6
309 38 34
208 8 47
95 34 119
80 31 76
350 36 200
388 8 274
55 26 281
x
x
388 24 292
16 36 279
148 1 139
337 11 14
161 25 294
309 30 59
367 0 2
x
247 24 114
x
x
52 10 133
29 17 201
366 13 0
19 0 242
340 4 114
x
230 18 113
136 27 70
97 2 308
333 16 206
x
118 19 307
247 0 118
289 38 109
25 12 129
x
1 6 133
4 39 78
247 30 285
x
331 16 252
125 9 1
200 1 234
205 36 145
353 23 208
198 2 89
283 16 324
x
x
388 27 178
x
288 6 15
x
x
x
162 19 51
x
388 29 176
x
341 25 155
36 0 264
230 28 111
283 22 73
238 39 333
122 5 127
256 28 25
x
256 38 234
x
53 36 44
x
306 14 23
283 30 69
1 16 111
120 20 174
x
146 20 335
283 32 68
300 9 245
249 0 295
287 34 4
261 34 331
255 17 310
147 0 126
17 14 253
x
283 18 325
371 6 225
354 19 284
384 3 246
120 4 117
x
9 38 140
x
x
135 30 18
147 2 125
237 32 53
14 38 127
363 6 56
17 0 315
27 5 191
371 10 224
x
x
328 13 204
363 3 317
x
361 0 212
24 7 149
158 37 82
163 28 62
x
x
287 30 3
331 14 124
130 34 168
194 25 331
183 32 83
x
x
183 37 55
x
x
211 0 96
222 19 64
98 10 309
108 39 339
x
364 17 125
x
57 25 62
182 29 233
333 33 259
135 36 16
183 17 178
57 21 64
110 3 98
329 23 227
279 23 65
x
250 32 130
x
x
284 0 82
144 21 85
x
x
x
150 40 243
114 1 252
250 28 254
193 30 267
217 0 90
x
382 22 219
x
98 22 250
260 31 190
331 36 150
336 5 266
364 25 156
235 23 96
279 26 18
147 10 70
x
x
123 20 18
x
183 19 139
132 41 239
x
x
147 12 71
120 13 23
x
x
x
127 11 261
x
x
196 14 167
5 32 212
1 2 135
47 3 180
189 31 195
284 2 67
x
252 20 144
340 1 113
x
140 28 317
x
202 2 118
90 38 313
284 8 94
13 20 136
150 14 332
63 41 92
55 2 286
284 11 123
254 0 298
331 10 116
131 35 64
37 33 99
37 30 98
158 13 120
220 16 44
278 28 11
x
154 0 133
93 1 318
303 0 7
91 3 3
383 20 144
272 4 10
x
x
385 18 52
89 23 282
150 5 29
x
x
75 19 84
123 0 317
240 21 231
x
390 9 192
150 8 334
152 23 183
x
102 31 12
128 19 119
193 0 329
x
25 8 130
58 18 334
301 39 317
x
362 23 170
274 20 318
12 0 220
336 30 11
345 41 181
362 29 35
317 3 1
150 11 333
46 6 309
297 3 57
x
317 8 9
123 16 19
331 6 132
27 11 189
302 16 278
118 34 238
98 3 300
x
x
40 4 125
163 35 288
272 14 301
368 40 295
144 30 12
x
308 35 0
x
375 14 181
149 30 163
3 15 144
68 34 98
149 38 116
x
x
101 9 53
149 34 288
x
281 9 311
396 14 28
x
x
x
45 9 150
x
312 0 90
324 2 140
330 0 293
x
50 33 108
74 5 274
270 34 327
73 25 264
203 11 116
184 27 237
x
35 20 263
364 0 39
17 36 175
33 9 189
37 27 97
315 36 111
22 19 300
x
x
235 36 97
45 19 152
256 5 178
x
x
x
324 18 295
67 0 266
x
267 16 13
x
150 24 55
62 16 94
326 39 40
201 12 330
96 29 292
192 0 148
120 30 52
x
x
266 38 227
55 14 284
248 27 109
201 21 334
96 28 291
183 11 38
305 28 58
170 6 187
51 4 75
111 37 201
286 8 293
264 41 147
7 3 9
118 20 25
144 11 32
396 37 276
121 28 27
365 17 175
x
374 22 195
324 17 294
153 14 77
112 2 265
393 11 90
182 21 202
124 2 65
370 19 104
149 3 104
x
218 25 234
390 14 193
260 11 27
x
x
204 26 102
x
296 24 131
48 34 206
324 14 196
282 10 260
219 10 235
389 1 204
166 34 148
379 21 4
x
329 32 141
153 5 80
x
153 2 109
277 34 324
285 11 133
98 33 79
x
9 34 139
339 17 189
x
363 0 318
x
401 39 165
325 18 156
121 26 40
115 3 243
285 15 160
192 31 248
x
x
x
307 24 153
14 30 128
257 24 299
323 3 39
87 36 210
163 20 11
39 0 168
65 37 34
307 27 264
377 1 209
377 6 319
355 38 323
99 33 81
304 0 69
251 7 68
x
x
x
264 1 277
331 35 7
252 38 278
264 17 41
325 13 157
120 40 247
177 28 229
x
x
269 30 15
38 11 67
x
135 27 19
191 27 270
246 26 291
63 29 234
x
63 34 246
178 21 224
x
301 19 68
51 9 70
55 22 282
75 39 67
x
363 9 53
206 39 23
x
x
x
284 27 196
35 34 162
325 8 158
328 11 30
x
251 12 69
x
88 9 244
224 10 2
x
249 21 93
251 19 7
8 32 69
33 0 270
128 39 138
307 33 254
8 22 67
292 18 202
388 31 174
x
9 13 141
35 38 148
142 24 287
x
46 1 159
120 26 85
364 13 115
x
20 0 317
262 0 340
x
331 34 6
259 34 223
99 0 176
270 8 197
99 25 29
89 16 281
262 6 8
49 36 193
129 0 34
51 12 67
x
201 0 112
9 21 143
11 17 11
1 24 113
3 9 118
87 2 161
68 29 223
325 30 198
227 38 204
93 4 329
x
339 32 185
370 29 61
376 37 196
206 27 88
325 32 31
x
x
71 21 206
6 12 248
x
24 4 154
x
199 38 226
111 6 332
292 22 203
288 33 300
x
207 16 29
129 14 24
323 16 68
363 12 94
x
145 0 319
129 18 23
x
x
204 19 14
344 37 54
60 2 177
x
x
x
140 8 58
355 29 337
x
x
341 0 134
387 37 172
339 22 188
x
x
178 15 49
325 28 149
322 0 329
315 30 109
x
294 25 31
x
26 39 50
316 24 153
121 10 293
352 10 102
321 3 52
x
6 15 249
310 27 232
244 39 331
352 0 100
313 20 101
315 27 78
x
199 0 328
129 22 152
17 5 206
111 10 333
x
x
67 32 36
91 26 131
x
368 33 172
248 0 294
199 8 333
343 38 93
x
x
322 26 100
108 23 254
x
274 24 290
23 21 290
2 37 6
x
333 1 120
193 2 276
x
350 31 148
316 9 176
x
316 4 217
176 25 328
x
89 7 54
x
291 34 206
143 24 103
352 26 92
x
335 14 82
x
110 36 229
285 13 159
262 19 33
x
330 27 142
338 39 65
x
261 10 59
x
x
236 38 62
380 19 82
x
100 28 38
x
x
190 10 197
127 16 66
x
x
x
113 22 253
114 13 258
315 25 72
307 39 256
x
x
402 28 322
x
122 7 3
289 29 96
335 12 219
99 5 175
194 32 278
51 14 338
335 11 220
290 2 248
90 4 163
48 39 224
65 5 164
105 37 91
357 27 81
285 17 92
290 10 270
x
x
85 19 323
308 40 14
370 15 63
360 19 222
x
51 27 299
x
66 16 267
92 11 45
x
194 27 336
389 3 205
282 7 258
x
x
10 4 86
1 30 107
217 13 9
x
x
266 22 195
74 13 74
207 5 143
377 11 210
55 0 50
392 11 320
1 38 110
197 28 324
217 2 325
114 15 259
347 32 133
200 27 154
358 8 159
42 0 52
x
71 19 204
217 7 326
105 27 5
116 22 61
33 21 120
260 38 224
293 0 246
255 37 326
x
140 2 20
282 4 257
293 21 112
46 17 51
4 19 266
214 22 316
198 41 139
400 4 236
353 37 315
x
x
69 28 314
209 20 33
335 5 211
319 34 59
207 37 30
264 5 98
246 8 328
68 36 116
121 12 255
155 31 322
152 26 224
227 24 49
165 18 300
x
362 37 171
x
x
339 5 58
x
129 3 200
121 20 43
166 7 255
170 11 228
268 18 32
x
23 23 319
268 21 111
x
363 18 67
268 24 112
23 3 12
335 2 214
152 12 86
132 34 263
x
237 12 322
281 32 8
45 30 115
x
140 5 53
282 37 195
301 14 299
46 18 89
311 37 187
13 16 137
209 15 94
x
22 18 301
x
211 6 128
116 25 75
262 15 40
x
323 36 41
179 0 69
155 11 244
160 13 185
x
x
341 27 174
268 27 113
11 0 286
x
x
x
21 8 168
1 15 330
319 38 181
319 28 226
x
43 30 178
167 10 183
166 12 95
x
167 14 181
40 33 140
200 11 175
292 38 296
25 4 131
x
74 38 213
162 4 36
x
210 11 3
6 0 244
x
113 26 108
319 25 234
163 14 179
319 22 235
242 22 30
x
x
234 1 297
168 33 206
46 23 94
x
306 19 49
308 11 262
263 33 320
x
71 39 107
343 29 180
191 0 252
x
80 4 50
x
x
x
83 41 218
278 35 104
382 30 314
19 6 224
334 29 161
400 9 158
x
x
74 36 196
98 8 305
86 37 88
185 32 156
x
248 30 337
363 21 66
212 4 78
246 14 115
400 25 229
167 31 84
5 2 44
328 18 247
x
211 10 77
42 32 110
x
x
x
72 0 263
2 12 294
x
x
x
327 0 118
56 1 327
22 24 295
19 39 258
74 27 316
349 0 194
45 38 111
387 25 227
x
395 34 331
2 18 297
376 15 205
28 3 33
357 32 82
x
15 26 283
x
118 14 327
x
x
299 9 316
x
358 37 211
376 17 102
337 37 334
x
379 18 3
140 20 148
77 22 247
x
x
x
142 34 75
136 2 111
323 7 34
127 18 283
x
x
387 30 311
235 40 217
201 37 176
46 13 119
101 5 325
187 13 68
184 30 249
x
x
45 34 113
17 11 252
165 37 118
15 32 18
303 30 119
299 5 204
x
x
3 5 148
289 30 111
x
x
x
313 38 289
4 30 292
334 25 296
336 0 265
307 30 242
x
115 1 241
324 36 63
102 5 184
7 37 29
192 26 269
299 38 143
274 12 330
165 10 6
268 30 114
x
26 5 35
15 7 271
0 13 170
130 23 193
109 34 26
314 18 196
204 32 15
376 19 103
307 21 189
184 41 175
x
x
207 0 178
56 16 322
325 0 298
x
136 23 185
x
224 14 3
199 15 100
299 30 288
x
162 31 234
3 23 146
92 18 141
359 20 305
97 0 295
319 17 103
130 19 194
x
x
221 31 340
52 0 222
x
46 15 50
x
395 16 120
44 10 220
106 37 223
48 0 272
32 15 49
284 17 163
253 4 63
153 8 79
83 12 248
212 32 246
170 36 252
x
32 17 274
x
32 20 59
x
x
198 10 244
111 18 151
x
90 19 211
45 26 111
284 14 142
68 6 121
344 29 36
360 0 201
254 23 61
x
x
270 39 183
165 8 173
363 30 275
206 24 59
72 32 255
32 22 57
382 32 29
355 0 258
380 9 313
x
208 18 262
3 19 145
324 37 104
342 11 259
97 4 296
265 39 191
392 0 279
162 35 225
45 4 41
67 18 273
138 4 49
286 34 220
71 0 111
376 23 127
305 7 14
352 32 70
256 17 208
x
x
x
x
282 31 291
125 0 93
167 40 117
x
226 0 274
388 23 291
141 12 44
x
108 30 104
x
85 23 288
158 32 78
324 40 115
194 11 237
161 23 340
220 37 300
x
101 39 152
x
327 38 238
233 3 189
140 17 150
6 9 247
342 35 15
138 26 76
x
246 19 299
155 26 122
196 39 268
74 35 188
9 17 142
x
32 27 106
x
x
15 19 287
172 10 150
x
123 33 95
97 18 303
116 12 305
284 5 76
376 0 25
x
86 18 324
71 15 217
x
346 12 296
138 20 45
229 21 151
116 20 309
x
x
9 30 138
x
302 13 156
111 0 280
78 30 61
147 21 15
161 8 174
106 22 58
132 9 125
71 18 203
139 0 8
x
x
x
189 37 218
x
186 35 287
175 10 112
356 6 288
195 10 215
x
x
319 31 225
20 21 234
x
164 26 291
x
138 6 26
78 22 63
205 6 300
96 17 63
23 9 223
x
312 7 319
161 10 221
98 37 78
150 30 189
191 7 185
138 0 181
98 5 302
106 17 59
179 18 42
393 16 103
366 19 71
216 37 73
21 38 230
x
268 33 128
64 29 230
389 41 325
63 0 109
x
208 12 11
335 3 213
155 1 266
31 13 215
x
88 40 165
180 15 274
146 17 268
246 0 166
32 28 65
54 12 238
113 29 159
x
312 22 321
120 10 22
x
x
36 32 233
32 29 104
335 17 79
375 3 135
133 1 56
4 20 267
83 22 115
347 11 59
x
x
128 21 95
235 10 270
x
x
96 23 69
312 37 292
250 24 255
169 27 54
132 0 13
63 9 238
360 6 114
289 7 303
91 32 156
14 34 134
19 9 225
198 29 87
244 13 284
x
26 20 329
22 10 309
195 34 45
10 30 55
71 22 207
135 33 17
363 39 119
x
5 26 210
x
54 2 240
259 12 91
106 12 149
195 30 46
135 39 161
x
312 32 301
388 30 175
83 26 114
30 21 73
265 36 184
x
x
349 29 107
62 24 83
x
171 33 60
194 6 238
384 30 303
382 34 256
158 16 256
145 26 245
x
145 28 244
x
274 37 107
x
387 4 312
382 27 31
58 7 184
164 0 144
178 22 30
68 33 212
x
x
x
x
153 11 78
145 22 177
268 36 212
16 24 193
155 5 247
2 0 240
36 26 241
49 29 129
x
94 15 123
100 17 83
387 9 326
113 23 107
261 30 332
x
111 2 331
x
335 7 200
269 8 261
279 20 64
161 0 115
96 3 0
369 40 296
220 32 339
22 23 296
x
102 26 146
281 18 106
8 37 62
259 38 222
60 22 323
x
75 8 264
360 10 113
353 33 30
198 15 243
369 2 118
2 30 303
x
286 30 329
198 0 325
x
91 38 55
x
x
17 27 178
x
78 38 233
x
252 30 303
195 18 213
x
50 40 131
370 4 254
x
164 32 306
x
x
121 2 206
223 12 14
x
335 13 83
301 36 118
166 38 161
79 0 266
177 10 335
x
x
261 38 120
294 0 240
78 26 62
3 1 147
66 30 325
x
9 12 325
x
330 33 336
283 35 62
x
157 11 136
x
x
x
195 14 214
0 0 331
x
92 17 7
35 36 161
236 27 323
x
x
68 35 99
119 37 227
300 6 246
334 11 260
335 15 81
x
x
210 32 109
x
64 33 82
x
119 32 200
356 0 32
58 38 202
x
145 40 136
x
314 32 250
126 12 135
30 31 71
62 33 0
394 2 126
x
183 6 290
62 34 1
246 2 107
23 36 79
x
130 9 310
239 15 76
339 27 186
150 2 30
x
66 26 326
153 20 31
39 30 148
307 11 52
x
66 34 229
31 5 188
x
247 8 139
133 27 22
0 4 173
367 39 228
55 30 280
x
173 34 205
204 21 103
177 15 334
91 2 2
x
153 17 39
73 23 89
x
293 12 98
162 40 287
183 0 94
108 33 105
x
309 9 7
246 30 89
x
81 21 15
x
329 12 90
315 4 88
107 20 14
x
x
238 28 216
39 31 147
119 27 199
119 22 198
71 32 98
332 18 314
35 0 209
315 33 110
303 16 237
182 9 189
41 22 336
268 39 213
41 26 156
x
x
30 26 72
x
287 39 321
x
394 9 74
58 23 335
1 34 109
x
x
181 30 190
29 26 314
x
84 26 9
223 30 51
255 33 225
289 8 249
263 0 283
x
91 6 211
180 2 231
152 0 323
263 3 5
197 16 140
355 2 111
x
x
1 20 112
263 6 3
71 4 243
100 9 15
39 32 146
x
x
133 23 21
86 0 336
158 0 85
190 18 172
4 26 164
49 15 339
70 20 103
100 13 28
39 33 145
x
321 0 126
114 32 205
70 16 104
91 9 214
130 0 266
40 13 56
157 32 198
203 6 117
x
303 1 330
174 3 153
117 32 94
x
12 9 208
134 2 282
219 0 203
280 4 150
115 30 17
254 25 60
18 36 291
62 37 134
338 14 230
333 5 56
29 27 17
69 19 276
x
x
x
70 12 105
x
263 9 2
x
314 28 251
19 20 24
50 19 153
29 11 203
330 2 291
351 41 153
261 4 328
304 19 187
16 39 61
x
x
75 31 73
x
389 10 282
x
18 40 277
112 0 316
151 19 190
x
67 27 85
x
39 35 143
317 28 2
x
263 12 1
38 37 194
x
x
1 10 132
298 1 31
97 36 157
x
75 14 272
398 40 291
185 24 236
9 29 324
298 7 172
392 29 281
x
x
x
295 20 207
248 36 16
234 29 95
398 38 284
x
103 13 37
6 41 273
x
84 38 340
x
329 18 247
x
255 19 82
49 5 223
286 27 318
173 0 305
5 23 209
91 10 215
x
80 36 47
326 34 201
5 36 337
97 26 233
265 29 92
64 7 142
x
294 13 60
173 4 332
302 18 125
41 10 275
270 4 304
392 18 327
x
336 20 21
90 10 216
x
377 0 182
84 30 13
324 19 296
183 28 1
13 4 23
131 20 92
x
15 1 278
10 1 85
209 33 124
x
145 14 204
x
x
204 3 105
145 10 202
232 26 176
263 15 0
220 22 38
298 11 198
157 0 105
315 39 112
177 20 333
x
x
x
204 35 25
44 29 77
191 2 221
132 38 238
125 17 3
72 1 26
27 25 318
252 26 336
x
x
x
90 13 209
x
x
138 34 175
5 17 207
119 8 115
350 41 98
298 15 173
116 10 304
298 21 91
x
355 10 109
135 13 71
263 18 265
34 7 129
364 34 79
373 23 278
x
x
x
74 0 222
x
358 35 207
118 5 64
x
388 22 284
365 23 57
396 1 14
396 8 77
191 15 253
398 32 262
385 12 302
x
298 23 326
117 2 169
286 18 274
359 38 97
x
x
x
x
39 39 139
x
90 15 195
355 14 78
123 29 274
110 11 25
128 27 97
114 0 252
341 10 135
x
326 32 60
111 22 46
11 29 268
329 8 52
138 28 40
138 30 117
156 7 259
x
298 27 328
81 29 118
89 30 42
360 34 145
379 25 288
298 29 200
373 19 297
x
329 6 47
326 12 297
182 3 285
310 19 6
85 8 44
39 40 138
153 26 227
x
x
188 23 260
188 19 263
246 41 75
214 37 10
x
184 0 4
x
226 7 295
x
107 0 114
168 19 21
x
x
190 5 220
x
102 22 148
x
x
264 0 49
340 10 143
102 14 133
243 13 332
229 41 152
348 32 126
x
x
x
188 15 123
148 4 312
370 1 60
16 15 198
298 31 208
49 32 211
178 37 15
392 23 328
168 15 22
247 19 128
390 33 334
x
34 0 136
336 36 263
400 23 217
352 5 101
324 28 268
90 35 53
310 9 338
289 0 212
324 32 224
369 14 47
x
168 11 23
248 37 89
298 33 93
122 32 167
138 32 174
58 13 107
x
393 7 324
x
x
316 40 136
157 14 138
298 9 171
x
102 28 144
100 22 272
374 31 119
188 11 76
x
94 7 142
203 0 26
159 13 262
169 22 57
92 6 46
146 2 329
72 6 25
53 30 252
x
x
369 17 336
148 23 26
161 16 219
324 21 98
x
328 25 198
400 17 204
x
310 7 219
369 20 276
282 22 272
15 0 322
117 41 240
207 10 90
34 1 135
159 34 177
x
107 31 219
120 39 248
x
282 16 190
390 26 63
387 38 188
57 23 63
18 0 277
34 3 133
306 6 267
x
59 37 183
378 16 208
113 32 160
96 31 294
115 7 163
x
373 15 255
34 4 132
359 9 265
x
34 5 131
365 5 223
248 14 189
150 20 330
237 27 20
x
x
313 12 239
x
84 2 159
243 29 289
27 8 190
188 7 67
135 24 186
39 22 73
387 36 173
x
310 17 7
62 3 133
x
x
351 22 166
314 40 92
230 38 283
100 1 207
164 38 299
329 20 267
204 15 17
172 37 155
321 4 86
x
270 14 268
285 31 302
369 26 322
342 13 51
286 0 26
215 37 65
x
72 12 75
68 39 220
x
39 16 75
342 21 49
53 5 247
76 22 29
98 4 301
46 26 97
18 34 275
314 24 276
57 17 66
68 40 338
x
248 10 275
263 21 284
168 3 26
x
68 41 6
203 37 181
x
x
175 5 113
46 27 98
147 24 28
396 34 18
x
x
x
293 1 251
x
x
323 30 268
18 32 274
166 26 116
x
285 28 278
x
381 32 45
x
82 15 24
x
15 38 156
285 34 303
259 0 26
180 26 203
369 32 314
82 10 235
x
x
113 18 215
x
99 23 277
395 0 233
180 8 46
248 6 245
189 3 187
x
x
105 12 155
233 5 188
x
323 27 304
39 14 145
126 14 25
242 13 77
215 33 64
332 0 74
68 19 320
x
x
245 23 186
x
400 31 152
314 34 249
175 35 277
96 35 156
159 40 222
59 11 289
x
x
375 9 151
184 21 114
168 23 5
x
x
176 36 160
x
126 8 134
345 0 46
x
108 24 102
46 28 99
373 11 254
211 2 114
31 22 273
x
x
x
379 3 46
373 3 160
261 0 305
39 25 48
122 2 283
254 10 240
24 39 219
227 1 201
231 24 121
x
151 24 275
177 0 141
229 15 242
332 8 46
34 37 310
226 28 265
x
379 16 81
243 36 169
338 31 316
129 40 61
79 21 330
79 17 331
123 26 284
x
2 2 16
118 0 216
250 37 83
306 0 50
126 22 239
x
x
162 0 270
335 32 109
145 4 242
x
401 31 33
x
229 38 317
263 24 291
280 21 47
69 37 287
x
176 38 159
317 40 203
x
x
391 29 197
98 0 297
244 2 256
184 16 128
257 8 157
280 27 95
145 36 182
334 20 78
180 32 98
x
357 38 313
79 13 332
323 24 305
200 21 13
x
x
369 35 306
12 3 221
77 17 258
218 16 324
12 6 222
x
117 38 236
x
100 25 271
x
384 33 64
x
141 31 318
x
34 32 311
212 20 170
77 12 259
x
31 32 274
x
280 30 96
x
257 3 156
x
x
234 18 27
55 34 279
x
79 9 333
358 28 266
29 24 315
191 9 169
x
401 27 40
266 6 267
175 20 110
263 27 292
314 38 162
345 33 179
x
83 30 298
x
108 27 103
x
32 39 92
x
x
280 39 181
x
x
46 30 337
198 9 99
191 33 302
41 14 157
79 5 334
385 27 122
39 18 81
140 14 149
38 14 55
x
154 36 279
157 26 208
355 23 316
400 33 162
138 22 46
274 35 231
388 13 294
245 9 23
79 1 335
234 14 282
140 23 110
270 27 162
42 17 316
157 28 200
294 2 279
x
197 32 224
157 30 199
29 0 316
120 0 89
37 15 306
11 34 239
x
x
379 36 153
222 35 59
28 37 317
x
302 37 51
25 3 319
279 11 41
x
x
18 30 273
67 26 262
40 15 336
x
18 28 272
15 3 279
327 28 278
263 30 319
x
358 3 160
138 8 207
258 30 259
18 24 309
323 21 326
326 0 119
x
156 30 197
76 18 30
170 27 319
x
40 16 267
332 11 45
91 36 158
76 14 31
133 4 57
220 0 202
136 8 113
x
x
390 20 215
x
x
67 2 306
138 24 47
327 34 222
275 15 285
370 0 310
x
156 34 172
87 10 337
73 37 307
402 26 215
156 36 171
267 6 149
48 19 235
x
x
x
40 39 91
x
229 23 32
112 20 203
18 22 308
28 39 53
336 15 10
151 0 88
73 27 309
x
134 35 131
401 23 41
18 4 275
110 17 130
183 2 289
401 38 152
279 5 33
280 11 149
x
167 2 283
x
x
x
156 38 170
x
x
156 40 169
116 40 21
x
x
91 13 56
115 26 264
x
47 41 110
x
391 0 321
x
x
35 12 262
265 25 146
372 0 58
159 21 0
54 30 95
x
x
x
x
x
17 40 155
x
141 14 175
375 5 136
205 26 261
280 7 141
358 22 277
280 24 52
159 9 263
136 14 128
284 37 61
160 23 251
172 30 166
x
190 24 186
49 26 128
337 33 66
255 14 24
x
x
118 30 236
x
x
114 9 256
136 17 129
159 17 25
x
273 9 203
76 2 79
371 0 255
98 16 247
332 5 63
326 14 33
33 36 61
136 20 130
346 28 152
135 18 229
x
x
59 7 288
118 41 241
40 22 261
x
x
20 2 186
40 23 260
38 23 268
334 31 16
x
172 34 196
340 7 128
359 29 204
379 8 48
186 41 249
135 21 187
213 19 79
323 34 302
18 20 281
6 24 5
18 18 307
x
32 36 165
85 33 279
x
x
35 28 144
398 34 265
x
189 20 273
249 37 54
219 4 146
205 14 295
249 32 39
196 22 166
35 23 196
x
x
x
x
204 0 255
327 13 306
322 23 199
107 3 113
98 14 246
x
291 0 97
328 17 246
249 27 228
104 19 268
x
70 36 80
333 27 332
91 0 5
x
40 26 157
401 36 151
x
x
138 10 41
242 0 144
205 18 265
70 32 65
x
242 25 141
365 0 95
x
x
367 32 44
380 16 298
209 10 188
114 38 45
285 25 240
160 28 250
x
205 22 264
x
x
59 3 290
x
3 14 327
118 38 240
52 4 169
191 37 84
20 14 182
398 36 266
307 6 44
327 20 114
39 7 219
x
237 23 338
87 29 139
182 39 134
x
38 26 90
2 34 306
x
174 0 152
130 5 60
40 27 156
322 17 193
327 40 239
x
363 33 122
97 29 232
x
30 0 165
236 4 43
348 18 18
x
307 36 255
228 12 105
40 28 105
181 0 223
205 30 5
142 13 249
x
287 13 98
233 30 101
x
42 2 319
113 38 101
x
x
382 28 30
344 35 149
9 27 339
x
359 24 205
376 3 49
x
248 19 110
x
365 29 264
284 24 237
339 0 32
225 27 126
137 16 81
382 2 277
52 37 80
108 20 35
148 30 251
x
x
x
364 6 271
x
x
224 22 5
80 21 119
357 23 327
166 23 32
144 20 42
40 25 158
197 18 22
x
311 0 238
40 24 165
318 30 104
329 38 258
7 25 31
x
330 22 216
x
267 9 229
158 27 79
x
316 19 155
121 24 41
113 35 100
44 0 265
x
17 24 165
331 30 214
72 37 254
275 20 94
x
x
273 12 204
344 0 274
2 32 304
x
x
x
327 22 81
x
254 27 293
x
x
159 25 27
x
34 16 118
345 12 245
168 7 24
x
401 11 260
80 28 149
119 3 97
x
393 17 6
388 17 296
x
238 33 312
376 8 305
188 37 338
x
215 13 314
292 0 176
x
42 7 318
x
83 7 249
172 32 89
x
96 26 298
278 5 65
215 17 317
x
96 25 71
269 37 168
x
160 8 165
x
330 7 177
82 27 302
354 9 202
x
x
196 20 157
227 7 307
278 13 67
x
x
172 28 167
327 26 83
x
155 0 106
x
388 2 306
170 1 186
164 24 280
385 33 92
323 0 275
76 6 78
17 33 176
388 4 290
90 27 20
x
172 26 168
x
121 22 42
22 15 304
33 25 118
x
44 19 186
386 37 121
340 17 112
374 6 51
x
x
177 37 272
x
160 19 320
x
x
299 25 12
299 16 127
173 20 126
44 40 266
327 36 223
374 11 157
16 30 195
386 25 96
11 8 20
121 18 45
x
310 24 122
348 6 329
x
301 30 151
73 32 308
x
x
40 21 262
218 9 218
121 16 46
43 36 39
221 16 251
42 22 315
x
104 30 180
x
189 6 57
345 8 17
366 3 308
127 38 213
112 14 50
80 1 155
215 0 19
259 10 307
23 39 80
151 37 276
366 0 188
388 25 180
365 37 299
343 4 262
x
x
87 28 0
398 26 263
76 10 39
x
40 20 263
162 25 339
13 0 40
65 1 318
40 19 264
398 22 228
x
385 7 248
2 28 302
78 0 151
86 23 51
x
179 27 324
x
x
237 37 257
305 0 121
61 19 100
138 14 42
213 10 53
276 18 175
x
333 15 222
99 19 213
223 29 12
179 32 325
212 17 95
156 32 7
x
x
346 1 75
145 24 246
272 20 211
378 13 1
21 0 241
x
258 34 258
40 29 52
398 18 238
x
x
212 0 259
x
x
359 0 16
332 35 264
66 0 91
277 21 158
301 34 85
x
x
209 3 98
139 11 68
40 17 266
249 7 6
66 22 327
x
15 21 288
x
x
259 19 188
x
x
293 30 259
182 13 135
217 14 252
29 8 204
x
94 40 312
x
x
x
209 26 97
303 34 138
196 12 158
273 27 269
202 27 303
x
114 26 204
x
145 30 243
184 12 66
396 12 287
x
29 5 205
x
215 21 318
201 15 209
160 1 336
278 1 64
249 2 338
62 9 66
184 8 2
x
x
26 24 331
106 7 150
94 36 319
x
215 25 40
x
20 33 41
x
x
x
398 14 20
x
x
210 3 1
246 24 292
125 5 212
226 12 296
61 0 101
x
x
55 38 278
x
373 28 79
368 27 216
336 41 184
37 0 234
x
218 0 98
171 32 102
x
x
393 26 87
x
214 9 258
155 14 292
x
x
202 21 337
x
x
x
343 1 217
4 34 21
76 26 28
323 1 54
x
103 0 178
x
124 4 100
151 35 66
247 36 15
x
266 35 194
x
x
190 38 321
x
x
114 17 289
273 15 205
213 5 301
x
x
47 24 256
214 14 20
349 11 169
232 21 241
x
114 19 290
244 0 220
50 2 43
87 1 208
x
265 8 97
22 14 305
24 36 218
273 18 206
x
x
x
77 6 265
266 24 88
x
68 0 7
59 20 243
5 14 196
26 22 330
301 27 228
199 3 225
126 16 242
x
114 21 291
209 39 35
26 36 152
82 37 310
295 24 147
216 11 290
276 37 87
370 41 176
179 37 326
273 21 241
335 26 333
375 0 295
314 26 336
337 21 44
176 30 129
274 3 167
x
81 1 257
398 10 240
x
50 34 187
343 10 266
292 15 266
277 7 187
252 14 186
273 24 248
93 36 214
x
46 31 117
5 29 211
x
50 4 203
109 23 6
157 24 209
77 7 292
67 12 304
x
343 16 291
x
x
343 19 292
59 15 242
338 33 231
46 29 116
x
x
89 1 140
53 0 246
22 11 308
176 40 104
345 4 45
314 22 275
52 14 231
348 3 178
x
22 0 270
376 21 126
60 20 109
93 17 189
394 3 183
6 36 43
348 12 330
63 4 239
12 37 19
211 22 164
11 25 266
x
114 23 242
400 15 136
x
x
24 21 213
24 24 214
202 31 12
121 8 292
335 19 302
226 4 47
x
96 0 313
x
53 10 248
398 6 241
342 25 48
347 37 132
x
244 22 21
126 20 240
x
x
179 21 273
176 20 327
255 27 210
306 28 88
294 27 130
354 26 287
311 17 180
277 12 85
85 38 280
346 34 241
92 32 236
100 34 30
107 40 36
389 30 174
121 14 44
133 20 83
327 19 128
101 26 11
124 14 35
188 3 66
190 17 250
24 30 216
57 33 45
156 18 88
340 39 107
x
239 0 303
x
389 36 176
x
187 36 6
82 22 116
x
402 36 171
398 2 69
8 9 269
350 39 190
x
157 22 210
329 2 293
243 17 221
x
x
x
x
385 24 301
68 38 219
x
101 33 260
24 33 217
391 10 189
14 0 56
x
x
332 22 64
x
101 29 210
49 9 120
245 15 302
291 10 192
225 12 277
102 38 209
x
80 6 286
22 9 310
102 34 208
400 40 190
276 32 86
223 9 335
x
x
68 37 218
318 11 89
365 32 297
x
x
x
79 25 329
131 2 254
342 17 50
221 9 50
159 0 234
265 0 99
x
174 6 238
364 40 189
66 18 328
x
155 36 323
207 31 92
x
35 4 195
46 25 96
x
131 5 253
401 15 259
304 15 276
346 13 89
x
x
370 12 40
124 26 40
112 38 195
4 1 339
x
145 16 205
x
x
271 38 218
138 40 178
387 21 131
193 19 222
24 0 48
138 38 27
88 38 2
266 29 90
214 1 93
274 29 166
291 4 236
x
24 12 32
159 38 175
235 6 269
x
x
x
x
x
239 11 67
x
328 6 256
x
202 0 119
x
41 6 276
x
22 8 311
x
223 1 250
291 1 97
138 36 176
x
77 35 289
x
x
380 40 155
53 37 185
333 38 61
310 13 183
243 24 259
194 17 165
210 39 110
39 20 74
112 34 194
326 18 244
310 11 184
87 35 94
352 21 84
208 32 108
151 5 159
39 37 141
21 29 227
286 11 221
x
x
38 3 71
230 4 86
286 4 27
216 15 289
235 18 280
x
38 5 70
380 32 273
x
70 0 108
285 0 319
x
188 27 0
172 0 130
38 7 69
215 29 41
x
257 26 176
121 30 26
121 0 245
x
34 6 130
381 38 129
40 8 123
328 21 245
347 15 279
348 21 19
318 17 43
x
123 7 193
x
305 34 46
x
26 18 328
365 19 326
137 20 267
16 34 280
x
34 2 134
378 1 12
x
367 28 4
101 21 212
356 33 293
118 22 47
273 0 286
159 36 176
x
115 25 42
191 22 279
x
247 14 150
x
385 40 299
x
222 15 41
x
326 9 135
41 18 158
210 0 56
381 19 133
269 21 163
125 13 2
238 21 70
57 27 83
385 0 62
227 0 84
280 2 338
356 30 233
96 21 67
320 38 254
x
250 0 34
110 39 230
294 36 333
197 21 7
84 6 160
392 31 156
130 16 126
x
201 24 254
159 32 178
26 16 327
x
26 14 326
277 26 177
159 30 218
90 12 210
x
x
206 6 144
90 21 129
41 34 338
x
318 23 95
145 6 179
238 24 116
294 33 334
99 14 99
x
171 0 239
x
294 30 129
317 23 3
60 27 324
277 40 105
7 0 77
389 39 95
145 8 180
148 33 4
104 35 179
x
70 41 90
80 11 290
x
324 30 305
84 10 106
x
x
392 36 142
196 28 223
78 19 150
x
x
385 15 329
x
275 33 235
84 14 10
381 11 117
276 23 155
218 4 309
269 3 154
60 32 325
x
236 23 213
x
85 13 43
356 27 309
x
168 0 240
247 40 215
223 38 306
356 24 12
44 14 221
100 31 10
x
145 12 203
321 10 127
91 20 132
x
302 30 122
123 3 192
187 0 257
347 7 74
84 18 11
213 27 193
93 25 191
26 12 310
x
298 25 327
139 36 37
297 22 267
x
x
341 19 99
60 37 328
29 37 26
310 15 14
324 25 234
397 9 135
301 5 229
131 28 215
124 21 210
145 18 206
389 14 125
324 24 226
x
x
x
145 38 137
36 16 295
137 10 311
106 2 2
301 13 245
148 37 5
310 21 335
83 18 81
91 8 213
90 18 192
381 3 218
328 38 257
x
118 24 76
209 28 191
93 21 190
x
193 41 16
137 1 274
186 0 27
86 1 40
39 41 121
223 16 304
x
298 19 227
315 5 85
324 22 327
91 5 5
224 0 305
x
x
260 15 201
225 0 71
x
x
x
225 3 69
347 3 77
126 18 241
257 31 335
x
x
x
298 17 210
225 6 120
x
x
388 15 295
86 6 27
271 28 134
154 17 273
x
x
118 26 234
129 7 208
339 37 165
109 12 338
x
254 32 151
341 37 124
329 4 120
354 20 43
x
x
x
x
13 32 90
x
39 38 140
77 40 221
270 32 230
91 4 4
15 23 289
x
133 18 241
13 25 235
22 41 287
26 26 332
356 36 335
44 25 79
154 14 272
118 28 235
185 0 164
x
44 27 78
x
118 32 237
372 31 60
225 9 276
30 1 66
39 36 142
x
246 3 327
391 17 211
60 12 190
x
173 26 45
x
382 18 220
70 24 102
x
77 0 125
44 31 88
x
x
154 11 271
298 13 197
131 25 308
367 19 1
233 26 100
x
x
x
x
297 13 238
234 12 153
4 21 268
298 35 337
154 8 233
389 7 262
x
125 37 107
43 14 330
43 19 331
391 7 2
98 2 299
95 32 33
329 10 88
39 34 144
166 28 207
160 3 158
x
195 2 217
8 7 271
x
84 34 8
168 28 143
317 0 99
328 19 267
367 16 0
355 6 110
64 5 228
195 6 216
100 38 328
x
4 11 269
x
381 0 27
70 4 339
192 4 284
381 24 36
389 19 115
382 6 223
x
185 37 157
367 13 321
35 32 163
254 37 152
197 11 155
x
118 36 239
x
126 10 237
131 17 309
133 14 314
x
298 5 92
96 15 61
329 14 277
x
298 3 323
x
186 11 111
254 6 239
43 5 271
126 37 72
329 16 246
x
70 8 100
x
x
312 27 320
263 39 36
399 32 106
175 1 154
86 27 22
x
236 22 125
112 13 235
x
367 10 320
61 13 333
93 30 121
45 27 112
8 17 64
62 29 97
x
116 33 234
x
62 28 197
x
205 10 296
66 5 319
x
x
86 32 21
71 16 201
180 0 68
75 35 72
x
x
x
186 14 292
x
316 34 191
366 11 178
144 36 27
68 23 270
167 18 297
329 30 283
15 15 285
x
306 38 42
155 25 235
45 14 151
39 29 161
95 8 188
137 13 82
x
88 4 245
x
386 27 213
x
349 39 29
x
x
207 7 150
x
275 4 55
112 7 202
x
95 4 337
39 28 162
112 31 13
x
15 13 284
x
339 14 98
95 0 336
x
96 19 65
x
39 27 163
36 35 232
347 23 282
228 36 85
98 12 245
39 12 146
x
252 9 185
139 30 230
324 13 195
50 24 149
88 0 113
397 16 163
337 5 91
306 29 48
64 37 77
78 34 60
145 34 183
15 11 283
x
266 2 329
3 28 237
x
314 30 145
114 11 257
x
182 27 188
145 32 184
75 9 271
41 2 277
374 3 24
x
x
41 30 337
393 0 234
181 40 137
151 11 160
259 23 78
51 32 298
317 13 5
225 15 278
157 41 86
x
x
374 36 11
360 14 112
x
189 13 72
257 19 220
82 0 52
x
109 0 228
54 35 134
382 10 222
33 41 76
111 32 266
x
273 5 45
x
381 7 201
240 27 316
262 3 253
x
x
44 3 267
243 2 195
40 18 265
271 7 38
195 22 212
95 26 122
195 26 211
198 20 240
15 9 282
182 1 227
378 23 124
51 16 132
259 28 121
x
x
314 36 218
36 11 296
x
162 33 226
241 3 181
89 0 3
98 18 248
321 14 340
399 37 105
x
231 9 271
x
81 11 86
400 0 132
157 1 195
227 35 78
x
200 6 142
x
157 5 193
21 11 167
190 27 251
194 1 239
x
8 27 68
148 19 145
350 28 219
21 14 164
157 7 192
x
72 23 112
157 9 191
x
165 34 298
133 32 10
x
99 11 109
333 9 236
x
x
69 0 110
389 2 202
111 28 261
x
347 20 240
346 37 173
148 16 144
152 9 65
335 9 77
81 25 16
327 30 220
36 21 294
234 37 148
229 3 123
98 20 249
215 3 86
111 24 120
43 27 228
324 0 287
x
71 23 117
226 37 294
158 20 257
15 5 280
50 30 130
367 4 310
391 21 333
164 22 279
358 40 213
54 7 239
148 13 143
x
382 14 19
259 8 308
0 32 122
138 12 48
x
155 3 13
195 38 294
25 38 37
x
98 24 251
113 13 54
271 10 57
155 7 246
359 16 221
172 16 103
113 9 267
183 26 176
260 7 148
148 10 142
321 23 337
152 39 313
260 20 122
202 9 113
91 34 157
253 0 181
101 0 256
300 28 78
x
148 7 141
279 0 179
18 6 159
114 3 253
143 33 47
260 25 125
64 21 232
255 3 127
221 22 330
301 24 152
327 32 221
x
x
6 3 245
368 21 175
375 7 137
x
229 11 318
351 35 116
x
x
304 39 55
69 15 71
155 9 245
64 25 231
x
310 1 240
92 0 120
2 26 301
x
310 5 244
366 37 73
x
22 26 293
331 21 93
205 2 43
x
50 8 204
305 3 13
304 30 154
366 14 72
162 3 93
190 0 219
354 32 69
193 35 196
22 30 13
68 15 70
4 6 292
4 8 323
x
x
54 17 237
114 5 254
x
114 7 244
236 16 230
x
255 8 165
280 0 335
132 27 94
32 26 53
112 6 237
335 1 194
17 2 250
186 4 121
335 0 197
x
56 6 326
x
104 9 69
353 1 292
141 21 228
327 24 82
245 0 264
15 41 281
324 39 106
156 20 18
4 9 334
324 38 105
x
157 3 194
56 11 321
128 15 259
163 0 16
199 29 326
108 36 106
400 29 100
166 0 162
x
17 8 251
342 0 37
x
87 0 209
161 12 220
218 27 313
4 10 335
310 3 243
x
x
66 38 64
148 25 90
138 18 44
384 21 123
32 25 54
170 21 312
237 4 6
186 25 194
362 21 207
107 25 86
305 38 104
187 24 127
304 27 155
x
x
x
x
3 31 93
32 24 55
350 6 23
32 23 56
141 37 101
x
373 37 10
82 32 299
80 16 291
368 0 177
93 40 311
248 2 244
122 27 166
400 35 202
x
400 37 203
249 15 171
113 5 56
74 17 124
107 27 220
362 16 325
218 37 109
x
167 27 303
189 26 339
x
161 6 223
x
271 19 101
368 6 154
4 13 260
x
162 37 224
400 19 101
391 3 0
86 14 317
28 31 1
241 30 164
4 15 262
x
x
170 31 253
287 7 120
400 21 206
x
88 15 1
132 14 278
19 27 254
271 0 311
128 6 304
308 0 314
x
329 1 59
287 1 184
287 4 183
394 36 101
325 38 27
74 40 215
247 13 74
316 0 313
115 38 57
19 33 256
36 2 175
5 0 261
138 2 50
x
115 34 16
324 34 45
108 1 340
372 2 184
78 8 252
x
x
333 25 62
74 39 214
x
x
x
287 10 99
138 16 43
122 37 168
336 10 284
x
275 24 123
270 18 198
296 29 99
350 11 24
128 3 291
247 5 28
97 6 297
337 4 183
x
334 21 294
x
358 29 42
x
265 26 192
324 35 46
269 12 79
347 1 261
19 36 257
338 4 273
241 27 237
335 37 228
388 6 289
11 1 0
108 4 74
x
84 22 12
302 21 277
162 29 235
4 16 263
94 0 258
386 1 269
x
x
359 4 161
x
257 37 74
75 2 146
x
x
x
320 30 288
275 16 76
x
x
74 33 190
4 18 265
117 7 170
35 14 174
x
184 35 201
299 34 128
97 12 300
130 12 214
162 27 338
334 23 295
319 6 23
32 21 58
x
117 12 171
x
67 7 305
241 24 236
368 39 309
164 10 81
x
x
2 14 295
269 0 317
x
252 22 47
349 17 25
390 21 104
361 39 21
142 29 91
x
208 4 34
x
127 25 192
117 17 90
x
161 14 155
87 21 301
353 26 291
203 23 298
x
x
165 13 9
376 35 80
51 0 103
x
2 16 296
164 5 77
211 18 299
169 12 149
388 11 292
334 27 148
381 27 17
109 31 314
304 33 39
320 32 138
9 3 91
170 17 56
117 22 92
28 25 8
387 0 239
165 6 71
134 17 300
334 6 26
365 9 262
173 31 151
x
x
x
167 34 146
115 23 43
x
96 8 1
68 8 122
x
19 30 255
x
33 19 121
325 34 36
149 0 324
163 37 307
x
271 31 135
x
x
203 19 297
210 23 242
32 18 273
79 36 227
245 31 143
x
170 0 226
322 4 255
321 20 300
265 16 95
26 0 36
145 20 51
221 37 180
165 4 131
165 2 132
285 4 322
13 28 99
x
x
212 6 104
108 10 63
227 12 127
375 37 61
119 12 196
165 0 133
x
388 26 294
304 36 54
354 0 185
32 16 48
333 41 338
x
224 33 142
250 3 4
223 7 315
346 19 243
167 12 182
x
33 27 108
199 10 101
22 17 302
32 14 29
192 22 42
18 2 276
x
388 19 30
142 2 188
x
334 2 38
388 0 31
187 3 70
x
x
x
169 7 59
97 8 298
x
254 19 23
334 35 245
146 33 295
119 17 197
2 22 299
156 0 47
296 34 313
x
368 24 215
2 24 290
x
6 33 87
388 32 68
317 18 4
x
x
307 14 17
306 26 247
330 12 178
261 26 333
261 22 334
315 11 317
167 8 184
230 0 272
307 3 306
x
372 20 249
392 4 59
167 6 70
x
332 3 147
239 37 253
342 31 28
176 4 48
x
261 18 129
281 22 144
117 27 93
18 17 320
325 3 163
x
167 0 282
226 24 261
x
46 14 120
323 40 299
x
229 7 163
x
236 15 88
0 7 172
149 9 25
109 28 27
85 6 336
361 27 184
171 11 260
309 3 16
x
x
167 22 145
133 7 199
x
323 10 209
262 23 20
393 23 57
x
x
319 0 70
361 24 183
20 28 126
348 27 103
339 9 57
202 12 319
2 10 293
x
x
330 17 215
372 25 250
220 26 179
337 13 28
384 9 88
237 7 268
49 0 197
x
253 33 172
96 18 306
109 19 116
77 28 95
54 37 176
228 7 106
x
x
334 0 29
18 26 300
327 3 164
272 34 273
169 2 58
143 12 102
221 26 8
210 19 44
308 15 90
321 17 339
300 41 244
167 4 243
x
x
322 30 84
x
391 37 336
293 13 114
299 1 63
x
108 13 64
106 27 173
335 6 208
106 32 172
x
x
159 1 317
51 37 297
361 18 14
181 25 318
42 34 109
328 0 210
x
127 34 306
x
272 26 289
x
108 16 65
335 8 199
x
54 0 51
250 15 140
312 17 154
x
42 36 117
300 31 224
x
300 34 305
41 38 291
10 15 22
89 35 41
359 10 8
15 27 60
x
105 2 222
389 25 231
231 0 39
241 21 193
46 12 118
x
x
74 32 191
300 37 225
208 27 131
20 24 125
x
256 31 264
304 2 226
74 34 189
x
244 28 286
x
335 10 221
x
365 13 229
x
374 28 310
161 33 269
x
289 4 165
x
x
147 4 124
211 27 160
x
x
98 1 289
375 15 251
264 22 48
74 37 217
x
368 31 294
46 11 117
x
7 30 340
375 1 134
241 18 192
232 31 61
157 36 87
x
98 7 304
333 40 335
91 18 117
375 20 252
40 31 141
241 15 191
23 16 124
274 16 256
x
312 12 0
x
290 6 269
196 5 151
278 0 233
4 28 305
313 0 20
304 5 234
51 22 300
51 11 68
110 8 32
23 12 123
285 21 72
4 24 163
394 13 15
x
105 7 221
146 27 293
216 29 80
61 37 301
x
245 36 167
88 20 311
291 30 205
122 22 226
233 7 94
89 41 4
312 2 262
292 27 29
x
4 22 161
61 32 302
224 6 1
233 0 7
x
61 27 303
375 25 268
x
360 29 324
x
x
382 36 257
293 17 113
169 37 31
x
x
x
x
x
x
232 36 154
318 0 71
4 25 332
192 2 83
40 35 139
10 39 59
210 28 54
236 9 42
x
382 0 146
x
16 11 321
153 37 277
299 14 199
3 35 94
14 29 313
361 15 7
182 36 219
210 15 4
373 30 194
63 21 226
402 2 98
375 30 285
181 21 40
x
x
19 16 42
74 41 216
207 40 31
48 30 205
279 30 103
x
279 34 102
120 16 218
133 12 240
306 8 70
x
x
x
309 19 71
290 33 211
105 17 154
345 18 244
46 22 93
63 24 35
104 3 67
60 0 137
46 21 92
109 17 88
337 0 76
x
x
x
209 5 189
121 40 282
245 29 168
x
0 10 171
46 20 91
304 17 275
116 9 249
262 31 18
151 30 87
335 16 80
274 9 119
x
65 32 37
172 25 174
282 26 194
61 22 304
382 29 296
240 19 288
210 7 2
241 12 184
105 22 153
x
213 32 192
335 4 212
203 17 335
277 32 106
x
x
115 0 251
127 29 191
x
x
x
277 5 115
x
71 17 202
x
201 32 177
362 0 311
12 22 157
x
5 13 326
220 11 45
x
x
225 37 46
89 29 120
0 28 121
21 23 243
x
x
146 24 292
0 24 120
x
276 30 180
6 6 246
x
38 15 172
176 12 275
x
7 17 119
x
108 0 255
146 30 294
10 0 288
360 38 144
16 38 278
71 20 205
37 20 305
326 25 197
126 0 248
x
225 32 104
122 0 246
319 20 69
97 33 285
x
46 19 90
325 29 179
x
316 30 137
x
x
62 18 130
x
211 32 159
x
65 27 87
181 17 41
304 8 235
349 36 199
56 37 191
71 9 242
196 36 322
28 8 52
195 0 332
305 24 100
241 9 183
x
233 18 57
208 22 132
x
x
67 37 23
x
182 0 221
146 36 296
326 22 115
42 38 143
73 0 265
x
357 8 270
210 36 55
356 39 338
153 30 198
234 6 211
x
304 11 268
277 20 249
146 39 297
389 12 280
377 17 286
x
326 19 106
272 38 272
204 39 24
297 7 38
x
10 7 84
354 4 203
144 26 197
197 3 107
90 30 312
x
301 21 304
165 26 281
x
351 30 117
104 6 68
361 12 6
351 28 263
x
175 15 111
227 30 212
300 25 77
300 15 243
76 33 147
38 33 210
272 23 118
x
22 36 38
104 41 40
x
298 0 293
264 13 53
32 31 127
3 40 340
337 24 105
56 26 192
343 31 260
193 25 236
x
142 20 315
100 7 278
x
84 0 261
116 34 51
377 22 304
58 4 46
x
361 21 120
353 14 238
x
209 0 39
181 13 64
x
377 27 141
51 13 66
x
236 32 298
377 32 67
280 16 81
x
x
378 27 76
7 9 117
181 9 65
x
350 0 182
378 32 85
43 0 58
x
297 12 120
71 24 95
390 37 247
49 20 160
x
x
163 21 63
127 0 62
x
401 0 137
x
299 0 335
x
x
241 6 182
205 0 28
270 24 145
141 1 339
322 37 139
x
264 39 179
x
x
x
362 4 136
361 30 246
x
24 10 289
402 19 50
x
46 24 95
x
228 1 308
374 17 309
49 10 340
324 15 207
79 38 285
10 21 83
175 38 142
x
324 16 229
300 18 239
287 17 115
57 30 126
181 5 217
237 0 334
x
190 33 8
241 33 239
81 37 278
x
196 33 228
x
181 1 67
346 7 283
22 3 63
14 24 116
x
402 23 207
264 9 56
67 20 144
192 16 161
98 27 276
267 10 260
255 25 309
23 34 263
143 39 321
331 24 229
50 14 154
x
55 10 285
241 0 174
x
397 10 7
378 37 86
307 20 183
98 6 303
388 37 47
361 36 267
51 10 69
65 21 143
233 22 58
x
253 22 75
x
x
68 32 96
366 32 108
134 8 298
94 33 320
5 38 336
x
142 16 316
x
110 0 110
368 3 155
144 7 33
331 0 160
168 40 124
x
355 35 220
x
292 7 36
104 12 70
134 11 305
331 2 159
134 14 299
390 4 191
267 0 80
31 34 182
x
286 13 83
14 16 114
4 7 333
x
176 10 276
161 29 241
105 32 224
266 19 196
171 27 304
175 25 109
16 2 103
58 28 155
x
324 20 93
x
51 8 71
224 18 4
51 7 72
141 27 255
324 33 328
185 18 329
344 24 27
43 3 59
x
267 26 312
19 3 259
331 8 131
297 16 331
399 22 71
21 20 233
x
297 39 215
230 34 37
55 6 287
81 0 267
179 9 204
171 23 265
115 9 164
393 31 91
x
61 8 320
40 6 124
x
63 15 154
51 6 73
158 25 337
0 16 169
291 28 28
213 0 174
252 34 302
22 25 294
231 17 301
x
134 23 302
349 22 26
x
266 0 43
354 15 216
115 11 269
251 38 62
180 12 163
56 22 212
353 2 167
x
x
353 8 154
51 5 74
297 19 182
389 6 229
x
x
x
x
103 18 72
309 21 5
128 0 303
x
252 1 209
61 3 332
x
272 30 274
380 21 164
x
45 0 227
370 23 105
9 0 236
399 18 72
288 4 29
337 18 42
161 19 8
288 2 30
147 6 248
x
324 23 225
151 17 184
x
62 30 198
51 3 100
x
321 28 322
21 27 318
122 12 4
201 7 320
x
128 9 290
x
x
303 25 148
x
103 21 73
62 31 199
393 36 94
x
242 16 16
269 18 150
309 25 21
51 2 101
x
x
6 21 158
x
51 1 102
153 0 69
38 1 72
399 14 73
x
297 25 174
33 14 207
x
x
232 38 99
316 14 175
x
283 28 70
62 32 200
x
386 8 138
175 31 44
x
32 19 268
307 13 47
368 9 98
350 22 22
236 0 87
261 16 339
x
64 0 284
258 1 300
x
122 17 225
81 18 338
43 9 329
283 26 71
327 9 271
283 24 72
115 17 288
x
17 19 316
288 0 238
350 17 303
356 11 320
337 15 97
325 23 125
x
10 11 39
128 12 289
206 8 283
x
115 19 138
x
379 0 26
326 3 130
194 19 168
365 10 195
47 19 255
368 12 153
153 24 181
x
x
x
172 23 284
373 0 23
134 27 133
58 6 47
x
x
141 15 258
x
171 19 264
x
386 13 139
272 0 193
x
x
x
x
x
x
162 15 19
197 9 141
16 0 314
233 34 319
94 3 140
x
14 4 313
186 30 137
399 0 161
x
x
x
94 5 141
x
320 2 49
x
x
219 30 238
171 15 261
250 21 138
147 16 132
153 35 64
66 9 269
354 37 298
147 14 131
x
x
297 28 164
182 15 286
283 20 75
377 38 118
141 18 257
250 18 139
42 12 317
x
292 29 24
x
x
368 15 176
x
251 41 306
378 12 162
357 22 321
216 5 9
371 14 248
324 27 237
318 20 325
368 18 177
x
189 21 340
13 13 232
132 11 124
13 10 231
x
220 4 147
186 18 293
x
289 34 110
x
141 24 256
371 2 226
21 35 229
x
x
238 15 159
4 12 270
101 15 48
147 8 118
368 2 3
206 13 282
371 38 328
x
x
x
321 37 87
294 39 332
x
x
x
238 12 133
x
302 0 201
302 8 253
95 40 286
295 30 298
216 1 162
x
295 6 232
103 24 66
53 25 251
286 36 219
295 10 230
332 27 53
91 11 261
x
x
162 14 10
260 34 322
376 30 199
238 9 132
291 7 193
76 31 48
324 29 304
134 20 301
283 6 166
283 4 107
384 16 186
361 33 247
291 13 191
x
92 27 237
x
298 39 216
224 2 0
53 15 236
x
296 14 73
129 35 172
x
96 22 68
x
294 7 252
129 31 171
343 26 198
198 35 200
130 18 45
250 12 141
139 21 146
x
336 25 12
64 13 277
366 25 96
225 18 320
278 23 12
x
380 4 232
296 12 79
351 4 249
90 11 260
x
346 0 217
x
295 36 308
313 29 151
21 32 228
367 7 319
380 10 338
399 10 108
231 13 178
x
251 0 296
296 10 80
27 21 51
37 37 167
121 33 217
x
371 34 286
227 15 205
x
250 9 214
139 24 147
139 27 140
x
x
228 37 207
290 19 135
355 20 215
11 7 285
135 8 166
135 0 7
x
340 18 279
x
45 32 114
265 4 276
399 6 116
253 15 117
126 34 127
x
338 12 315
65 19 268
x
386 18 140
388 28 177
x
119 0 111
159 5 314
x
x
290 28 213
320 10 308
225 22 321
239 7 66
11 36 15
42 40 142
x
37 26 32
238 6 131
x
202 37 210
291 20 87
40 37 138
x
371 30 285
227 19 206
x
127 24 46
x
197 1 323
212 37 245
139 33 38
318 14 75
89 10 162
296 8 116
x
134 37 280
x
x
x
320 14 312
x
132 32 237
x
156 12 180
318 6 25
x
253 10 160
30 36 70
24 27 215
x
371 26 268
x
398 0 16
x
369 39 301
90 14 208
318 2 22
31 17 216
340 36 166
x
176 0 53
166 17 52
22 12 307
401 1 149
370 32 281
309 14 45
132 21 262
x
x
57 9 82
x
117 0 126
82 7 59
22 13 306
351 12 251
x
87 8 220
x
1 0 312
139 39 36
223 23 83
35 10 49
126 32 234
0 37 7
132 5 217
x
239 3 65
340 33 167
4 2 54
x
192 9 106
x
240 8 18
106 0 125
x
309 0 139
96 20 66
222 25 194
103 38 263
x
36 8 106
293 7 214
x
75 26 275
x
378 7 253
300 2 6
171 7 242
105 0 124
314 21 240
293 26 239
230 23 112
x
57 35 136
238 3 124
235 30 161
90 17 193
62 13 153
235 0 226
x
319 12 318
249 13 35
396 16 65
x
274 1 207
33 38 260
250 6 215
265 34 42
163 27 12
296 4 124
x
166 3 254
x
154 2 231
x
57 7 60
x
57 6 61
x
154 5 232
160 34 147
296 2 131
x
313 34 290
126 30 235
179 15 108
5 40 150
x
45 41 42
14 10 106
33 29 116
396 21 150
59 25 244
69 9 240
287 27 175
126 28 236
x
46 34 226
171 3 123
94 13 134
307 0 6
351 8 250
281 28 340
x
58 15 103
x
302 4 180
200 8 130
157 38 248
x
267 22 174
126 26 247
x
253 31 22
137 37 220
134 29 281
30 16 74
288 24 108
x
x
x
238 0 117
271 34 136
29 14 202
x
29 20 200
221 15 10
207 23 134
308 8 88
32 7 166
x
384 26 245
222 11 40
110 21 187
x
96 16 62
214 33 120
219 39 293
71 26 123
14 6 105
374 0 307
x
299 29 338
222 3 281
x
30 6 76
22 20 299
126 24 238
207 18 135
139 5 9
137 4 285
5 11 338
x
x
x
62 36 97
367 22 2
103 30 8
37 5 308
x
x
343 33 58
288 22 162
314 8 237
x
367 25 3
96 14 60
111 16 47
219 36 108
69 24 315
x
356 12 5
137 7 286
x
313 25 19
36 38 214
314 10 149
314 12 179
281 15 185
240 13 19
x
92 24 58
x
68 4 92
260 1 169
31 0 115
45 6 105
357 12 234
264 28 132
352 37 302
124 40 63
58 34 201
342 5 38
204 8 241
188 32 122
288 18 219
x
34 13 123
x
x
188 0 256
x
343 13 284
34 12 124
34 11 125
190 30 129
267 32 108
397 3 293
x
218 22 263
302 33 217
297 0 177
x
356 15 9
96 13 310
222 30 149
356 18 10
73 17 293
x
375 36 102
x
396 26 243
356 21 11
383 2 244
x
362 9 137
23 0 81
281 7 86
240 3 290
383 7 270
389 8 265
178 32 28
129 12 121
131 0 122
x
124 31 222
x
x
x
310 36 253
33 2 181
x
27 17 187
x
335 18 303
344 19 304
x
178 11 20
191 17 280
15 31 282
383 12 185
x
240 1 224
16 6 104
31 25 53
38 0 33
235 14 279
94 19 136
344 15 165
219 33 68
310 33 121
308 20 184
226 17 56
102 12 145
x
18 8 160
x
x
0 20 338
163 4 17
233 13 52
51 19 104
238 18 160
313 7 174
25 27 320
230 11 48
x
231 3 17
103 33 324
344 7 158
x
205 37 171
x
174 37 76
353 27 339
156 24 311
x
380 34 272
222 0 162
206 18 281
x
82 2 33
27 38 34
x
95 13 84
73 12 294
219 27 275
365 14 196
314 14 194
x
x
230 17 200
x
109 37 49
402 31 212
234 34 54
102 16 132
20 17 181
x
20 11 183
73 2 296
293 33 11
354 16 214
88 17 19
136 30 151
155 19 37
x
342 40 197
x
179 2 230
330 34 331
102 18 131
95 21 182
219 24 267
x
302 22 250
x
374 20 38
x
311 28 37
181 39 222
x
299 19 126
45 29 36
202 3 173
110 19 76
44 35 86
123 39 262
x
370 6 20
x
x
x
391 16 168
258 19 164
20 8 184
136 34 338
380 36 271
x
x
380 38 264
140 0 158
218 11 79
174 33 321
x
62 2 96
177 5 14
234 0 197
359 35 218
x
x
331 4 133
402 3 53
271 25 103
x
264 33 133
189 0 156
173 41 278
x
20 5 185
208 37 288
283 41 222
12 36 284
132 25 67
370 9 33
85 0 219
47 0 225
317 34 192
335 22 297
x
299 22 84
219 21 247
235 2 248
237 6 172
x
313 33 276
27 0 321
x
271 22 102
311 32 202
399 31 216
x
x
x
x
228 26 81
303 37 161
8 0 4
193 24 272
322 15 303
335 24 278
174 29 213
256 10 153
x
288 14 221
x
352 16 83
379 32 154
60 8 208
68 5 93
140 32 165
27 27 322
x
165 27 61
x
402 0 170
x
219 18 246
288 16 220
293 39 9
x
390 3 207
x
x
173 23 127
213 13 125
144 0 250
x
206 0 227
133 37 11
44 18 40
389 0 190
192 37 198
99 38 181
x
271 16 100
362 35 229
144 16 320
x
358 14 308
266 14 238
296 0 132
2 8 336
52 36 84
x
31 26 170
394 38 214
242 5 31
399 26 70
174 25 214
314 6 74
288 26 160
52 35 85
271 13 58
x
357 4 269
327 21 113
27 14 188
x
x
x
23 29 102
230 5 229
347 29 273
313 13 200
102 24 147
335 33 241
28 12 323
52 32 88
320 18 286
x
212 19 52
144 37 337
361 3 147
341 32 131
320 16 311
321 36 47
333 20 205
x
x
x
55 18 283
x
178 5 96
x
x
142 0 134
27 2 179
21 2 14
x
219 15 245
338 20 110
x
52 30 28
256 0 266
x
334 16 94
x
57 19 65
281 37 233
227 33 33
x
52 29 164
x
206 33 91
149 27 252
x
231 32 187
211 37 133
59 0 102
313 16 102
127 3 173
6 19 272
110 32 243
385 35 130
x
x
x
331 27 207
232 17 137
x
283 0 209
221 4 138
259 17 63
x
172 39 301
262 14 50
187 29 126
271 4 37
174 21 215
318 33 212
x
x
270 0 236
127 7 120
335 21 298
68 11 69
285 7 320
38 9 68
94 24 323
131 39 216
110 13 211
x
271 1 137
256 16 232
x
242 32 130
222 41 13
29 1 324
187 18 190
251 35 313
x
176 13 309
292 33 25
318 36 211
203 27 183
x
263 36 321
387 15 93
x
306 35 263
376 26 200
348 15 13
193 7 275
93 0 250
x
x
283 10 168
284 32 292
12 31 57
x
x
283 12 169
162 10 295
275 28 142
x
219 12 244
x
397 0 182
318 39 208
109 6 87
351 0 237
52 27 31
283 14 170
292 12 301
212 26 147
x
x
227 14 72
174 17 216
x
x
97 21 257
57 14 77
56 33 213
350 2 68
216 18 85
48 4 259
322 9 79
64 18 152
139 13 284
351 16 252
50 13 121
251 2 31
22 28 262
402 37 179
395 12 180
349 8 239
134 0 132
63 19 93
339 3 15
343 7 265
x
x
244 7 255
26 32 335
395 38 332
290 0 15
57 38 199
12 12 161
100 0 242
32 0 54
258 13 30
44 37 85
x
x
46 0 119
4 33 291
384 37 275
x
279 38 101
26 30 334
x
320 6 51
x
174 13 211
310 0 223
161 21 91
92 4 337
83 0 260
358 17 278
x
211 12 75
255 0 217
x
47 34 258
239 31 310
x
x
186 7 201
248 21 170
232 9 135
174 9 212
343 22 301
402 8 56
281 3 265
172 17 310
282 0 284
229 32 165
x
4 27 312
213 38 305
x
371 19 5
294 19 310
x
289 16 137
338 9 55
25 33 100
234 23 157
x
256 34 226
223 0 11
393 4 178
180 21 140
277 18 250
x
94 1 139
294 6 302
79 30 126
47 29 257
x
115 15 287
76 0 263
31 1 217
226 23 209
260 0 51
x
x
58 0 229
222 24 227
x
x
x
258 26 271
x
12 18 162
x
232 0 199
x
125 26 265
232 5 134
81 6 300
240 31 110
x
321 13 243
260 17 314
146 0 68
157 19 33
x
296 22 124
237 18 63
x
147 28 182
x
231 15 177
395 33 169
40 0 84
x
257 15 221
281 0 186
161 35 308
x
391 26 318
25 29 89
4 23 162
154 30 155
x
370 36 280
383 0 145
389 33 175
94 27 322
115 13 270
42 31 35
x
293 36 10
x
x
x
x
x
74 23 322
180 37 97
39 11 34
34 8 128
200 16 266
13 37 3
71 33 135
348 0 307
264 23 131
265 12 96
258 23 263
27 33 98
345 27 80
x
x
215 10 18
296 38 32
x
x
349 28 295
241 39 243
143 1 196
239 36 170
231 30 219
x
126 7 41
75 0 49
143 21 322
x
221 0 119
x
31 11 261
346 23 162
257 0 262
332 1 146
232 1 260
110 26 165
276 11 72
169 20 267
144 3 84
97 22 31
x
29 33 46
x
252 6 216
x
10 34 28
214 17 32
121 37 281
285 19 162
17 21 180
147 38 164
27 29 97
296 30 315
x
154 26 154
5 20 192
20 37 25
348 9 123
344 3 157
313 4 152
305 21 178
217 26 26
217 37 314
78 13 251
301 1 105
305 16 287
372 8 147
x
341 29 289
150 28 245
98 11 308
x
353 17 168
358 0 272
28 18 96
140 36 73
173 14 330
326 28 8
x
154 21 177
143 5 195
154 35 178
241 36 240
94 30 321
x
96 41 128
135 4 89
296 18 116
343 0 319
x
x
132 13 236
253 28 21
289 24 281
74 7 145
3 0 328
217 20 92
402 13 187
341 16 186
x
x
x
x
x
