x
25 33 15
x
45 20 2
49 16 7
52 28 18
37 19 0
43 27 17
3 0 17
x
32 37 18
52 32 9
38 6 20
5 19 22
x
x
x
15 39 18
x
19 38 8
51 26 2
15 33 10
x
51 4 18
29 24 0
2 16 17
x
x
52 33 2
x
15 18 3
35 14 13
26 24 20
51 30 13
56 33 4
x
x
x
30 36 11
43 33 6
x
35 0 23
31 8 14
10 6 13
45 9 0
x
56 26 2
x
15 36 5
x
30 39 22
x
11 3 17
x
37 6 22
24 21 19
x
30 4 23
40 16 16
47 22 8
24 26 20
52 31 11
0 8 19
2 5 0
44 8 17
54 19 3
x
31 6 10
47 18 22
x
8 12 8
24 36 17
58 13 10
22 17 20
54 3 23
x
32 2 18
8 30 2
21 3 13
52 30 16
20 41 11
24 40 23
x
42 32 5
52 6 23
55 20 6
0 23 16
7 38 11
49 1 5
45 4 21
17 40 1
3 35 11
54 18 16
30 21 19
x
4 12 15
45 32 14
57 9 5
27 12 18
31 4 17
16 13 21
x
36 32 12
18 22 7
15 4 0
x
x
19 9 6
34 0 21
48 6 15
43 21 13
18 34 6
x
41 9 1
51 36 23
2 35 3
29 33 21
12 19 21
9 26 21
2 24 5
42 30 4
x
x
55 40 18
10 0 22
51 40 21
x
5 15 23
39 30 9
x
x
15 28 17
31 2 10
x
57 22 22
6 7 7
51 38 22
x
28 38 22
43 6 21
31 0 22
46 12 3
x
x
26 7 1
x
29 11 23
x
40 38 14
9 0 21
x
52 22 5
56 18 22
x
17 7 3
14 30 23
31 18 6
x
42 29 13
17 17 22
1 8 10
x
13 6 13
x
42 18 19
52 26 6
28 18 15
6 12 12
33 9 12
39 22 11
35 21 19
24 2 5
30 29 10
x
36 23 15
37 31 23
48 10 5
x
55 23 13
x
25 6 17
44 16 23
24 6 7
x
x
x
22 0 0
52 12 15
15 15 7
38 10 5
x
43 40 16
x
x
14 22 8
x
x
34 3 16
56 0 1
x
x
x
59 1 21
14 39 9
39 8 10
35 15 3
10 3 16
x
45 0 12
4 34 12
13 2 2
49 31 20
7 1 10
28 31 16
1 0 9
x
19 34 1
21 7 15
2 11 5
x
23 4 20
22 27 21
19 25 12
x
18 25 9
13 0 11
45 14 3
8 21 7
23 21 8
22 28 10
x
16 37 10
20 6 21
17 30 16
25 39 6
2 31 12
43 38 15
8 24 7
21 38 12
13 9 16
27 6 7
11 33 22
22 13 10
17 41 21
52 25 15
x
x
x
37 36 19
x
46 18 8
x
x
15 0 17
x
x
x
x
35 39 4
x
x
42 23 1
x
30 0 8
42 10 14
6 16 0
x
17 4 2
52 17 14
36 0 3
5 1 14
46 23 16
43 41 9
x
9 23 22
5 0 23
x
x
18 9 5
37 26 7
14 14 20
7 16 23
53 37 10
53 15 21
x
51 22 22
29 17 4
59 6 15
11 26 13
51 34 0
17 19 20
2 29 13
40 22 17
x
25 5 0
5 27 20
24 38 18
55 35 5
15 10 3
38 30 19
28 7 3
39 26 10
22 21 21
54 0 12
4 17 14
46 6 4
38 14 16
25 7 8
25 8 12
37 39 15
x
x
35 29 0
19 40 12
x
41 20 16
x
25 9 9
50 39 0
2 37 3
x
x
58 1 9
41 4 4
5 33 2
16 4 11
43 2 1
x
22 5 13
47 2 7
20 26 10
8 41 3
16 23 13
21 30 5
x
58 9 11
40 11 2
12 4 12
28 12 3
3 28 7
47 6 16
45 24 20
20 31 1
x
x
x
x
15 8 6
39 19 23
30 22 10
19 0 23
9 22 16
x
x
35 40 15
51 32 4
31 27 16
56 16 1
38 16 8
53 0 14
29 22 2
54 17 7
36 17 13
5 26 19
x
25 10 13
x
21 28 22
10 38 19
58 17 4
21 26 19
x
14 2 18
47 10 2
48 22 12
x
25 11 22
21 0 4
13 21 10
47 14 1
39 34 13
51 20 14
26 36 13
54 38 23
54 32 17
8 32 18
x
13 14 14
x
53 32 7
9 21 14
x
0 5 18
14 26 23
48 26 17
51 19 13
13 23 6
37 2 5
x
x
27 37 11
17 13 14
x
59 0 19
18 4 0
48 30 16
9 24 23
33 30 4
42 12 9
51 18 4
49 12 11
51 28 8
x
31 33 3
46 37 10
5 25 11
58 22 14
31 36 5
x
x
x
34 32 5
10 28 16
23 13 17
57 14 14
52 40 19
52 38 9
52 36 18
x
21 24 16
6 0 9
40 21 1
42 28 2
24 12 3
43 0 4
23 10 22
24 7 11
2 6 16
24 0 6
32 1 12
x
59 11 6
31 39 19
23 0 9
14 34 8
58 39 16
42 6 12
34 4 13
x
11 13 10
38 23 1
39 5 12
38 20 6
16 21 16
48 38 2
13 4 7
x
x
24 23 6
21 22 14
50 1 15
32 3 7
30 16 14
24 1 19
x
50 38 12
18 38 2
11 22 11
x
x
39 14 3
13 33 15
x
23 39 16
x
40 9 10
21 20 13
7 11 5
27 16 2
12 27 22
52 34 20
0 30 22
6 38 14
53 2 13
5 24 7
38 2 2
23 14 20
27 18 14
x
x
x
0 34 21
59 17 3
34 10 22
11 11 6
34 13 20
11 9 5
x
40 1 21
x
15 23 1
23 9 19
54 22 18
11 37 2
36 19 4
56 6 10
9 15 18
25 28 14
53 6 4
5 12 2
x
42 34 17
56 21 6
23 33 3
x
x
40 7 9
54 12 20
x
31 30 15
44 40 18
x
5 3 2
59 22 1
14 5 1
35 33 17
57 5 21
17 35 13
9 13 15
21 33 23
x
33 26 5
33 34 19
x
21 13 13
8 11 12
x
x
29 36 2
18 6 22
x
29 26 16
43 4 6
x
5 28 21
4 22 23
47 26 3
2 22 6
0 38 19
30 3 15
23 12 15
50 25 22
50 7 1
54 30 10
29 28 8
x
37 10 20
55 5 19
5 2 15
32 8 2
21 1 2
x
51 14 23
51 9 20
21 18 9
x
57 10 13
44 5 19
10 32 8
x
x
21 16 4
x
12 7 20
38 26 2
12 15 9
41 21 14
54 35 17
58 0 9
x
51 15 8
58 27 11
47 30 17
5 6 6
5 8 1
16 0 8
10 9 1
32 17 7
8 25 1
32 20 8
9 33 6
5 41 16
59 37 7
9 14 17
57 0 18
4 27 20
8 38 19
17 22 4
x
9 30 10
23 15 1
3 19 1
11 1 15
59 27 17
29 30 4
x
22 30 15
x
30 13 6
1 34 0
x
7 6 6
x
42 36 3
x
x
9 16 1
x
17 11 1
x
1 12 14
56 38 15
x
9 4 0
55 17 15
35 38 11
x
x
13 28 18
35 25 17
x
49 29 10
43 28 23
x
0 14 21
5 38 8
11 5 12
x
10 16 4
49 11 8
x
28 25 5
6 28 12
x
42 38 15
49 4 8
46 0 7
50 9 17
15 29 14
54 6 8
55 14 20
34 28 1
34 39 20
4 0 12
23 18 2
5 31 9
12 32 0
x
0 17 22
47 38 0
x
x
x
13 13 15
x
43 39 18
31 10 12
42 19 12
38 0 12
51 16 10
10 20 18
4 33 13
32 27 5
24 20 11
47 34 15
51 17 0
34 25 21
9 17 5
2 0 18
56 11 19
18 16 3
7 33 23
x
2 33 4
10 23 4
34 22 4
43 19 13
53 35 19
55 11 21
19 12 19
5 10 11
x
12 1 15
x
29 6 10
41 24 4
22 40 6
14 11 22
2 3 14
44 33 19
x
55 8 22
39 0 22
24 3 0
15 2 23
x
54 25 5
x
0 20 23
x
29 15 9
29 19 13
11 7 1
31 14 22
26 12 4
23 27 19
x
27 0 6
x
x
32 11 3
54 34 8
6 31 3
x
53 25 6
12 37 11
52 16 10
49 34 0
x
49 38 19
6 18 15
38 4 22
16 32 19
15 6 5
49 13 18
15 13 12
37 25 0
47 0 16
49 24 11
16 16 17
48 34 9
44 28 21
x
x
14 8 17
x
59 33 12
15 40 19
4 4 13
30 34 6
27 2 5
x
24 31 7
20 0 3
11 20 9
41 27 16
x
20 37 17
x
11 15 11
3 38 8
46 4 0
11 17 13
13 20 4
4 8 11
30 7 9
x
x
x
57 28 0
x
51 21 1
24 35 1
41 15 8
57 32 16
41 40 15
x
x
x
0 11 20
45 39 23
15 1 15
41 8 6
50 35 22
50 22 4
50 32 21
50 30 16
1 40 10
9 18 6
32 14 11
18 14 17
44 0 18
32 32 2
41 30 8
x
9 19 10
35 1 7
2 26 7
43 12 4
3 25 10
35 9 15
40 29 17
x
35 5 8
6 24 23
42 0 11
53 33 11
56 41 19
x
58 5 0
51 23 21
14 18 7
22 38 21
x
23 11 10
x
x
57 37 12
x
44 23 6
9 20 13
x
22 36 18
32 35 9
49 22 7
3 17 9
38 8 18
20 40 23
x
x
x
25 17 16
40 30 6
7 27 20
34 19 14
27 4 21
42 21 11
x
10 34 21
10 24 15
33 0 16
x
x
34 16 2
26 0 20
x
56 24 23
x
26 26 0
27 8 15
34 7 9
38 36 0
36 11 20
46 10 22
33 38 21
22 34 1
36 6 9
26 2 13
19 3 0
x
54 11 2
28 0 3
41 33 7
29 40 7
x
36 1 17
31 12 18
x
26 32 18
0 0 8
36 37 18
x
x
38 32 11
25 29 23
53 10 23
19 29 16
20 21 18
46 31 5
x
20 16 15
21 2 14
10 36 20
1 33 15
14 0 8
48 3 6
17 28 9
16 27 2
x
52 27 3
58 28 11
8 15 19
57 18 4
19 6 5
21 40 14
42 41 2
52 9 3
12 10 12
10 40 2
1 17 19
28 20 19
52 29 17
30 24 23
x
12 23 21
1 3 6
23 16 7
52 3 2
x
22 6 7
48 18 3
3 34 12
44 20 20
x
23 24 2
x
1 22 18
x
x
24 4 17
46 13 7
48 0 1
x
58 33 9
x
7 30 21
29 13 12
8 4 4
25 13 1
43 9 15
23 17 18
x
x
41 36 3
x
1 27 17
55 2 7
18 0 22
x
3 1 16
56 36 20
48 14 12
6 21 17
x
x
24 9 14
x
x
x
19 30 18
x
10 30 22
34 33 1
19 19 11
46 29 10
37 14 18
5 29 22
x
x
x
53 20 1
40 36 21
25 0 9
8 0 20
40 25 5
29 0 21
22 12 6
x
x
x
38 18 7
40 0 11
0 2 17
18 19 11
0 26 20
x
15 32 9
31 24 23
52 0 9
x
11 25 7
18 40 4
2 19 13
x
10 18 3
x
x
3 6 15
x
42 31 14
x
16 7 0
26 39 9
41 1 19
26 23 10
x
50 14 16
31 21 0
17 0 14
51 25 5
25 22 17
x
54 1 0
7 35 9
20 11 14
x
20 1 17
x
5 4 1
50 19 13
x
27 29 10
24 5 21
16 1 6
x
x
27 32 4
x
37 0 3
28 32 8
x
3 11 21
x
10 13 8
x
5 5 5
31 16 20
16 26 2
55 31 2
9 39 14
36 27 13
9 36 5
27 23 2
x
x
21 10 16
x
41 7 8
33 3 13
26 34 22
17 1 19
30 26 16
29 5 15
50 18 20
9 27 14
56 31 13
36 26 7
44 12 22
33 20 11
x
50 0 19
x
50 11 17
13 38 5
24 13 12
x
4 37 4
x
28 2 14
18 30 4
55 27 8
29 39 8
12 0 18
38 39 21
42 33 20
19 16 9
26 17 11
x
19 17 8
x
38 12 14
5 7 10
x
7 21 17
35 19 17
22 32 20
17 14 4
7 0 20
9 25 8
46 2 8
x
56 3 3
x
43 16 5
x
x
32 23 0
33 16 4
51 0 14
9 10 0
x
45 30 9
49 0 12
32 6 20
x
11 29 16
55 0 14
x
x
x
x
x
39 40 23
x
x
50 5 3
50 3 6
